0.6530 	WARNING 	We strongly recommend you activate the PTB sound engine in PsychoPy prefs as the preferred audio engine. Its timing is vastly superior. Your prefs are currently set to use ['sounddevice', 'PTB', 'pyo', 'pygame'] (in that order).
2.0589 	WARNING 	Import Error: No module named 'psychtoolbox'. Using event module for keyboard component.
7.4540 	EXP 	Created window1 = Window(allowGUI=False, allowStencil=False, args=UNKNOWN, autoLog=True, bitsMode=UNKNOWN, blendMode='avg', bpc=(8, 8, 8), color=array([-1., -1., -1.]), colorSpace='rgb', depthBits=8, fullscr=<method-wrapper '__getattribute__' of attributeSetter object at 0x0000025E52D430D0>, gamma=None, gammaErrorPolicy='raise', kwargs=UNKNOWN, lms=UNKNOWN, monitor=<psychopy.monitors.calibTools.Monitor object at 0x0000025E52E10580>, multiSample=False, name='window1', numSamples=2, pos=[0.0, 0.0], screen=0, size=array([1920, 1080]), stencilBits=0, stereo=False, units='height', useFBO=True, useRetina=False, viewOri=0.0, viewPos=None, viewScale=None, waitBlanking=True, winType='pyglet')
7.4541 	EXP 	window1: mouseVisible = True
7.4541 	EXP 	window1: recordFrameIntervals = False
7.5369 	EXP 	window1: recordFrameIntervals = True
7.6392 	WARNING 	t of last frame was 43.92ms (=1/22)
7.6536 	WARNING 	t of last frame was 14.34ms (=1/69)
7.7372 	EXP 	window1: recordFrameIntervals = False
10.4822 	EXP 	Created instructions = TextStim(__class__=<class 'psychopy.visual.text.TextStim'>, alignHoriz=method-wrapper(...), alignText='center', alignVert=method-wrapper(...), anchorHoriz='center', anchorVert='center', antialias=True, autoLog=True, bold=False, color='white', colorSpace='named', contrast=1.0, depth=0.0, flipHoriz=False, flipVert=False, font='Arial', fontFiles=[], height=0.1, italic=False, languageStyle='LTR', name='instructions', opacity=1.0, ori=0, pos=array([0., 0.]), rgb=array([255., 255., 255.]), text='Welcome, this is the instructions!', units='height', win=Window(...), wrapWidth=1)
10.4834 	EXP 	Created blank_img = ImageStim(__class__=<class 'psychopy.visual.image.ImageStim'>, autoLog=True, color=array([1., 1., 1.]), colorSpace='rgb', contrast=1.0, depth=0.0, flipHoriz=False, flipVert=False, image=None, interpolate=True, mask=None, maskParams=None, name='blank_img', opacity=1.0, ori=0.0, pos=array([0., 0.]), size=array([0.5, 0.5]), texRes=128, units='height', win=Window(...))
10.4900 	EXP 	Created pause = TextStim(__class__=<class 'psychopy.visual.text.TextStim'>, alignHoriz=method-wrapper(...), alignText='center', alignVert=method-wrapper(...), anchorHoriz='center', anchorVert='center', antialias=True, autoLog=True, bold=False, color='white', colorSpace='named', contrast=1.0, depth=0.0, flipHoriz=False, flipVert=False, font='Arial', fontFiles=[], height=0.1, italic=False, languageStyle='LTR', name='pause', opacity=1.0, ori=0, pos=array([0., 0.]), rgb=array([255., 255., 255.]), text='PAUSE', units='height', win=Window(...), wrapWidth=1)
10.4910 	EXP 	Created indicate1 = Rect(__class__=<class 'psychopy.visual.rect.Rect'>, autoDraw=False, autoLog=True, closeShape=True, color=method-wrapper(...), colorSpace=None, contrast=1.0, depth=-1.0, fillColor=array([1., 1., 1.]), fillColorSpace='rgb', fillRGB=array([1., 1., 1.]), interpolate=True, lineColor=array([1., 0., 0.]), lineColorSpace='rgb', lineRGB=array([1., 0., 0.]), lineWidth=1, name='indicate1', opacity=1.0, ori=array(0.), pos=array([  0., 400.]), size=array([200., 200.]), units='pix', vertices=ndarray(...), win=Window(...))
10.4925 	EXP 	Created indcate2 = Rect(__class__=<class 'psychopy.visual.rect.Rect'>, autoDraw=False, autoLog=True, closeShape=True, color=method-wrapper(...), colorSpace=None, contrast=1.0, depth=-2.0, fillColor=array([1., 1., 1.]), fillColorSpace='rgb', fillRGB=array([1., 1., 1.]), interpolate=True, lineColor=array([1., 0., 0.]), lineColorSpace='rgb', lineRGB=array([1., 0., 0.]), lineWidth=1, name='indcate2', opacity=1.0, ori=array(0.), pos=array([-400.,    0.]), size=array([200., 200.]), units='pix', vertices=ndarray(...), win=Window(...))
10.4934 	EXP 	Created indcate3 = Rect(__class__=<class 'psychopy.visual.rect.Rect'>, autoDraw=False, autoLog=True, closeShape=True, color=method-wrapper(...), colorSpace=None, contrast=1.0, depth=-3.0, fillColor=array([1., 1., 1.]), fillColorSpace='rgb', fillRGB=array([1., 1., 1.]), interpolate=True, lineColor=array([1., 0., 0.]), lineColorSpace='rgb', lineRGB=array([1., 0., 0.]), lineWidth=1, name='indcate3', opacity=1.0, ori=array(0.), pos=array([400.,   0.]), size=array([200., 200.]), units='pix', vertices=ndarray(...), win=Window(...))
10.4943 	EXP 	Created indicate4 = Rect(__class__=<class 'psychopy.visual.rect.Rect'>, autoDraw=False, autoLog=True, closeShape=True, color=method-wrapper(...), colorSpace=None, contrast=1.0, depth=-4.0, fillColor=array([1., 1., 1.]), fillColorSpace='rgb', fillRGB=array([1., 1., 1.]), interpolate=True, lineColor=array([1., 0., 0.]), lineColorSpace='rgb', lineRGB=array([1., 0., 0.]), lineWidth=1, name='indicate4', opacity=1.0, ori=array(0.), pos=array([   0., -400.]), size=array([200., 200.]), units='pix', vertices=ndarray(...), win=Window(...))
10.7580 	EXP 	Created square1 = Rect(__class__=<class 'psychopy.visual.rect.Rect'>, autoDraw=False, autoLog=True, closeShape=True, color=method-wrapper(...), colorSpace=None, contrast=1.0, depth=-1.0, fillColor=array([1., 1., 1.]), fillColorSpace='rgb', fillRGB=array([1., 1., 1.]), interpolate=True, lineColor=array([1., 1., 1.]), lineColorSpace='rgb', lineRGB=array([1., 1., 1.]), lineWidth=1, name='square1', opacity=1.0, ori=array(0.), pos=array([  0., 400.]), size=array([200., 200.]), units='pix', vertices=ndarray(...), win=Window(...))
10.7593 	EXP 	Created square2 = Rect(__class__=<class 'psychopy.visual.rect.Rect'>, autoDraw=False, autoLog=True, closeShape=True, color=method-wrapper(...), colorSpace=None, contrast=1.0, depth=-2.0, fillColor=array([1., 1., 1.]), fillColorSpace='rgb', fillRGB=array([1., 1., 1.]), interpolate=True, lineColor=array([1., 1., 1.]), lineColorSpace='rgb', lineRGB=array([1., 1., 1.]), lineWidth=1, name='square2', opacity=1.0, ori=array(0.), pos=array([-400.,    0.]), size=array([200., 200.]), units='pix', vertices=ndarray(...), win=Window(...))
10.7602 	EXP 	Created square3 = Rect(__class__=<class 'psychopy.visual.rect.Rect'>, autoDraw=False, autoLog=True, closeShape=True, color=method-wrapper(...), colorSpace=None, contrast=1.0, depth=-3.0, fillColor=array([1., 1., 1.]), fillColorSpace='rgb', fillRGB=array([1., 1., 1.]), interpolate=True, lineColor=array([1., 1., 1.]), lineColorSpace='rgb', lineRGB=array([1., 1., 1.]), lineWidth=1, name='square3', opacity=1.0, ori=array(0.), pos=array([400.,   0.]), size=array([200., 200.]), units='pix', vertices=ndarray(...), win=Window(...))
10.7612 	EXP 	Created square4 = Rect(__class__=<class 'psychopy.visual.rect.Rect'>, autoDraw=False, autoLog=True, closeShape=True, color=method-wrapper(...), colorSpace=None, contrast=1.0, depth=-4.0, fillColor=array([1., 1., 1.]), fillColorSpace='rgb', fillRGB=array([1., 1., 1.]), interpolate=True, lineColor=array([1., 1., 1.]), lineColorSpace='rgb', lineRGB=array([1., 1., 1.]), lineWidth=1, name='square4', opacity=1.0, ori=array(0.), pos=array([   0., -400.]), size=array([200., 200.]), units='pix', vertices=ndarray(...), win=Window(...))
10.7623 	EXP 	Created blank_img = ImageStim(__class__=<class 'psychopy.visual.image.ImageStim'>, autoLog=True, color=array([1., 1., 1.]), colorSpace='rgb', contrast=1.0, depth=0.0, flipHoriz=False, flipVert=False, image=None, interpolate=True, mask=None, maskParams=None, name='blank_img', opacity=1.0, ori=0.0, pos=array([0., 0.]), size=array([0.5, 0.5]), texRes=128, units='height', win=Window(...))
10.7631 	DATA 	Mouse: Left button down, pos=(845,314)
10.7632 	DATA 	Mouse:  Left button up, pos=(845,314)
10.7877 	EXP 	instructions: autoDraw = True
11.4883 	DATA 	Keypress: right
11.4887 	EXP 	Created sequence: sequential, trialTypes=1, nReps=3, seed=None
11.4888 	EXP 	New trial (rep=0, index=0): None
11.4962 	EXP 	instructions: autoDraw = False
11.4962 	EXP 	blank_img: autoDraw = True
12.4949 	EXP 	Imported conditions.xlsx as conditions, 4 conditions, 4 params
12.4951 	EXP 	Created sequence: random, trialTypes=4, nReps=1, seed=None
12.4953 	EXP 	New trial (rep=0, index=0): OrderedDict([('color1', [1, 0, 0]), ('color2', [1, 1, 1]), ('color3', [1, 1, 1]), ('color4', [1, 1, 1])])
12.4992 	EXP 	blank_img: autoDraw = False
12.4992 	EXP 	blank_img: autoDraw = False
12.4992 	EXP 	indicate1: fillColor = '[1. 0. 0.] (rgb)'
12.4992 	EXP 	indcate2: fillColor = '[1. 1. 1.] (rgb)'
12.4992 	EXP 	indcate3: fillColor = '[1. 1. 1.] (rgb)'
12.4992 	EXP 	indicate4: fillColor = '[1. 1. 1.] (rgb)'
12.4992 	EXP 	pause: autoDraw = True
12.4992 	EXP 	indicate1: autoDraw = True
12.4992 	EXP 	indcate2: autoDraw = True
12.4992 	EXP 	indcate3: autoDraw = True
12.4992 	EXP 	indicate4: autoDraw = True
13.5049 	EXP 	pause: autoDraw = False
13.5049 	EXP 	indicate1: autoDraw = False
13.5049 	EXP 	indcate2: autoDraw = False
13.5049 	EXP 	indcate3: autoDraw = False
13.5049 	EXP 	indicate4: autoDraw = False
13.5049 	EXP 	square1: autoDraw = True
13.5049 	EXP 	square2: autoDraw = True
13.5049 	EXP 	square3: autoDraw = True
13.5049 	EXP 	square4: autoDraw = True
16.4915 	EXP 	New trial (rep=0, index=1): OrderedDict([('color1', [1, 1, 1]), ('color2', [1, 0, 0]), ('color3', [1, 1, 1]), ('color4', [1, 1, 1])])
16.4987 	EXP 	square1: autoDraw = False
16.4987 	EXP 	square2: autoDraw = False
16.4987 	EXP 	square3: autoDraw = False
16.4987 	EXP 	square4: autoDraw = False
16.4987 	EXP 	indicate1: fillColor = '[1. 1. 1.] (rgb)'
16.4987 	EXP 	indcate2: fillColor = '[1. 0. 0.] (rgb)'
16.4987 	EXP 	indcate3: fillColor = '[1. 1. 1.] (rgb)'
16.4987 	EXP 	indicate4: fillColor = '[1. 1. 1.] (rgb)'
16.4987 	EXP 	pause: autoDraw = True
16.4987 	EXP 	indicate1: autoDraw = True
16.4987 	EXP 	indcate2: autoDraw = True
16.4987 	EXP 	indcate3: autoDraw = True
16.4987 	EXP 	indicate4: autoDraw = True
17.5008 	EXP 	pause: autoDraw = False
17.5008 	EXP 	indicate1: autoDraw = False
17.5008 	EXP 	indcate2: autoDraw = False
17.5008 	EXP 	indcate3: autoDraw = False
17.5008 	EXP 	indicate4: autoDraw = False
17.5008 	EXP 	square1: autoDraw = True
17.5008 	EXP 	square2: autoDraw = True
17.5008 	EXP 	square3: autoDraw = True
17.5008 	EXP 	square4: autoDraw = True
18.2614 	DATA 	Keypress: lctrl
18.5956 	DATA 	Keypress: c
19.0638 	DATA 	Mouse: Left button down, pos=(819,333)
19.1554 	DATA 	Mouse:  Left button up, pos=(819,333)
19.2973 	DATA 	Keypress: lctrl
19.3891 	DATA 	Keypress: c
19.5728 	DATA 	Keypress: c
20.4921 	EXP 	New trial (rep=0, index=2): OrderedDict([('color1', [1, 1, 1]), ('color2', [1, 1, 1]), ('color3', [1, 0, 0]), ('color4', [1, 1, 1])])
20.4995 	EXP 	square1: autoDraw = False
20.4995 	EXP 	square2: autoDraw = False
20.4995 	EXP 	square3: autoDraw = False
20.4995 	EXP 	square4: autoDraw = False
20.4995 	EXP 	indicate1: fillColor = '[1. 1. 1.] (rgb)'
20.4995 	EXP 	indcate2: fillColor = '[1. 1. 1.] (rgb)'
20.4995 	EXP 	indcate3: fillColor = '[1. 0. 0.] (rgb)'
20.4995 	EXP 	indicate4: fillColor = '[1. 1. 1.] (rgb)'
20.4995 	EXP 	pause: autoDraw = True
20.4995 	EXP 	indicate1: autoDraw = True
20.4995 	EXP 	indcate2: autoDraw = True
20.4995 	EXP 	indcate3: autoDraw = True
20.4995 	EXP 	indicate4: autoDraw = True
20.6834 	DATA 	Keypress: escape
20.7942 	EXP 	window1: mouseVisible = True
