0.2705 	WARNING 	We strongly recommend you activate the PTB sound engine in PsychoPy prefs as the preferred audio engine. Its timing is vastly superior. Your prefs are currently set to use ['sounddevice', 'PTB', 'pyo', 'pygame'] (in that order).
1.5325 	WARNING 	Import Error: No module named 'psychtoolbox'. Using event module for keyboard component.
8.2506 	WARNING 	User requested fullscreen with size [1920 1080], but screen is actually [3440, 1440]. Using actual size
8.5554 	WARNING 	Framebuffer object (FBO) not supported on this graphics card
8.6626 	EXP 	Created window1 = Window(allowGUI=False, allowStencil=False, args=UNKNOWN, autoLog=True, bitsMode=UNKNOWN, blendMode='avg', bpc=UNKNOWN, color=array([-1., -1., -1.]), colorSpace='rgb', depthBits=UNKNOWN, fullscr=<method-wrapper '__getattribute__' of attributeSetter object at 0x00000209DCAE1DF0>, gamma=None, gammaErrorPolicy='raise', kwargs=UNKNOWN, lms=UNKNOWN, monitor=<psychopy.monitors.calibTools.Monitor object at 0x00000209DCB42D00>, multiSample=False, name='window1', numSamples=2, pos=None, screen=2, size=array([3440, 1440]), stencilBits=UNKNOWN, stereo=False, units='height', useFBO=False, useRetina=False, viewOri=0.0, viewPos=None, viewScale=None, waitBlanking=True, winType='pygame')
8.6631 	EXP 	window1: mouseVisible = True
8.6631 	EXP 	window1: recordFrameIntervals = False
8.6745 	EXP 	window1: recordFrameIntervals = True
8.6854 	EXP 	window1: recordFrameIntervals = False
8.7063 	EXP 	Created square1 = Rect(__class__=<class 'psychopy.visual.rect.Rect'>, autoDraw=False, autoLog=True, closeShape=True, color=method-wrapper(...), colorSpace=None, contrast=1.0, depth=-1.0, fillColor=array([1., 1., 1.]), fillColorSpace='rgb', fillRGB=array([1., 1., 1.]), interpolate=True, lineColor=array([1., 1., 1.]), lineColorSpace='rgb', lineRGB=array([1., 1., 1.]), lineWidth=1, name='square1', opacity=1.0, ori=array(0.), pos=array([  0., 400.]), size=array([200., 200.]), units='pix', vertices=ndarray(...), win=Window(...))
8.7074 	EXP 	Created square2 = Rect(__class__=<class 'psychopy.visual.rect.Rect'>, autoDraw=False, autoLog=True, closeShape=True, color=method-wrapper(...), colorSpace=None, contrast=1.0, depth=-2.0, fillColor=array([1., 1., 1.]), fillColorSpace='rgb', fillRGB=array([1., 1., 1.]), interpolate=True, lineColor=array([1., 1., 1.]), lineColorSpace='rgb', lineRGB=array([1., 1., 1.]), lineWidth=1, name='square2', opacity=1.0, ori=array(0.), pos=array([-400.,    0.]), size=array([200., 200.]), units='pix', vertices=ndarray(...), win=Window(...))
8.7085 	EXP 	Created square3 = Rect(__class__=<class 'psychopy.visual.rect.Rect'>, autoDraw=False, autoLog=True, closeShape=True, color=method-wrapper(...), colorSpace=None, contrast=1.0, depth=-3.0, fillColor=array([1., 1., 1.]), fillColorSpace='rgb', fillRGB=array([1., 1., 1.]), interpolate=True, lineColor=array([1., 1., 1.]), lineColorSpace='rgb', lineRGB=array([1., 1., 1.]), lineWidth=1, name='square3', opacity=1.0, ori=array(0.), pos=array([400.,   0.]), size=array([200., 200.]), units='pix', vertices=ndarray(...), win=Window(...))
8.7096 	EXP 	Created square4 = Rect(__class__=<class 'psychopy.visual.rect.Rect'>, autoDraw=False, autoLog=True, closeShape=True, color=method-wrapper(...), colorSpace=None, contrast=1.0, depth=-4.0, fillColor=array([1., 1., 1.]), fillColorSpace='rgb', fillRGB=array([1., 1., 1.]), interpolate=True, lineColor=array([1., 1., 1.]), lineColorSpace='rgb', lineRGB=array([1., 1., 1.]), lineWidth=1, name='square4', opacity=1.0, ori=array(0.), pos=array([   0., -400.]), size=array([200., 200.]), units='pix', vertices=ndarray(...), win=Window(...))
8.7173 	EXP 	Created image = ImageStim(__class__=<class 'psychopy.visual.image.ImageStim'>, autoLog=True, color=array([1., 1., 1.]), colorSpace='rgb', contrast=1.0, depth=-6.0, flipHoriz=False, flipVert=False, image='sin', interpolate=True, mask=None, maskParams=None, name='image', opacity=1.0, ori=0.0, pos=array([0., 0.]), size=array([0.3, 0.3]), texRes=128, units='height', win=Window(...))
8.7244 	EXP 	image: image = 'game.jpg'
8.7244 	EXP 	image: image = 'game.jpg'
8.7244 	EXP 	square1: autoDraw = True
8.7244 	EXP 	square2: autoDraw = True
8.7244 	EXP 	square3: autoDraw = True
8.7244 	EXP 	square4: autoDraw = True
8.7244 	EXP 	image: autoDraw = True
8.7281 	EXP 	image: image = 'game.jpg'
8.7329 	EXP 	image: image = 'game.jpg'
8.7373 	EXP 	image: image = 'game.jpg'
8.7413 	EXP 	image: image = 'game.jpg'
8.7456 	EXP 	image: image = 'game.jpg'
8.7502 	EXP 	image: image = 'game.jpg'
8.7547 	EXP 	image: image = 'game.jpg'
8.7598 	EXP 	image: image = 'game.jpg'
8.7649 	EXP 	image: image = 'game.jpg'
8.7696 	EXP 	image: image = 'game.jpg'
8.7736 	EXP 	image: image = 'game.jpg'
8.7777 	EXP 	image: image = 'game.jpg'
8.7822 	EXP 	image: image = 'game.jpg'
8.7867 	EXP 	image: image = 'game.jpg'
8.7906 	EXP 	image: image = 'game.jpg'
8.7945 	EXP 	image: image = 'game.jpg'
8.7997 	EXP 	image: image = 'game.jpg'
8.8037 	EXP 	image: image = 'game.jpg'
8.8076 	EXP 	image: image = 'game.jpg'
8.8115 	EXP 	image: image = 'game.jpg'
8.8167 	EXP 	image: image = 'game.jpg'
8.8228 	EXP 	image: image = 'game.jpg'
8.8292 	EXP 	image: image = 'game.jpg'
8.8345 	EXP 	image: image = 'game.jpg'
8.8385 	EXP 	image: image = 'game.jpg'
8.8426 	EXP 	image: image = 'game.jpg'
8.8466 	EXP 	image: image = 'game.jpg'
8.8509 	EXP 	image: image = 'game.jpg'
8.8548 	EXP 	image: image = 'game.jpg'
8.8581 	EXP 	image: image = 'game.jpg'
8.8616 	EXP 	image: image = 'game.jpg'
8.8661 	EXP 	image: image = 'game.jpg'
8.8698 	EXP 	image: image = 'game.jpg'
8.8730 	EXP 	image: image = 'game.jpg'
8.8764 	EXP 	image: image = 'game.jpg'
8.8808 	EXP 	image: image = 'game.jpg'
8.8844 	EXP 	image: image = 'game.jpg'
8.8875 	EXP 	image: image = 'game.jpg'
8.8908 	EXP 	image: image = 'game.jpg'
8.8939 	EXP 	image: image = 'game.jpg'
8.8970 	EXP 	image: image = 'game.jpg'
8.9009 	EXP 	image: image = 'game.jpg'
8.9046 	EXP 	image: image = 'game.jpg'
8.9082 	EXP 	image: image = 'game.jpg'
8.9117 	EXP 	image: image = 'game.jpg'
8.9152 	EXP 	image: image = 'game.jpg'
8.9188 	EXP 	image: image = 'game.jpg'
8.9221 	EXP 	image: image = 'game.jpg'
8.9256 	EXP 	image: image = 'game.jpg'
8.9289 	EXP 	image: image = 'game.jpg'
8.9325 	EXP 	image: image = 'game.jpg'
8.9364 	EXP 	image: image = 'game.jpg'
8.9399 	EXP 	image: image = 'game.jpg'
8.9431 	EXP 	image: image = 'game.jpg'
8.9463 	EXP 	image: image = 'game.jpg'
8.9494 	EXP 	image: image = 'game.jpg'
8.9530 	EXP 	image: image = 'game.jpg'
8.9568 	EXP 	image: image = 'game.jpg'
8.9599 	EXP 	image: image = 'game.jpg'
8.9630 	EXP 	image: image = 'game.jpg'
8.9666 	EXP 	image: image = 'game.jpg'
8.9699 	EXP 	image: image = 'game.jpg'
8.9733 	EXP 	image: image = 'game.jpg'
8.9766 	EXP 	image: image = 'game.jpg'
8.9798 	EXP 	image: image = 'game.jpg'
8.9839 	EXP 	image: image = 'game.jpg'
8.9870 	EXP 	image: image = 'game.jpg'
8.9900 	EXP 	image: image = 'game.jpg'
8.9930 	EXP 	image: image = 'game.jpg'
8.9959 	EXP 	image: image = 'game.jpg'
8.9998 	EXP 	image: image = 'game.jpg'
9.0030 	EXP 	image: image = 'game.jpg'
9.0059 	EXP 	image: image = 'game.jpg'
9.0089 	EXP 	image: image = 'game.jpg'
9.0120 	EXP 	image: image = 'game.jpg'
9.0157 	EXP 	image: image = 'game.jpg'
9.0196 	EXP 	image: image = 'game.jpg'
9.0229 	EXP 	image: image = 'game.jpg'
9.0261 	EXP 	image: image = 'game.jpg'
9.0306 	EXP 	image: image = 'game.jpg'
9.0345 	EXP 	image: image = 'game.jpg'
9.0376 	EXP 	image: image = 'game.jpg'
9.0407 	EXP 	image: image = 'game.jpg'
9.0437 	EXP 	image: image = 'game.jpg'
9.0471 	EXP 	image: image = 'game.jpg'
9.0504 	EXP 	image: image = 'game.jpg'
9.0536 	EXP 	image: image = 'game.jpg'
9.0567 	EXP 	image: image = 'game.jpg'
9.0602 	EXP 	image: image = 'game.jpg'
9.0646 	EXP 	image: image = 'game.jpg'
9.0680 	EXP 	image: image = 'game.jpg'
9.0710 	EXP 	image: image = 'game.jpg'
9.0739 	EXP 	image: image = 'game.jpg'
9.0770 	EXP 	image: image = 'game.jpg'
9.0800 	EXP 	image: image = 'game.jpg'
9.0840 	EXP 	image: image = 'game.jpg'
9.0872 	EXP 	image: image = 'game.jpg'
9.0901 	EXP 	image: image = 'game.jpg'
9.0931 	EXP 	image: image = 'game.jpg'
9.0960 	EXP 	image: image = 'game.jpg'
9.1000 	EXP 	image: image = 'game.jpg'
9.1032 	EXP 	image: image = 'game.jpg'
9.1061 	EXP 	image: image = 'game.jpg'
9.1094 	EXP 	image: image = 'game.jpg'
9.1128 	EXP 	image: image = 'game.jpg'
9.1162 	EXP 	image: image = 'game.jpg'
9.1194 	EXP 	image: image = 'game.jpg'
9.1226 	EXP 	image: image = 'game.jpg'
9.1258 	EXP 	image: image = 'game.jpg'
9.1289 	EXP 	image: image = 'game.jpg'
9.1335 	EXP 	image: image = 'game.jpg'
9.1368 	EXP 	image: image = 'game.jpg'
9.1398 	EXP 	image: image = 'game.jpg'
9.1431 	EXP 	image: image = 'game.jpg'
9.1461 	EXP 	image: image = 'game.jpg'
9.1494 	EXP 	image: image = 'game.jpg'
9.1528 	EXP 	image: image = 'game.jpg'
9.1559 	EXP 	image: image = 'game.jpg'
9.1597 	EXP 	image: image = 'game.jpg'
9.1629 	EXP 	image: image = 'game.jpg'
9.1664 	EXP 	image: image = 'game.jpg'
9.1699 	EXP 	image: image = 'game.jpg'
9.1729 	EXP 	image: image = 'game.jpg'
9.1780 	EXP 	image: image = 'game.jpg'
9.1841 	EXP 	image: image = 'game.jpg'
9.1889 	EXP 	image: image = 'game.jpg'
9.1926 	EXP 	image: image = 'game.jpg'
9.1956 	EXP 	image: image = 'game.jpg'
9.1998 	EXP 	image: image = 'game.jpg'
9.2030 	EXP 	image: image = 'game.jpg'
9.2067 	EXP 	image: image = 'game.jpg'
9.2097 	EXP 	image: image = 'game.jpg'
9.2128 	EXP 	image: image = 'game.jpg'
9.2161 	EXP 	image: image = 'game.jpg'
9.2197 	EXP 	image: image = 'game.jpg'
9.2229 	EXP 	image: image = 'game.jpg'
9.2259 	EXP 	image: image = 'game.jpg'
9.2289 	EXP 	image: image = 'game.jpg'
9.2325 	EXP 	image: image = 'game.jpg'
9.2358 	EXP 	image: image = 'game.jpg'
9.2390 	EXP 	image: image = 'game.jpg'
9.2420 	EXP 	image: image = 'game.jpg'
9.2453 	EXP 	image: image = 'game.jpg'
9.2488 	EXP 	image: image = 'game.jpg'
9.2527 	EXP 	image: image = 'game.jpg'
9.2559 	EXP 	image: image = 'game.jpg'
9.2587 	EXP 	image: image = 'game.jpg'
9.2621 	EXP 	image: image = 'game.jpg'
9.2661 	EXP 	image: image = 'game.jpg'
9.2704 	EXP 	image: image = 'game.jpg'
9.2748 	EXP 	image: image = 'game.jpg'
9.2781 	EXP 	image: image = 'game.jpg'
9.2821 	EXP 	image: image = 'game.jpg'
9.2858 	EXP 	image: image = 'game.jpg'
9.2890 	EXP 	image: image = 'game.jpg'
9.2929 	EXP 	image: image = 'game.jpg'
9.2968 	EXP 	image: image = 'game.jpg'
9.3024 	EXP 	image: image = 'game.jpg'
9.3057 	EXP 	image: image = 'game.jpg'
9.3089 	EXP 	image: image = 'game.jpg'
9.3124 	EXP 	image: image = 'game.jpg'
9.3162 	EXP 	image: image = 'game.jpg'
9.3197 	EXP 	image: image = 'game.jpg'
9.3230 	EXP 	image: image = 'game.jpg'
9.3262 	EXP 	image: image = 'game.jpg'
9.3294 	EXP 	image: image = 'game.jpg'
9.3333 	EXP 	image: image = 'game.jpg'
9.3365 	EXP 	image: image = 'game.jpg'
9.3403 	EXP 	image: image = 'game.jpg'
9.3436 	EXP 	image: image = 'game.jpg'
9.3474 	EXP 	image: image = 'game.jpg'
9.3507 	EXP 	image: image = 'game.jpg'
9.3541 	EXP 	image: image = 'game.jpg'
9.3584 	EXP 	image: image = 'game.jpg'
9.3618 	EXP 	image: image = 'game.jpg'
9.3653 	EXP 	image: image = 'game.jpg'
9.3689 	EXP 	image: image = 'game.jpg'
9.3736 	EXP 	image: image = 'game.jpg'
9.3768 	EXP 	image: image = 'game.jpg'
9.3808 	EXP 	image: image = 'game.jpg'
9.3845 	EXP 	image: image = 'game.jpg'
9.3879 	EXP 	image: image = 'game.jpg'
9.3911 	EXP 	image: image = 'game.jpg'
9.3944 	EXP 	image: image = 'game.jpg'
9.3978 	EXP 	image: image = 'game.jpg'
9.4017 	EXP 	image: image = 'game.jpg'
9.4047 	EXP 	image: image = 'game.jpg'
9.4082 	EXP 	image: image = 'game.jpg'
9.4112 	EXP 	image: image = 'game.jpg'
9.4145 	EXP 	image: image = 'game.jpg'
9.4179 	EXP 	image: image = 'game.jpg'
9.4210 	EXP 	image: image = 'game.jpg'
9.4240 	EXP 	image: image = 'game.jpg'
9.4269 	EXP 	image: image = 'game.jpg'
9.4304 	EXP 	image: image = 'game.jpg'
9.4339 	EXP 	image: image = 'game.jpg'
9.4370 	EXP 	image: image = 'game.jpg'
9.4402 	EXP 	image: image = 'game.jpg'
9.4434 	EXP 	image: image = 'game.jpg'
9.4466 	EXP 	image: image = 'game.jpg'
9.4501 	EXP 	image: image = 'game.jpg'
9.4538 	EXP 	image: image = 'game.jpg'
9.4570 	EXP 	image: image = 'game.jpg'
9.4598 	EXP 	image: image = 'game.jpg'
9.4633 	EXP 	image: image = 'game.jpg'
9.4669 	EXP 	image: image = 'game.jpg'
9.4703 	EXP 	image: image = 'game.jpg'
9.4736 	EXP 	image: image = 'game.jpg'
9.4766 	EXP 	image: image = 'game.jpg'
9.4797 	EXP 	image: image = 'game.jpg'
9.4831 	EXP 	image: image = 'game.jpg'
9.4863 	EXP 	image: image = 'game.jpg'
9.4892 	EXP 	image: image = 'game.jpg'
9.4923 	EXP 	image: image = 'game.jpg'
9.4954 	EXP 	image: image = 'game.jpg'
9.4987 	EXP 	image: image = 'game.jpg'
9.5023 	EXP 	image: image = 'game.jpg'
9.5056 	EXP 	image: image = 'game.jpg'
9.5087 	EXP 	image: image = 'game.jpg'
9.5121 	EXP 	image: image = 'game.jpg'
9.5158 	EXP 	image: image = 'game.jpg'
9.5193 	EXP 	image: image = 'game.jpg'
9.5226 	EXP 	image: image = 'game.jpg'
9.5260 	EXP 	image: image = 'game.jpg'
9.5291 	EXP 	image: image = 'game.jpg'
9.5325 	EXP 	image: image = 'game.jpg'
9.5361 	EXP 	image: image = 'game.jpg'
9.5393 	EXP 	image: image = 'game.jpg'
9.5425 	EXP 	image: image = 'game.jpg'
9.5455 	EXP 	image: image = 'game.jpg'
9.5487 	EXP 	image: image = 'game.jpg'
9.5522 	EXP 	image: image = 'game.jpg'
9.5554 	EXP 	image: image = 'game.jpg'
9.5586 	EXP 	image: image = 'game.jpg'
9.5617 	EXP 	image: image = 'game.jpg'
9.5655 	EXP 	image: image = 'game.jpg'
9.5689 	EXP 	image: image = 'game.jpg'
9.5721 	EXP 	image: image = 'game.jpg'
9.5751 	EXP 	image: image = 'game.jpg'
9.5780 	EXP 	image: image = 'game.jpg'
9.5814 	EXP 	image: image = 'game.jpg'
9.5856 	EXP 	image: image = 'game.jpg'
9.5902 	EXP 	image: image = 'game.jpg'
9.5932 	EXP 	image: image = 'game.jpg'
9.5963 	EXP 	image: image = 'game.jpg'
9.6012 	EXP 	image: image = 'game.jpg'
9.6049 	EXP 	image: image = 'game.jpg'
9.6080 	EXP 	image: image = 'game.jpg'
9.6111 	EXP 	image: image = 'game.jpg'
9.6144 	EXP 	image: image = 'game.jpg'
9.6176 	EXP 	image: image = 'game.jpg'
9.6208 	EXP 	image: image = 'game.jpg'
9.6238 	EXP 	image: image = 'game.jpg'
9.6269 	EXP 	image: image = 'game.jpg'
9.6298 	EXP 	image: image = 'game.jpg'
9.6331 	EXP 	image: image = 'game.jpg'
9.6366 	EXP 	image: image = 'game.jpg'
9.6399 	EXP 	image: image = 'game.jpg'
9.6433 	EXP 	image: image = 'game.jpg'
9.6471 	EXP 	image: image = 'game.jpg'
9.6505 	EXP 	image: image = 'game.jpg'
9.6540 	EXP 	image: image = 'game.jpg'
9.6573 	EXP 	image: image = 'game.jpg'
9.6604 	EXP 	image: image = 'game.jpg'
9.6639 	EXP 	image: image = 'game.jpg'
9.6686 	EXP 	image: image = 'game.jpg'
9.6721 	EXP 	image: image = 'game.jpg'
9.6755 	EXP 	image: image = 'game.jpg'
9.6786 	EXP 	image: image = 'game.jpg'
9.6828 	EXP 	image: image = 'game.jpg'
9.6862 	EXP 	image: image = 'game.jpg'
9.6893 	EXP 	image: image = 'game.jpg'
9.6926 	EXP 	image: image = 'game.jpg'
9.6958 	EXP 	image: image = 'game.jpg'
9.6999 	EXP 	image: image = 'game.jpg'
9.7032 	EXP 	image: image = 'game.jpg'
9.7062 	EXP 	image: image = 'game.jpg'
9.7094 	EXP 	image: image = 'game.jpg'
9.7126 	EXP 	image: image = 'game.jpg'
9.7164 	EXP 	image: image = 'game.jpg'
9.7204 	EXP 	image: image = 'game.jpg'
9.7234 	EXP 	image: image = 'game.jpg'
9.7263 	EXP 	image: image = 'game.jpg'
9.7294 	EXP 	image: image = 'game.jpg'
9.7327 	EXP 	image: image = 'game.jpg'
9.7361 	EXP 	image: image = 'game.jpg'
9.7393 	EXP 	image: image = 'game.jpg'
9.7429 	EXP 	image: image = 'game.jpg'
9.7466 	EXP 	image: image = 'game.jpg'
9.7497 	EXP 	image: image = 'game.jpg'
9.7528 	EXP 	image: image = 'game.jpg'
9.7557 	EXP 	image: image = 'game.jpg'
9.7587 	EXP 	image: image = 'game.jpg'
9.7618 	EXP 	image: image = 'game.jpg'
9.7647 	EXP 	image: image = 'game.jpg'
9.7676 	EXP 	image: image = 'game.jpg'
9.7708 	EXP 	image: image = 'game.jpg'
9.7744 	EXP 	image: image = 'game.jpg'
9.7780 	EXP 	image: image = 'game.jpg'
9.7812 	EXP 	image: image = 'game.jpg'
9.7843 	EXP 	image: image = 'game.jpg'
9.7874 	EXP 	image: image = 'game.jpg'
9.7918 	EXP 	image: image = 'game.jpg'
9.7962 	EXP 	image: image = 'game.jpg'
9.8000 	EXP 	image: image = 'game.jpg'
9.8037 	EXP 	image: image = 'game.jpg'
9.8068 	EXP 	image: image = 'game.jpg'
9.8098 	EXP 	image: image = 'game.jpg'
9.8130 	EXP 	image: image = 'game.jpg'
9.8160 	EXP 	image: image = 'game.jpg'
9.8190 	EXP 	image: image = 'game.jpg'
9.8227 	EXP 	image: image = 'game.jpg'
9.8261 	EXP 	image: image = 'game.jpg'
9.8294 	EXP 	image: image = 'game.jpg'
9.8326 	EXP 	image: image = 'game.jpg'
9.8374 	EXP 	image: image = 'game.jpg'
9.8407 	EXP 	image: image = 'game.jpg'
9.8438 	EXP 	image: image = 'game.jpg'
9.8470 	EXP 	image: image = 'game.jpg'
9.8500 	EXP 	image: image = 'game.jpg'
9.8533 	EXP 	image: image = 'game.jpg'
9.8562 	EXP 	image: image = 'game.jpg'
9.8589 	EXP 	image: image = 'game.jpg'
9.8618 	EXP 	image: image = 'game.jpg'
9.8648 	EXP 	image: image = 'game.jpg'
9.8687 	EXP 	image: image = 'game.jpg'
9.8720 	EXP 	image: image = 'game.jpg'
9.8750 	EXP 	image: image = 'game.jpg'
9.8781 	EXP 	image: image = 'game.jpg'
9.8811 	EXP 	image: image = 'game.jpg'
9.8843 	EXP 	image: image = 'game.jpg'
9.8874 	EXP 	image: image = 'game.jpg'
9.8903 	EXP 	image: image = 'game.jpg'
9.8932 	EXP 	image: image = 'game.jpg'
9.8962 	EXP 	image: image = 'game.jpg'
9.8994 	EXP 	image: image = 'game.jpg'
9.9027 	EXP 	image: image = 'game.jpg'
9.9056 	EXP 	image: image = 'game.jpg'
9.9089 	EXP 	image: image = 'game.jpg'
9.9125 	EXP 	image: image = 'game.jpg'
9.9157 	EXP 	image: image = 'game.jpg'
9.9190 	EXP 	image: image = 'game.jpg'
9.9221 	EXP 	image: image = 'game.jpg'
9.9251 	EXP 	image: image = 'game.jpg'
9.9279 	EXP 	image: image = 'game.jpg'
9.9310 	EXP 	image: image = 'game.jpg'
9.9341 	EXP 	image: image = 'game.jpg'
9.9371 	EXP 	image: image = 'game.jpg'
9.9405 	EXP 	image: image = 'game.jpg'
9.9436 	EXP 	image: image = 'game.jpg'
9.9467 	EXP 	image: image = 'game.jpg'
9.9497 	EXP 	image: image = 'game.jpg'
9.9530 	EXP 	image: image = 'game.jpg'
9.9561 	EXP 	image: image = 'game.jpg'
9.9593 	EXP 	image: image = 'game.jpg'
9.9625 	EXP 	image: image = 'game.jpg'
9.9655 	EXP 	image: image = 'game.jpg'
9.9684 	EXP 	image: image = 'game.jpg'
9.9719 	EXP 	image: image = 'game.jpg'
9.9750 	EXP 	image: image = 'game.jpg'
9.9780 	EXP 	image: image = 'game.jpg'
9.9809 	EXP 	image: image = 'game.jpg'
9.9839 	EXP 	image: image = 'game.jpg'
9.9871 	EXP 	image: image = 'game.jpg'
9.9903 	EXP 	image: image = 'game.jpg'
9.9938 	EXP 	image: image = 'game.jpg'
9.9971 	EXP 	image: image = 'game.jpg'
10.0001 	EXP 	image: image = 'game.jpg'
10.0035 	EXP 	image: image = 'game.jpg'
10.0067 	EXP 	image: image = 'game.jpg'
10.0097 	EXP 	image: image = 'game.jpg'
10.0126 	EXP 	image: image = 'game.jpg'
10.0159 	EXP 	image: image = 'game.jpg'
10.0192 	EXP 	image: image = 'game.jpg'
10.0223 	EXP 	image: image = 'game.jpg'
10.0253 	EXP 	image: image = 'game.jpg'
10.0282 	EXP 	image: image = 'game.jpg'
10.0311 	EXP 	image: image = 'game.jpg'
10.0343 	EXP 	image: image = 'game.jpg'
10.0380 	EXP 	image: image = 'game.jpg'
10.0411 	EXP 	image: image = 'game.jpg'
10.0443 	EXP 	image: image = 'game.jpg'
10.0477 	EXP 	image: image = 'game.jpg'
10.0507 	EXP 	image: image = 'game.jpg'
10.0542 	EXP 	image: image = 'game.jpg'
10.0571 	EXP 	image: image = 'game.jpg'
10.0600 	EXP 	image: image = 'game.jpg'
10.0630 	EXP 	image: image = 'game.jpg'
10.0660 	EXP 	image: image = 'game.jpg'
10.0696 	EXP 	image: image = 'game.jpg'
10.0727 	EXP 	image: image = 'game.jpg'
10.0757 	EXP 	image: image = 'game.jpg'
10.0786 	EXP 	image: image = 'game.jpg'
10.0817 	EXP 	image: image = 'game.jpg'
10.0848 	EXP 	image: image = 'game.jpg'
10.0879 	EXP 	image: image = 'game.jpg'
10.0910 	EXP 	image: image = 'game.jpg'
10.0943 	EXP 	image: image = 'game.jpg'
10.0974 	EXP 	image: image = 'game.jpg'
10.1004 	EXP 	image: image = 'game.jpg'
10.1036 	EXP 	image: image = 'game.jpg'
10.1068 	EXP 	image: image = 'game.jpg'
10.1100 	EXP 	image: image = 'game.jpg'
10.1134 	EXP 	image: image = 'game.jpg'
10.1170 	EXP 	image: image = 'game.jpg'
10.1204 	EXP 	image: image = 'game.jpg'
10.1236 	EXP 	image: image = 'game.jpg'
10.1273 	EXP 	image: image = 'game.jpg'
10.1308 	EXP 	image: image = 'game.jpg'
10.1345 	EXP 	image: image = 'game.jpg'
10.1379 	EXP 	image: image = 'game.jpg'
10.1412 	EXP 	image: image = 'game.jpg'
10.1444 	EXP 	image: image = 'game.jpg'
10.1474 	EXP 	image: image = 'game.jpg'
10.1506 	EXP 	image: image = 'game.jpg'
10.1540 	EXP 	image: image = 'game.jpg'
10.1569 	EXP 	image: image = 'game.jpg'
10.1600 	EXP 	image: image = 'game.jpg'
10.1633 	EXP 	image: image = 'game.jpg'
10.1664 	EXP 	image: image = 'game.jpg'
10.1696 	EXP 	image: image = 'game.jpg'
10.1728 	EXP 	image: image = 'game.jpg'
10.1761 	EXP 	image: image = 'game.jpg'
10.1791 	EXP 	image: image = 'game.jpg'
10.1824 	EXP 	image: image = 'game.jpg'
10.1858 	EXP 	image: image = 'game.jpg'
10.1890 	EXP 	image: image = 'game.jpg'
10.1922 	EXP 	image: image = 'game.jpg'
10.1958 	EXP 	image: image = 'game.jpg'
10.1989 	EXP 	image: image = 'game.jpg'
10.2022 	EXP 	image: image = 'game.jpg'
10.2054 	EXP 	image: image = 'game.jpg'
10.2084 	EXP 	image: image = 'game.jpg'
10.2118 	EXP 	image: image = 'game.jpg'
10.2150 	EXP 	image: image = 'game.jpg'
10.2187 	EXP 	image: image = 'game.jpg'
10.2219 	EXP 	image: image = 'game.jpg'
10.2269 	EXP 	image: image = 'game.jpg'
10.2298 	EXP 	image: image = 'game.jpg'
10.2333 	EXP 	image: image = 'game.jpg'
10.2366 	EXP 	image: image = 'game.jpg'
10.2399 	EXP 	image: image = 'game.jpg'
10.2430 	EXP 	image: image = 'game.jpg'
10.2459 	EXP 	image: image = 'game.jpg'
10.2489 	EXP 	image: image = 'game.jpg'
10.2521 	EXP 	image: image = 'game.jpg'
10.2556 	EXP 	image: image = 'game.jpg'
10.2585 	EXP 	image: image = 'game.jpg'
10.2614 	EXP 	image: image = 'game.jpg'
10.2643 	EXP 	image: image = 'game.jpg'
10.2670 	EXP 	image: image = 'game.jpg'
10.2703 	EXP 	image: image = 'game.jpg'
10.2741 	EXP 	image: image = 'game.jpg'
10.2779 	EXP 	image: image = 'game.jpg'
10.2813 	EXP 	image: image = 'game.jpg'
10.2844 	EXP 	image: image = 'game.jpg'
10.2877 	EXP 	image: image = 'game.jpg'
10.2908 	EXP 	image: image = 'game.jpg'
10.2940 	EXP 	image: image = 'game.jpg'
10.2972 	EXP 	image: image = 'game.jpg'
10.3004 	EXP 	image: image = 'game.jpg'
10.3038 	EXP 	image: image = 'game.jpg'
10.3070 	EXP 	image: image = 'game.jpg'
10.3100 	EXP 	image: image = 'game.jpg'
10.3134 	EXP 	image: image = 'game.jpg'
10.3169 	EXP 	image: image = 'game.jpg'
10.3211 	EXP 	image: image = 'game.jpg'
10.3241 	EXP 	image: image = 'game.jpg'
10.3270 	EXP 	image: image = 'game.jpg'
10.3299 	EXP 	image: image = 'game.jpg'
10.3330 	EXP 	image: image = 'game.jpg'
10.3366 	EXP 	image: image = 'game.jpg'
10.3395 	EXP 	image: image = 'game.jpg'
10.3425 	EXP 	image: image = 'game.jpg'
10.3455 	EXP 	image: image = 'game.jpg'
10.3490 	EXP 	image: image = 'game.jpg'
10.3531 	EXP 	image: image = 'game.jpg'
10.3579 	EXP 	image: image = 'game.jpg'
10.3622 	EXP 	image: image = 'game.jpg'
10.3662 	EXP 	image: image = 'game.jpg'
10.3695 	EXP 	image: image = 'game.jpg'
10.3726 	EXP 	image: image = 'game.jpg'
10.3759 	EXP 	image: image = 'game.jpg'
10.3792 	EXP 	image: image = 'game.jpg'
10.3828 	EXP 	image: image = 'game.jpg'
10.3862 	EXP 	image: image = 'game.jpg'
10.3898 	EXP 	image: image = 'game.jpg'
10.3933 	EXP 	image: image = 'game.jpg'
10.3968 	EXP 	image: image = 'game.jpg'
10.4003 	EXP 	image: image = 'game.jpg'
10.4040 	EXP 	image: image = 'game.jpg'
10.4077 	EXP 	image: image = 'game.jpg'
10.4110 	EXP 	image: image = 'game.jpg'
10.4162 	EXP 	image: image = 'game.jpg'
10.4204 	EXP 	image: image = 'game.jpg'
10.4236 	EXP 	image: image = 'game.jpg'
10.4268 	EXP 	image: image = 'game.jpg'
10.4300 	EXP 	image: image = 'game.jpg'
10.4330 	EXP 	image: image = 'game.jpg'
10.4364 	EXP 	image: image = 'game.jpg'
10.4399 	EXP 	image: image = 'game.jpg'
10.4433 	EXP 	image: image = 'game.jpg'
10.4462 	EXP 	image: image = 'game.jpg'
10.4490 	EXP 	image: image = 'game.jpg'
10.4522 	EXP 	image: image = 'game.jpg'
10.4551 	EXP 	image: image = 'game.jpg'
10.4581 	EXP 	image: image = 'game.jpg'
10.4610 	EXP 	image: image = 'game.jpg'
10.4639 	EXP 	image: image = 'game.jpg'
10.4669 	EXP 	image: image = 'game.jpg'
10.4700 	EXP 	image: image = 'game.jpg'
10.4729 	EXP 	image: image = 'game.jpg'
10.4760 	EXP 	image: image = 'game.jpg'
10.4789 	EXP 	image: image = 'game.jpg'
10.4818 	EXP 	image: image = 'game.jpg'
10.4849 	EXP 	image: image = 'game.jpg'
10.4878 	EXP 	image: image = 'game.jpg'
10.4910 	EXP 	image: image = 'game.jpg'
10.4939 	EXP 	image: image = 'game.jpg'
10.4968 	EXP 	image: image = 'game.jpg'
10.4998 	EXP 	image: image = 'game.jpg'
10.5029 	EXP 	image: image = 'game.jpg'
10.5061 	EXP 	image: image = 'game.jpg'
10.5091 	EXP 	image: image = 'game.jpg'
10.5122 	EXP 	image: image = 'game.jpg'
10.5153 	EXP 	image: image = 'game.jpg'
10.5189 	EXP 	image: image = 'game.jpg'
10.5225 	EXP 	image: image = 'game.jpg'
10.5257 	EXP 	image: image = 'game.jpg'
10.5287 	EXP 	image: image = 'game.jpg'
10.5317 	EXP 	image: image = 'game.jpg'
10.5349 	EXP 	image: image = 'game.jpg'
10.5382 	EXP 	image: image = 'game.jpg'
10.5414 	EXP 	image: image = 'game.jpg'
10.5445 	EXP 	image: image = 'game.jpg'
10.5475 	EXP 	image: image = 'game.jpg'
10.5505 	EXP 	image: image = 'game.jpg'
10.5538 	EXP 	image: image = 'game.jpg'
10.5569 	EXP 	image: image = 'game.jpg'
10.5600 	EXP 	image: image = 'game.jpg'
10.5635 	EXP 	image: image = 'game.jpg'
10.5673 	EXP 	image: image = 'game.jpg'
10.5707 	EXP 	image: image = 'game.jpg'
10.5740 	EXP 	image: image = 'game.jpg'
10.5771 	EXP 	image: image = 'game.jpg'
10.5803 	EXP 	image: image = 'game.jpg'
10.5836 	EXP 	image: image = 'game.jpg'
10.5869 	EXP 	image: image = 'game.jpg'
10.5901 	EXP 	image: image = 'game.jpg'
10.5933 	EXP 	image: image = 'game.jpg'
10.5974 	EXP 	image: image = 'game.jpg'
10.6009 	EXP 	image: image = 'game.jpg'
10.6043 	EXP 	image: image = 'game.jpg'
10.6074 	EXP 	image: image = 'game.jpg'
10.6107 	EXP 	image: image = 'game.jpg'
10.6139 	EXP 	image: image = 'game.jpg'
10.6172 	EXP 	image: image = 'game.jpg'
10.6206 	EXP 	image: image = 'game.jpg'
10.6239 	EXP 	image: image = 'game.jpg'
10.6279 	EXP 	image: image = 'game.jpg'
10.6312 	EXP 	image: image = 'game.jpg'
10.6345 	EXP 	image: image = 'game.jpg'
10.6381 	EXP 	image: image = 'game.jpg'
10.6413 	EXP 	image: image = 'game.jpg'
10.6446 	EXP 	image: image = 'game.jpg'
10.6476 	EXP 	image: image = 'game.jpg'
10.6507 	EXP 	image: image = 'game.jpg'
10.6539 	EXP 	image: image = 'game.jpg'
10.6573 	EXP 	image: image = 'game.jpg'
10.6604 	EXP 	image: image = 'game.jpg'
10.6634 	EXP 	image: image = 'game.jpg'
10.6662 	EXP 	image: image = 'game.jpg'
10.6694 	EXP 	image: image = 'game.jpg'
10.6725 	EXP 	image: image = 'game.jpg'
10.6760 	EXP 	image: image = 'game.jpg'
10.6790 	EXP 	image: image = 'game.jpg'
10.6823 	EXP 	image: image = 'game.jpg'
10.6857 	EXP 	image: image = 'game.jpg'
10.6889 	EXP 	image: image = 'game.jpg'
10.6923 	EXP 	image: image = 'game.jpg'
10.6953 	EXP 	image: image = 'game.jpg'
10.6981 	EXP 	image: image = 'game.jpg'
10.7009 	EXP 	image: image = 'game.jpg'
10.7040 	EXP 	image: image = 'game.jpg'
10.7073 	EXP 	image: image = 'game.jpg'
10.7102 	EXP 	image: image = 'game.jpg'
10.7133 	EXP 	image: image = 'game.jpg'
10.7163 	EXP 	image: image = 'game.jpg'
10.7193 	EXP 	image: image = 'game.jpg'
10.7236 	EXP 	image: image = 'game.jpg'
10.7283 	EXP 	image: image = 'game.jpg'
10.7313 	EXP 	image: image = 'game.jpg'
10.7347 	EXP 	image: image = 'game.jpg'
10.7383 	EXP 	image: image = 'game.jpg'
10.7413 	EXP 	image: image = 'game.jpg'
10.7443 	EXP 	image: image = 'game.jpg'
10.7472 	EXP 	image: image = 'game.jpg'
10.7501 	EXP 	image: image = 'game.jpg'
10.7536 	EXP 	image: image = 'game.jpg'
10.7566 	EXP 	image: image = 'game.jpg'
10.7596 	EXP 	image: image = 'game.jpg'
10.7625 	EXP 	image: image = 'game.jpg'
10.7655 	EXP 	image: image = 'game.jpg'
10.7694 	EXP 	image: image = 'game.jpg'
10.7726 	EXP 	image: image = 'game.jpg'
10.7759 	EXP 	image: image = 'game.jpg'
10.7790 	EXP 	image: image = 'game.jpg'
10.7837 	EXP 	image: image = 'game.jpg'
10.7869 	EXP 	image: image = 'game.jpg'
10.7899 	EXP 	image: image = 'game.jpg'
10.7928 	EXP 	image: image = 'game.jpg'
10.7956 	EXP 	image: image = 'game.jpg'
10.7986 	EXP 	image: image = 'game.jpg'
10.8021 	EXP 	image: image = 'game.jpg'
10.8051 	EXP 	image: image = 'game.jpg'
10.8079 	EXP 	image: image = 'game.jpg'
10.8110 	EXP 	image: image = 'game.jpg'
10.8146 	EXP 	image: image = 'game.jpg'
10.8178 	EXP 	image: image = 'game.jpg'
10.8209 	EXP 	image: image = 'game.jpg'
10.8242 	EXP 	image: image = 'game.jpg'
10.8273 	EXP 	image: image = 'game.jpg'
10.8313 	EXP 	image: image = 'game.jpg'
10.8343 	EXP 	image: image = 'game.jpg'
10.8373 	EXP 	image: image = 'game.jpg'
10.8405 	EXP 	image: image = 'game.jpg'
10.8436 	EXP 	image: image = 'game.jpg'
10.8471 	EXP 	image: image = 'game.jpg'
10.8501 	EXP 	image: image = 'game.jpg'
10.8531 	EXP 	image: image = 'game.jpg'
10.8561 	EXP 	image: image = 'game.jpg'
10.8590 	EXP 	image: image = 'game.jpg'
10.8620 	EXP 	image: image = 'game.jpg'
10.8648 	EXP 	image: image = 'game.jpg'
10.8680 	EXP 	image: image = 'game.jpg'
10.8717 	EXP 	image: image = 'game.jpg'
10.8747 	EXP 	image: image = 'game.jpg'
10.8779 	EXP 	image: image = 'game.jpg'
10.8811 	EXP 	image: image = 'game.jpg'
10.8841 	EXP 	image: image = 'game.jpg'
10.8872 	EXP 	image: image = 'game.jpg'
10.8903 	EXP 	image: image = 'game.jpg'
10.8934 	EXP 	image: image = 'game.jpg'
10.8963 	EXP 	image: image = 'game.jpg'
10.8991 	EXP 	image: image = 'game.jpg'
10.9023 	EXP 	image: image = 'game.jpg'
10.9053 	EXP 	image: image = 'game.jpg'
10.9085 	EXP 	image: image = 'game.jpg'
10.9115 	EXP 	image: image = 'game.jpg'
10.9146 	EXP 	image: image = 'game.jpg'
10.9180 	EXP 	image: image = 'game.jpg'
10.9214 	EXP 	image: image = 'game.jpg'
10.9243 	EXP 	image: image = 'game.jpg'
10.9271 	EXP 	image: image = 'game.jpg'
10.9301 	EXP 	image: image = 'game.jpg'
10.9331 	EXP 	image: image = 'game.jpg'
10.9366 	EXP 	image: image = 'game.jpg'
10.9397 	EXP 	image: image = 'game.jpg'
10.9428 	EXP 	image: image = 'game.jpg'
10.9460 	EXP 	image: image = 'game.jpg'
10.9495 	EXP 	image: image = 'game.jpg'
10.9531 	EXP 	image: image = 'game.jpg'
10.9564 	EXP 	image: image = 'game.jpg'
10.9593 	EXP 	image: image = 'game.jpg'
10.9623 	EXP 	image: image = 'game.jpg'
10.9652 	EXP 	image: image = 'game.jpg'
10.9683 	EXP 	image: image = 'game.jpg'
10.9722 	EXP 	image: image = 'game.jpg'
10.9754 	EXP 	image: image = 'game.jpg'
10.9786 	EXP 	image: image = 'game.jpg'
10.9816 	EXP 	image: image = 'game.jpg'
10.9856 	EXP 	image: image = 'game.jpg'
10.9886 	EXP 	image: image = 'game.jpg'
10.9917 	EXP 	image: image = 'game.jpg'
10.9948 	EXP 	image: image = 'game.jpg'
10.9976 	EXP 	image: image = 'game.jpg'
11.0023 	EXP 	image: image = 'game.jpg'
11.0056 	EXP 	image: image = 'game.jpg'
11.0086 	EXP 	image: image = 'game.jpg'
11.0115 	EXP 	image: image = 'game.jpg'
11.0143 	EXP 	image: image = 'game.jpg'
11.0174 	EXP 	image: image = 'game.jpg'
11.0205 	EXP 	image: image = 'game.jpg'
11.0234 	EXP 	image: image = 'game.jpg'
11.0262 	EXP 	image: image = 'game.jpg'
11.0289 	EXP 	image: image = 'game.jpg'
11.0329 	EXP 	image: image = 'game.jpg'
11.0364 	EXP 	image: image = 'game.jpg'
11.0394 	EXP 	image: image = 'game.jpg'
11.0424 	EXP 	image: image = 'game.jpg'
11.0455 	EXP 	image: image = 'game.jpg'
11.0485 	EXP 	image: image = 'game.jpg'
11.0519 	EXP 	image: image = 'game.jpg'
11.0550 	EXP 	image: image = 'game.jpg'
11.0579 	EXP 	image: image = 'game.jpg'
11.0607 	EXP 	image: image = 'game.jpg'
11.0637 	EXP 	image: image = 'game.jpg'
11.0668 	EXP 	image: image = 'game.jpg'
11.0700 	EXP 	image: image = 'game.jpg'
11.0729 	EXP 	image: image = 'game.jpg'
11.0756 	EXP 	image: image = 'game.jpg'
11.0785 	EXP 	image: image = 'game.jpg'
11.0819 	EXP 	image: image = 'game.jpg'
11.0847 	EXP 	image: image = 'game.jpg'
11.0876 	EXP 	image: image = 'game.jpg'
11.0906 	EXP 	image: image = 'game.jpg'
11.0936 	EXP 	image: image = 'game.jpg'
11.0973 	EXP 	image: image = 'game.jpg'
11.1003 	EXP 	image: image = 'game.jpg'
11.1033 	EXP 	image: image = 'game.jpg'
11.1061 	EXP 	image: image = 'game.jpg'
11.1094 	EXP 	image: image = 'game.jpg'
11.1124 	EXP 	image: image = 'game.jpg'
11.1152 	EXP 	image: image = 'game.jpg'
11.1186 	EXP 	image: image = 'game.jpg'
11.1217 	EXP 	image: image = 'game.jpg'
11.1250 	EXP 	image: image = 'game.jpg'
11.1282 	EXP 	image: image = 'game.jpg'
11.1313 	EXP 	image: image = 'game.jpg'
11.1343 	EXP 	image: image = 'game.jpg'
11.1374 	EXP 	image: image = 'game.jpg'
11.1409 	EXP 	image: image = 'game.jpg'
11.1442 	EXP 	image: image = 'game.jpg'
11.1475 	EXP 	image: image = 'game.jpg'
11.1504 	EXP 	image: image = 'game.jpg'
11.1536 	EXP 	image: image = 'game.jpg'
11.1567 	EXP 	image: image = 'game.jpg'
11.1600 	EXP 	image: image = 'game.jpg'
11.1629 	EXP 	image: image = 'game.jpg'
11.1658 	EXP 	image: image = 'game.jpg'
11.1687 	EXP 	image: image = 'game.jpg'
11.1721 	EXP 	image: image = 'game.jpg'
11.1750 	EXP 	image: image = 'game.jpg'
11.1780 	EXP 	image: image = 'game.jpg'
11.1810 	EXP 	image: image = 'game.jpg'
11.1841 	EXP 	image: image = 'game.jpg'
11.1875 	EXP 	image: image = 'game.jpg'
11.1906 	EXP 	image: image = 'game.jpg'
11.1937 	EXP 	image: image = 'game.jpg'
11.1967 	EXP 	image: image = 'game.jpg'
11.1995 	EXP 	image: image = 'game.jpg'
11.2029 	EXP 	image: image = 'game.jpg'
11.2061 	EXP 	image: image = 'game.jpg'
11.2092 	EXP 	image: image = 'game.jpg'
11.2123 	EXP 	image: image = 'game.jpg'
11.2154 	EXP 	image: image = 'game.jpg'
11.2192 	EXP 	image: image = 'game.jpg'
11.2224 	EXP 	image: image = 'game.jpg'
11.2254 	EXP 	image: image = 'game.jpg'
11.2285 	EXP 	image: image = 'game.jpg'
11.2319 	EXP 	image: image = 'game.jpg'
11.2349 	EXP 	image: image = 'game.jpg'
11.2381 	EXP 	image: image = 'game.jpg'
11.2410 	EXP 	image: image = 'game.jpg'
11.2439 	EXP 	image: image = 'game.jpg'
11.2468 	EXP 	image: image = 'game.jpg'
11.2500 	EXP 	image: image = 'game.jpg'
11.2533 	EXP 	image: image = 'game.jpg'
11.2562 	EXP 	image: image = 'game.jpg'
11.2592 	EXP 	image: image = 'game.jpg'
11.2623 	EXP 	image: image = 'game.jpg'
11.2654 	EXP 	image: image = 'game.jpg'
11.2694 	EXP 	image: image = 'game.jpg'
11.2724 	EXP 	image: image = 'game.jpg'
11.2755 	EXP 	image: image = 'game.jpg'
11.2785 	EXP 	image: image = 'game.jpg'
11.2817 	EXP 	image: image = 'game.jpg'
11.2849 	EXP 	image: image = 'game.jpg'
11.2881 	EXP 	image: image = 'game.jpg'
11.2912 	EXP 	image: image = 'game.jpg'
11.2942 	EXP 	image: image = 'game.jpg'
11.2976 	EXP 	image: image = 'game.jpg'
11.3013 	EXP 	image: image = 'game.jpg'
11.3049 	EXP 	image: image = 'game.jpg'
11.3080 	EXP 	image: image = 'game.jpg'
11.3109 	EXP 	image: image = 'game.jpg'
11.3139 	EXP 	image: image = 'game.jpg'
11.3170 	EXP 	image: image = 'game.jpg'
11.3205 	EXP 	image: image = 'game.jpg'
11.3237 	EXP 	image: image = 'game.jpg'
11.3267 	EXP 	image: image = 'game.jpg'
11.3297 	EXP 	image: image = 'game.jpg'
11.3335 	EXP 	image: image = 'game.jpg'
11.3367 	EXP 	image: image = 'game.jpg'
11.3399 	EXP 	image: image = 'game.jpg'
11.3430 	EXP 	image: image = 'game.jpg'
11.3461 	EXP 	image: image = 'game.jpg'
11.3492 	EXP 	image: image = 'game.jpg'
11.3523 	EXP 	image: image = 'game.jpg'
11.3553 	EXP 	image: image = 'game.jpg'
11.3586 	EXP 	image: image = 'game.jpg'
11.3617 	EXP 	image: image = 'game.jpg'
11.3649 	EXP 	image: image = 'game.jpg'
11.3685 	EXP 	image: image = 'game.jpg'
11.3722 	EXP 	image: image = 'game.jpg'
11.3755 	EXP 	image: image = 'game.jpg'
11.3788 	EXP 	image: image = 'game.jpg'
11.3822 	EXP 	image: image = 'game.jpg'
11.3854 	EXP 	image: image = 'game.jpg'
11.3887 	EXP 	image: image = 'game.jpg'
11.3919 	EXP 	image: image = 'game.jpg'
11.3949 	EXP 	image: image = 'game.jpg'
11.3979 	EXP 	image: image = 'game.jpg'
11.4008 	EXP 	image: image = 'game.jpg'
11.4039 	EXP 	image: image = 'game.jpg'
11.4070 	EXP 	image: image = 'game.jpg'
11.4100 	EXP 	image: image = 'game.jpg'
11.4130 	EXP 	image: image = 'game.jpg'
11.4159 	EXP 	image: image = 'game.jpg'
11.4188 	EXP 	image: image = 'game.jpg'
11.4222 	EXP 	image: image = 'game.jpg'
11.4253 	EXP 	image: image = 'game.jpg'
11.4281 	EXP 	image: image = 'game.jpg'
11.4310 	EXP 	image: image = 'game.jpg'
11.4338 	EXP 	image: image = 'game.jpg'
11.4369 	EXP 	image: image = 'game.jpg'
11.4400 	EXP 	image: image = 'game.jpg'
11.4431 	EXP 	image: image = 'game.jpg'
11.4459 	EXP 	image: image = 'game.jpg'
11.4488 	EXP 	image: image = 'game.jpg'
11.4516 	EXP 	image: image = 'game.jpg'
11.4547 	EXP 	image: image = 'game.jpg'
11.4576 	EXP 	image: image = 'game.jpg'
11.4606 	EXP 	image: image = 'game.jpg'
11.4637 	EXP 	image: image = 'game.jpg'
11.4666 	EXP 	image: image = 'game.jpg'
11.4701 	EXP 	image: image = 'game.jpg'
11.4733 	EXP 	image: image = 'game.jpg'
11.4765 	EXP 	image: image = 'game.jpg'
11.4798 	EXP 	image: image = 'game.jpg'
11.4830 	EXP 	image: image = 'game.jpg'
11.4865 	EXP 	image: image = 'game.jpg'
11.4895 	EXP 	image: image = 'game.jpg'
11.4925 	EXP 	image: image = 'game.jpg'
11.4953 	EXP 	image: image = 'game.jpg'
11.4981 	EXP 	image: image = 'game.jpg'
11.5024 	EXP 	image: image = 'game.jpg'
11.5054 	EXP 	image: image = 'game.jpg'
11.5083 	EXP 	image: image = 'game.jpg'
11.5111 	EXP 	image: image = 'game.jpg'
11.5139 	EXP 	image: image = 'game.jpg'
11.5171 	EXP 	image: image = 'game.jpg'
11.5207 	EXP 	image: image = 'game.jpg'
11.5237 	EXP 	image: image = 'game.jpg'
11.5267 	EXP 	image: image = 'game.jpg'
11.5298 	EXP 	image: image = 'game.jpg'
11.5335 	EXP 	image: image = 'game.jpg'
11.5366 	EXP 	image: image = 'game.jpg'
11.5396 	EXP 	image: image = 'game.jpg'
11.5426 	EXP 	image: image = 'game.jpg'
11.5459 	EXP 	image: image = 'game.jpg'
11.5493 	EXP 	image: image = 'game.jpg'
11.5526 	EXP 	image: image = 'game.jpg'
11.5555 	EXP 	image: image = 'game.jpg'
11.5584 	EXP 	image: image = 'game.jpg'
11.5613 	EXP 	image: image = 'game.jpg'
11.5644 	EXP 	image: image = 'game.jpg'
11.5675 	EXP 	image: image = 'game.jpg'
11.5706 	EXP 	image: image = 'game.jpg'
11.5735 	EXP 	image: image = 'game.jpg'
11.5764 	EXP 	image: image = 'game.jpg'
11.5794 	EXP 	image: image = 'game.jpg'
11.5825 	EXP 	image: image = 'game.jpg'
11.5859 	EXP 	image: image = 'game.jpg'
11.5889 	EXP 	image: image = 'game.jpg'
11.5920 	EXP 	image: image = 'game.jpg'
11.5951 	EXP 	image: image = 'game.jpg'
11.5979 	EXP 	image: image = 'game.jpg'
11.6018 	EXP 	image: image = 'game.jpg'
11.6066 	EXP 	image: image = 'game.jpg'
11.6110 	EXP 	image: image = 'game.jpg'
11.6144 	EXP 	image: image = 'game.jpg'
11.6181 	EXP 	image: image = 'game.jpg'
11.6217 	EXP 	image: image = 'game.jpg'
11.6250 	EXP 	image: image = 'game.jpg'
11.6280 	EXP 	image: image = 'game.jpg'
11.6309 	EXP 	image: image = 'game.jpg'
11.6337 	EXP 	image: image = 'game.jpg'
11.6370 	EXP 	image: image = 'game.jpg'
11.6403 	EXP 	image: image = 'game.jpg'
11.6433 	EXP 	image: image = 'game.jpg'
11.6465 	EXP 	image: image = 'game.jpg'
11.6495 	EXP 	image: image = 'game.jpg'
11.6529 	EXP 	image: image = 'game.jpg'
11.6559 	EXP 	image: image = 'game.jpg'
11.6591 	EXP 	image: image = 'game.jpg'
11.6621 	EXP 	image: image = 'game.jpg'
11.6650 	EXP 	image: image = 'game.jpg'
11.6680 	EXP 	image: image = 'game.jpg'
11.6711 	EXP 	image: image = 'game.jpg'
11.6740 	EXP 	image: image = 'game.jpg'
11.6770 	EXP 	image: image = 'game.jpg'
11.6799 	EXP 	image: image = 'game.jpg'
11.6830 	EXP 	image: image = 'game.jpg'
11.6869 	EXP 	image: image = 'game.jpg'
11.6902 	EXP 	image: image = 'game.jpg'
11.6933 	EXP 	image: image = 'game.jpg'
11.6965 	EXP 	image: image = 'game.jpg'
11.7000 	EXP 	image: image = 'game.jpg'
11.7033 	EXP 	image: image = 'game.jpg'
11.7062 	EXP 	image: image = 'game.jpg'
11.7092 	EXP 	image: image = 'game.jpg'
11.7126 	EXP 	image: image = 'game.jpg'
11.7158 	EXP 	image: image = 'game.jpg'
11.7194 	EXP 	image: image = 'game.jpg'
11.7240 	EXP 	image: image = 'game.jpg'
11.7270 	EXP 	image: image = 'game.jpg'
11.7299 	EXP 	image: image = 'game.jpg'
11.7330 	EXP 	image: image = 'game.jpg'
11.7364 	EXP 	image: image = 'game.jpg'
11.7394 	EXP 	image: image = 'game.jpg'
11.7426 	EXP 	image: image = 'game.jpg'
11.7459 	EXP 	image: image = 'game.jpg'
11.7490 	EXP 	image: image = 'game.jpg'
11.7523 	EXP 	image: image = 'game.jpg'
11.7556 	EXP 	image: image = 'game.jpg'
11.7588 	EXP 	image: image = 'game.jpg'
11.7621 	EXP 	image: image = 'game.jpg'
11.7670 	EXP 	image: image = 'game.jpg'
11.7721 	EXP 	image: image = 'game.jpg'
11.7757 	EXP 	image: image = 'game.jpg'
11.7788 	EXP 	image: image = 'game.jpg'
11.7825 	EXP 	image: image = 'game.jpg'
11.7861 	EXP 	image: image = 'game.jpg'
11.7893 	EXP 	image: image = 'game.jpg'
11.7923 	EXP 	image: image = 'game.jpg'
11.7952 	EXP 	image: image = 'game.jpg'
11.7981 	EXP 	image: image = 'game.jpg'
11.8015 	EXP 	image: image = 'game.jpg'
11.8057 	EXP 	image: image = 'game.jpg'
11.8104 	EXP 	image: image = 'game.jpg'
11.8140 	EXP 	image: image = 'game.jpg'
11.8194 	EXP 	image: image = 'game.jpg'
11.8253 	EXP 	image: image = 'game.jpg'
11.8288 	EXP 	image: image = 'game.jpg'
11.8322 	EXP 	image: image = 'game.jpg'
11.8361 	EXP 	image: image = 'game.jpg'
11.8399 	EXP 	image: image = 'game.jpg'
11.8430 	EXP 	image: image = 'game.jpg'
11.8464 	EXP 	image: image = 'game.jpg'
11.8496 	EXP 	image: image = 'game.jpg'
11.8529 	EXP 	image: image = 'game.jpg'
11.8559 	EXP 	image: image = 'game.jpg'
11.8589 	EXP 	image: image = 'game.jpg'
11.8619 	EXP 	image: image = 'game.jpg'
11.8649 	EXP 	image: image = 'game.jpg'
11.8679 	EXP 	image: image = 'game.jpg'
11.8711 	EXP 	image: image = 'game.jpg'
11.8743 	EXP 	image: image = 'game.jpg'
11.8774 	EXP 	image: image = 'game.jpg'
11.8805 	EXP 	image: image = 'game.jpg'
11.8835 	EXP 	image: image = 'game.jpg'
11.8871 	EXP 	image: image = 'game.jpg'
11.8902 	EXP 	image: image = 'game.jpg'
11.8933 	EXP 	image: image = 'game.jpg'
11.8964 	EXP 	image: image = 'game.jpg'
11.8994 	EXP 	image: image = 'game.jpg'
11.9030 	EXP 	image: image = 'game.jpg'
11.9063 	EXP 	image: image = 'game.jpg'
11.9096 	EXP 	image: image = 'game.jpg'
11.9127 	EXP 	image: image = 'game.jpg'
11.9158 	EXP 	image: image = 'game.jpg'
11.9194 	EXP 	image: image = 'game.jpg'
11.9228 	EXP 	image: image = 'game.jpg'
11.9259 	EXP 	image: image = 'game.jpg'
11.9288 	EXP 	image: image = 'game.jpg'
11.9317 	EXP 	image: image = 'game.jpg'
11.9349 	EXP 	image: image = 'game.jpg'
11.9387 	EXP 	image: image = 'game.jpg'
11.9419 	EXP 	image: image = 'game.jpg'
11.9451 	EXP 	image: image = 'game.jpg'
11.9486 	EXP 	image: image = 'game.jpg'
11.9530 	EXP 	image: image = 'game.jpg'
11.9563 	EXP 	image: image = 'game.jpg'
11.9593 	EXP 	image: image = 'game.jpg'
11.9627 	EXP 	image: image = 'game.jpg'
11.9659 	EXP 	image: image = 'game.jpg'
11.9693 	EXP 	image: image = 'game.jpg'
11.9725 	EXP 	image: image = 'game.jpg'
11.9755 	EXP 	image: image = 'game.jpg'
11.9789 	EXP 	image: image = 'game.jpg'
11.9821 	EXP 	image: image = 'game.jpg'
11.9852 	EXP 	image: image = 'game.jpg'
11.9886 	EXP 	image: image = 'game.jpg'
11.9919 	EXP 	image: image = 'game.jpg'
11.9959 	EXP 	image: image = 'game.jpg'
11.9994 	EXP 	image: image = 'game.jpg'
12.0026 	EXP 	image: image = 'game.jpg'
12.0061 	EXP 	image: image = 'game.jpg'
12.0097 	EXP 	image: image = 'game.jpg'
12.0129 	EXP 	image: image = 'game.jpg'
12.0163 	EXP 	image: image = 'game.jpg'
12.0194 	EXP 	image: image = 'game.jpg'
12.0225 	EXP 	image: image = 'game.jpg'
12.0257 	EXP 	image: image = 'game.jpg'
12.0287 	EXP 	image: image = 'game.jpg'
12.0316 	EXP 	image: image = 'game.jpg'
12.0347 	EXP 	image: image = 'game.jpg'
12.0378 	EXP 	image: image = 'game.jpg'
12.0410 	EXP 	image: image = 'game.jpg'
12.0440 	EXP 	image: image = 'game.jpg'
12.0469 	EXP 	image: image = 'game.jpg'
12.0499 	EXP 	image: image = 'game.jpg'
12.0529 	EXP 	image: image = 'game.jpg'
12.0559 	EXP 	image: image = 'game.jpg'
12.0590 	EXP 	image: image = 'game.jpg'
12.0621 	EXP 	image: image = 'game.jpg'
12.0651 	EXP 	image: image = 'game.jpg'
12.0686 	EXP 	image: image = 'game.jpg'
12.0720 	EXP 	image: image = 'game.jpg'
12.0751 	EXP 	image: image = 'game.jpg'
12.0780 	EXP 	image: image = 'game.jpg'
12.0809 	EXP 	image: image = 'game.jpg'
12.0838 	EXP 	image: image = 'game.jpg'
12.0871 	EXP 	image: image = 'game.jpg'
12.0903 	EXP 	image: image = 'game.jpg'
12.0934 	EXP 	image: image = 'game.jpg'
12.0967 	EXP 	image: image = 'game.jpg'
12.0995 	EXP 	image: image = 'game.jpg'
12.1026 	EXP 	image: image = 'game.jpg'
12.1057 	EXP 	image: image = 'game.jpg'
12.1098 	EXP 	image: image = 'game.jpg'
12.1130 	EXP 	image: image = 'game.jpg'
12.1163 	EXP 	image: image = 'game.jpg'
12.1202 	EXP 	image: image = 'game.jpg'
12.1233 	EXP 	image: image = 'game.jpg'
12.1263 	EXP 	image: image = 'game.jpg'
12.1293 	EXP 	image: image = 'game.jpg'
12.1323 	EXP 	image: image = 'game.jpg'
12.1360 	EXP 	image: image = 'game.jpg'
12.1392 	EXP 	image: image = 'game.jpg'
12.1422 	EXP 	image: image = 'game.jpg'
12.1454 	EXP 	image: image = 'game.jpg'
12.1483 	EXP 	image: image = 'game.jpg'
12.1521 	EXP 	image: image = 'game.jpg'
12.1560 	EXP 	image: image = 'game.jpg'
12.1593 	EXP 	image: image = 'game.jpg'
12.1625 	EXP 	image: image = 'game.jpg'
12.1656 	EXP 	image: image = 'game.jpg'
12.1688 	EXP 	image: image = 'game.jpg'
12.1721 	EXP 	image: image = 'game.jpg'
12.1752 	EXP 	image: image = 'game.jpg'
12.1781 	EXP 	image: image = 'game.jpg'
12.1810 	EXP 	image: image = 'game.jpg'
12.1842 	EXP 	image: image = 'game.jpg'
12.1873 	EXP 	image: image = 'game.jpg'
12.1903 	EXP 	image: image = 'game.jpg'
12.1935 	EXP 	image: image = 'game.jpg'
12.1964 	EXP 	image: image = 'game.jpg'
12.1994 	EXP 	image: image = 'game.jpg'
12.2025 	EXP 	image: image = 'game.jpg'
12.2055 	EXP 	image: image = 'game.jpg'
12.2088 	EXP 	image: image = 'game.jpg'
12.2116 	EXP 	image: image = 'game.jpg'
12.2148 	EXP 	image: image = 'game.jpg'
12.2178 	EXP 	image: image = 'game.jpg'
12.2212 	EXP 	image: image = 'game.jpg'
12.2243 	EXP 	image: image = 'game.jpg'
12.2271 	EXP 	image: image = 'game.jpg'
12.2300 	EXP 	image: image = 'game.jpg'
12.2330 	EXP 	image: image = 'game.jpg'
12.2365 	EXP 	image: image = 'game.jpg'
12.2396 	EXP 	image: image = 'game.jpg'
12.2426 	EXP 	image: image = 'game.jpg'
12.2458 	EXP 	image: image = 'game.jpg'
12.2489 	EXP 	image: image = 'game.jpg'
12.2525 	EXP 	image: image = 'game.jpg'
12.2556 	EXP 	image: image = 'game.jpg'
12.2586 	EXP 	image: image = 'game.jpg'
12.2617 	EXP 	image: image = 'game.jpg'
12.2646 	EXP 	image: image = 'game.jpg'
12.2675 	EXP 	image: image = 'game.jpg'
12.2705 	EXP 	image: image = 'game.jpg'
12.2734 	EXP 	image: image = 'game.jpg'
12.2763 	EXP 	image: image = 'game.jpg'
12.2792 	EXP 	image: image = 'game.jpg'
12.2822 	EXP 	image: image = 'game.jpg'
12.2858 	EXP 	image: image = 'game.jpg'
12.2895 	EXP 	image: image = 'game.jpg'
12.2929 	EXP 	image: image = 'game.jpg'
12.2961 	EXP 	image: image = 'game.jpg'
12.2994 	EXP 	image: image = 'game.jpg'
12.3029 	EXP 	image: image = 'game.jpg'
12.3061 	EXP 	image: image = 'game.jpg'
12.3092 	EXP 	image: image = 'game.jpg'
12.3126 	EXP 	image: image = 'game.jpg'
12.3158 	EXP 	image: image = 'game.jpg'
12.3188 	EXP 	image: image = 'game.jpg'
12.3228 	EXP 	image: image = 'game.jpg'
12.3265 	EXP 	image: image = 'game.jpg'
12.3298 	EXP 	image: image = 'game.jpg'
12.3329 	EXP 	image: image = 'game.jpg'
12.3363 	EXP 	image: image = 'game.jpg'
12.3395 	EXP 	image: image = 'game.jpg'
12.3426 	EXP 	image: image = 'game.jpg'
12.3455 	EXP 	image: image = 'game.jpg'
12.3485 	EXP 	image: image = 'game.jpg'
12.3522 	EXP 	image: image = 'game.jpg'
12.3555 	EXP 	image: image = 'game.jpg'
12.3589 	EXP 	image: image = 'game.jpg'
12.3623 	EXP 	image: image = 'game.jpg'
12.3655 	EXP 	image: image = 'game.jpg'
12.3689 	EXP 	image: image = 'game.jpg'
12.3725 	EXP 	image: image = 'game.jpg'
12.3758 	EXP 	image: image = 'game.jpg'
12.3791 	EXP 	image: image = 'game.jpg'
12.3821 	EXP 	image: image = 'game.jpg'
12.3853 	EXP 	image: image = 'game.jpg'
12.3883 	EXP 	image: image = 'game.jpg'
12.3913 	EXP 	image: image = 'game.jpg'
12.3943 	EXP 	image: image = 'game.jpg'
12.3972 	EXP 	image: image = 'game.jpg'
12.4002 	EXP 	image: image = 'game.jpg'
12.4035 	EXP 	image: image = 'game.jpg'
12.4063 	EXP 	image: image = 'game.jpg'
12.4093 	EXP 	image: image = 'game.jpg'
12.4122 	EXP 	image: image = 'game.jpg'
12.4153 	EXP 	image: image = 'game.jpg'
12.4187 	EXP 	image: image = 'game.jpg'
12.4218 	EXP 	image: image = 'game.jpg'
12.4250 	EXP 	image: image = 'game.jpg'
12.4279 	EXP 	image: image = 'game.jpg'
12.4312 	EXP 	image: image = 'game.jpg'
12.4342 	EXP 	image: image = 'game.jpg'
12.4372 	EXP 	image: image = 'game.jpg'
12.4402 	EXP 	image: image = 'game.jpg'
12.4432 	EXP 	image: image = 'game.jpg'
12.4465 	EXP 	image: image = 'game.jpg'
12.4496 	EXP 	image: image = 'game.jpg'
12.4528 	EXP 	image: image = 'game.jpg'
12.4559 	EXP 	image: image = 'game.jpg'
12.4589 	EXP 	image: image = 'game.jpg'
12.4622 	EXP 	image: image = 'game.jpg'
12.4652 	EXP 	image: image = 'game.jpg'
12.4686 	EXP 	image: image = 'game.jpg'
12.4720 	EXP 	image: image = 'game.jpg'
12.4752 	EXP 	image: image = 'game.jpg'
12.4786 	EXP 	image: image = 'game.jpg'
12.4818 	EXP 	image: image = 'game.jpg'
12.4857 	EXP 	image: image = 'game.jpg'
12.4887 	EXP 	image: image = 'game.jpg'
12.4919 	EXP 	image: image = 'game.jpg'
12.4951 	EXP 	image: image = 'game.jpg'
12.4980 	EXP 	image: image = 'game.jpg'
12.5008 	EXP 	image: image = 'game.jpg'
12.5039 	EXP 	image: image = 'game.jpg'
12.5068 	EXP 	image: image = 'game.jpg'
12.5099 	EXP 	image: image = 'game.jpg'
12.5128 	EXP 	image: image = 'game.jpg'
12.5156 	EXP 	image: image = 'game.jpg'
12.5190 	EXP 	image: image = 'game.jpg'
12.5220 	EXP 	image: image = 'game.jpg'
12.5251 	EXP 	image: image = 'game.jpg'
12.5280 	EXP 	image: image = 'game.jpg'
12.5307 	EXP 	image: image = 'game.jpg'
12.5337 	EXP 	image: image = 'game.jpg'
12.5369 	EXP 	image: image = 'game.jpg'
12.5401 	EXP 	image: image = 'game.jpg'
12.5431 	EXP 	image: image = 'game.jpg'
12.5459 	EXP 	image: image = 'game.jpg'
12.5489 	EXP 	image: image = 'game.jpg'
12.5522 	EXP 	image: image = 'game.jpg'
12.5552 	EXP 	image: image = 'game.jpg'
12.5581 	EXP 	image: image = 'game.jpg'
12.5610 	EXP 	image: image = 'game.jpg'
12.5639 	EXP 	image: image = 'game.jpg'
12.5671 	EXP 	image: image = 'game.jpg'
12.5702 	EXP 	image: image = 'game.jpg'
12.5733 	EXP 	image: image = 'game.jpg'
12.5762 	EXP 	image: image = 'game.jpg'
12.5790 	EXP 	image: image = 'game.jpg'
12.5821 	EXP 	image: image = 'game.jpg'
12.5856 	EXP 	image: image = 'game.jpg'
12.5888 	EXP 	image: image = 'game.jpg'
12.5920 	EXP 	image: image = 'game.jpg'
12.5950 	EXP 	image: image = 'game.jpg'
12.5981 	EXP 	image: image = 'game.jpg'
12.6021 	EXP 	image: image = 'game.jpg'
12.6052 	EXP 	image: image = 'game.jpg'
12.6080 	EXP 	image: image = 'game.jpg'
12.6109 	EXP 	image: image = 'game.jpg'
12.6138 	EXP 	image: image = 'game.jpg'
12.6167 	EXP 	image: image = 'game.jpg'
12.6201 	EXP 	image: image = 'game.jpg'
12.6234 	EXP 	image: image = 'game.jpg'
12.6271 	EXP 	image: image = 'game.jpg'
12.6301 	EXP 	image: image = 'game.jpg'
12.6332 	EXP 	image: image = 'game.jpg'
12.6371 	EXP 	image: image = 'game.jpg'
12.6402 	EXP 	image: image = 'game.jpg'
12.6436 	EXP 	image: image = 'game.jpg'
12.6466 	EXP 	image: image = 'game.jpg'
12.6498 	EXP 	image: image = 'game.jpg'
12.6531 	EXP 	image: image = 'game.jpg'
12.6561 	EXP 	image: image = 'game.jpg'
12.6592 	EXP 	image: image = 'game.jpg'
12.6623 	EXP 	image: image = 'game.jpg'
12.6653 	EXP 	image: image = 'game.jpg'
12.6686 	EXP 	image: image = 'game.jpg'
12.6718 	EXP 	image: image = 'game.jpg'
12.6749 	EXP 	image: image = 'game.jpg'
12.6780 	EXP 	image: image = 'game.jpg'
12.6812 	EXP 	image: image = 'game.jpg'
12.6841 	EXP 	image: image = 'game.jpg'
12.6871 	EXP 	image: image = 'game.jpg'
12.6901 	EXP 	image: image = 'game.jpg'
12.6931 	EXP 	image: image = 'game.jpg'
12.6963 	EXP 	image: image = 'game.jpg'
12.6993 	EXP 	image: image = 'game.jpg'
12.7027 	EXP 	image: image = 'game.jpg'
12.7061 	EXP 	image: image = 'game.jpg'
12.7091 	EXP 	image: image = 'game.jpg'
12.7122 	EXP 	image: image = 'game.jpg'
12.7152 	EXP 	image: image = 'game.jpg'
12.7180 	EXP 	image: image = 'game.jpg'
12.7211 	EXP 	image: image = 'game.jpg'
12.7242 	EXP 	image: image = 'game.jpg'
12.7272 	EXP 	image: image = 'game.jpg'
12.7303 	EXP 	image: image = 'game.jpg'
12.7335 	EXP 	image: image = 'game.jpg'
12.7365 	EXP 	image: image = 'game.jpg'
12.7395 	EXP 	image: image = 'game.jpg'
12.7428 	EXP 	image: image = 'game.jpg'
12.7458 	EXP 	image: image = 'game.jpg'
12.7490 	EXP 	image: image = 'game.jpg'
12.7525 	EXP 	image: image = 'game.jpg'
12.7559 	EXP 	image: image = 'game.jpg'
12.7589 	EXP 	image: image = 'game.jpg'
12.7621 	EXP 	image: image = 'game.jpg'
12.7650 	EXP 	image: image = 'game.jpg'
12.7679 	EXP 	image: image = 'game.jpg'
12.7710 	EXP 	image: image = 'game.jpg'
12.7743 	EXP 	image: image = 'game.jpg'
12.7774 	EXP 	image: image = 'game.jpg'
12.7804 	EXP 	image: image = 'game.jpg'
12.7835 	EXP 	image: image = 'game.jpg'
12.7867 	EXP 	image: image = 'game.jpg'
12.7898 	EXP 	image: image = 'game.jpg'
12.7930 	EXP 	image: image = 'game.jpg'
12.7961 	EXP 	image: image = 'game.jpg'
12.7992 	EXP 	image: image = 'game.jpg'
12.8025 	EXP 	image: image = 'game.jpg'
12.8060 	EXP 	image: image = 'game.jpg'
12.8091 	EXP 	image: image = 'game.jpg'
12.8122 	EXP 	image: image = 'game.jpg'
12.8153 	EXP 	image: image = 'game.jpg'
12.8192 	EXP 	image: image = 'game.jpg'
12.8226 	EXP 	image: image = 'game.jpg'
12.8261 	EXP 	image: image = 'game.jpg'
12.8291 	EXP 	image: image = 'game.jpg'
12.8320 	EXP 	image: image = 'game.jpg'
12.8357 	EXP 	image: image = 'game.jpg'
12.8388 	EXP 	image: image = 'game.jpg'
12.8417 	EXP 	image: image = 'game.jpg'
12.8452 	EXP 	image: image = 'game.jpg'
12.8481 	EXP 	image: image = 'game.jpg'
12.8526 	EXP 	image: image = 'game.jpg'
12.8556 	EXP 	image: image = 'game.jpg'
12.8585 	EXP 	image: image = 'game.jpg'
12.8616 	EXP 	image: image = 'game.jpg'
12.8645 	EXP 	image: image = 'game.jpg'
12.8677 	EXP 	image: image = 'game.jpg'
12.8707 	EXP 	image: image = 'game.jpg'
12.8738 	EXP 	image: image = 'game.jpg'
12.8767 	EXP 	image: image = 'game.jpg'
12.8796 	EXP 	image: image = 'game.jpg'
12.8828 	EXP 	image: image = 'game.jpg'
12.8861 	EXP 	image: image = 'game.jpg'
12.8892 	EXP 	image: image = 'game.jpg'
12.8922 	EXP 	image: image = 'game.jpg'
12.8956 	EXP 	image: image = 'game.jpg'
12.8987 	EXP 	image: image = 'game.jpg'
12.9022 	EXP 	image: image = 'game.jpg'
12.9053 	EXP 	image: image = 'game.jpg'
12.9098 	EXP 	image: image = 'game.jpg'
12.9136 	EXP 	image: image = 'game.jpg'
12.9166 	EXP 	image: image = 'game.jpg'
12.9198 	EXP 	image: image = 'game.jpg'
12.9230 	EXP 	image: image = 'game.jpg'
12.9265 	EXP 	image: image = 'game.jpg'
12.9300 	EXP 	image: image = 'game.jpg'
12.9331 	EXP 	image: image = 'game.jpg'
12.9366 	EXP 	image: image = 'game.jpg'
12.9398 	EXP 	image: image = 'game.jpg'
12.9436 	EXP 	image: image = 'game.jpg'
12.9467 	EXP 	image: image = 'game.jpg'
12.9497 	EXP 	image: image = 'game.jpg'
12.9531 	EXP 	image: image = 'game.jpg'
12.9563 	EXP 	image: image = 'game.jpg'
12.9594 	EXP 	image: image = 'game.jpg'
12.9625 	EXP 	image: image = 'game.jpg'
12.9654 	EXP 	image: image = 'game.jpg'
12.9686 	EXP 	image: image = 'game.jpg'
12.9721 	EXP 	image: image = 'game.jpg'
12.9752 	EXP 	image: image = 'game.jpg'
12.9782 	EXP 	image: image = 'game.jpg'
12.9811 	EXP 	image: image = 'game.jpg'
12.9841 	EXP 	image: image = 'game.jpg'
12.9872 	EXP 	image: image = 'game.jpg'
12.9903 	EXP 	image: image = 'game.jpg'
12.9933 	EXP 	image: image = 'game.jpg'
12.9963 	EXP 	image: image = 'game.jpg'
12.9991 	EXP 	image: image = 'game.jpg'
13.0024 	EXP 	image: image = 'game.jpg'
13.0054 	EXP 	image: image = 'game.jpg'
13.0084 	EXP 	image: image = 'game.jpg'
13.0113 	EXP 	image: image = 'game.jpg'
13.0141 	EXP 	image: image = 'game.jpg'
13.0171 	EXP 	image: image = 'game.jpg'
13.0202 	EXP 	image: image = 'game.jpg'
13.0233 	EXP 	image: image = 'game.jpg'
13.0263 	EXP 	image: image = 'game.jpg'
13.0291 	EXP 	image: image = 'game.jpg'
13.0323 	EXP 	image: image = 'game.jpg'
13.0352 	EXP 	image: image = 'game.jpg'
13.0384 	EXP 	image: image = 'game.jpg'
13.0414 	EXP 	image: image = 'game.jpg'
13.0443 	EXP 	image: image = 'game.jpg'
13.0474 	EXP 	image: image = 'game.jpg'
13.0503 	EXP 	image: image = 'game.jpg'
13.0536 	EXP 	image: image = 'game.jpg'
13.0566 	EXP 	image: image = 'game.jpg'
13.0604 	EXP 	image: image = 'game.jpg'
