0.2601 	WARNING 	We strongly recommend you activate the PTB sound engine in PsychoPy prefs as the preferred audio engine. Its timing is vastly superior. Your prefs are currently set to use ['sounddevice', 'PTB', 'pyo', 'pygame'] (in that order).
1.7848 	WARNING 	Import Error: No module named 'psychtoolbox'. Using event module for keyboard component.
6.5033 	WARNING 	User requested fullscreen with size [1920 1080], but screen is actually [3440, 1440]. Using actual size
6.7106 	WARNING 	Framebuffer object (FBO) not supported on this graphics card
6.8184 	EXP 	Created window1 = Window(allowGUI=False, allowStencil=False, args=UNKNOWN, autoLog=True, bitsMode=UNKNOWN, blendMode='avg', bpc=UNKNOWN, color=array([-1., -1., -1.]), colorSpace='rgb', depthBits=UNKNOWN, fullscr=<method-wrapper '__getattribute__' of attributeSetter object at 0x00000201AB76ED60>, gamma=None, gammaErrorPolicy='raise', kwargs=UNKNOWN, lms=UNKNOWN, monitor=<psychopy.monitors.calibTools.Monitor object at 0x00000201AB7CEC70>, multiSample=False, name='window1', numSamples=2, pos=None, screen=2, size=array([3440, 1440]), stencilBits=UNKNOWN, stereo=False, units='height', useFBO=False, useRetina=False, viewOri=0.0, viewPos=None, viewScale=None, waitBlanking=True, winType='pygame')
6.8184 	EXP 	window1: mouseVisible = True
6.8185 	EXP 	window1: recordFrameIntervals = False
6.8299 	EXP 	window1: recordFrameIntervals = True
6.8415 	EXP 	window1: recordFrameIntervals = False
6.8748 	EXP 	Created square1 = Rect(__class__=<class 'psychopy.visual.rect.Rect'>, autoDraw=False, autoLog=True, closeShape=True, color=method-wrapper(...), colorSpace=None, contrast=1.0, depth=-1.0, fillColor=array([1., 1., 1.]), fillColorSpace='rgb', fillRGB=array([1., 1., 1.]), interpolate=True, lineColor=array([1., 1., 1.]), lineColorSpace='rgb', lineRGB=array([1., 1., 1.]), lineWidth=1, name='square1', opacity=1.0, ori=array(0.), pos=array([  0., 400.]), size=array([200., 200.]), units='pix', vertices=ndarray(...), win=Window(...))
6.8760 	EXP 	Created square2 = Rect(__class__=<class 'psychopy.visual.rect.Rect'>, autoDraw=False, autoLog=True, closeShape=True, color=method-wrapper(...), colorSpace=None, contrast=1.0, depth=-2.0, fillColor=array([1., 1., 1.]), fillColorSpace='rgb', fillRGB=array([1., 1., 1.]), interpolate=True, lineColor=array([1., 1., 1.]), lineColorSpace='rgb', lineRGB=array([1., 1., 1.]), lineWidth=1, name='square2', opacity=1.0, ori=array(0.), pos=array([-400.,    0.]), size=array([200., 200.]), units='pix', vertices=ndarray(...), win=Window(...))
6.8770 	EXP 	Created square3 = Rect(__class__=<class 'psychopy.visual.rect.Rect'>, autoDraw=False, autoLog=True, closeShape=True, color=method-wrapper(...), colorSpace=None, contrast=1.0, depth=-3.0, fillColor=array([1., 1., 1.]), fillColorSpace='rgb', fillRGB=array([1., 1., 1.]), interpolate=True, lineColor=array([1., 1., 1.]), lineColorSpace='rgb', lineRGB=array([1., 1., 1.]), lineWidth=1, name='square3', opacity=1.0, ori=array(0.), pos=array([400.,   0.]), size=array([200., 200.]), units='pix', vertices=ndarray(...), win=Window(...))
6.8784 	EXP 	Created square4 = Rect(__class__=<class 'psychopy.visual.rect.Rect'>, autoDraw=False, autoLog=True, closeShape=True, color=method-wrapper(...), colorSpace=None, contrast=1.0, depth=-4.0, fillColor=array([1., 1., 1.]), fillColorSpace='rgb', fillRGB=array([1., 1., 1.]), interpolate=True, lineColor=array([1., 1., 1.]), lineColorSpace='rgb', lineRGB=array([1., 1., 1.]), lineWidth=1, name='square4', opacity=1.0, ori=array(0.), pos=array([   0., -400.]), size=array([200., 200.]), units='pix', vertices=ndarray(...), win=Window(...))
6.8955 	EXP 	Created image = ImageStim(__class__=<class 'psychopy.visual.image.ImageStim'>, autoLog=True, color=array([1., 1., 1.]), colorSpace='rgb', contrast=1.0, depth=-6.0, flipHoriz=False, flipVert=False, image='sin', interpolate=True, mask=None, maskParams=None, name='image', opacity=1.0, ori=0.0, pos=array([0., 0.]), size=array([0.3, 0.3]), texRes=128, units='height', win=Window(...))
6.9130 	EXP 	image: image = 'game.jpg'
6.9130 	EXP 	image: image = 'game.jpg'
6.9130 	EXP 	square1: autoDraw = True
6.9130 	EXP 	square2: autoDraw = True
6.9130 	EXP 	square3: autoDraw = True
6.9130 	EXP 	square4: autoDraw = True
6.9130 	EXP 	image: autoDraw = True
6.9268 	EXP 	image: image = 'game.jpg'
6.9452 	EXP 	image: image = 'game.jpg'
6.9604 	EXP 	image: image = 'game.jpg'
6.9772 	EXP 	image: image = 'game.jpg'
6.9925 	EXP 	image: image = 'game.jpg'
7.0105 	EXP 	image: image = 'game.jpg'
7.0252 	EXP 	image: image = 'game.jpg'
7.0437 	EXP 	image: image = 'game.jpg'
7.0605 	EXP 	image: image = 'game.jpg'
7.0774 	EXP 	image: image = 'game.jpg'
7.0959 	EXP 	image: image = 'game.jpg'
7.1979 	EXP 	image: image = 'game.jpg'
7.2101 	EXP 	image: image = 'game.jpg'
7.2274 	EXP 	image: image = 'game.jpg'
7.2397 	EXP 	image: image = 'game.jpg'
7.2576 	EXP 	image: image = 'game.jpg'
7.2756 	EXP 	image: image = 'game.jpg'
7.2910 	EXP 	image: image = 'game.jpg'
7.3312 	EXP 	image: image = 'game.jpg'
7.3454 	EXP 	image: image = 'game.jpg'
7.3582 	EXP 	image: image = 'game.jpg'
7.3731 	EXP 	image: image = 'game.jpg'
7.3899 	EXP 	image: image = 'game.jpg'
7.4069 	EXP 	image: image = 'game.jpg'
7.4299 	EXP 	image: image = 'game.jpg'
7.4424 	EXP 	image: image = 'game.jpg'
7.4577 	EXP 	image: image = 'game.jpg'
7.4751 	EXP 	image: image = 'game.jpg'
7.4903 	EXP 	image: image = 'game.jpg'
7.5077 	EXP 	image: image = 'game.jpg'
7.5230 	EXP 	image: image = 'game.jpg'
7.5941 	EXP 	image: image = 'game.jpg'
7.6056 	EXP 	image: image = 'game.jpg'
7.6198 	EXP 	image: image = 'game.jpg'
7.6344 	EXP 	image: image = 'game.jpg'
7.6513 	EXP 	image: image = 'game.jpg'
7.6682 	EXP 	image: image = 'game.jpg'
7.6835 	EXP 	image: image = 'game.jpg'
7.7062 	EXP 	image: image = 'game.jpg'
7.7216 	EXP 	image: image = 'game.jpg'
7.7358 	EXP 	image: image = 'game.jpg'
7.7507 	EXP 	image: image = 'game.jpg'
7.7678 	EXP 	image: image = 'game.jpg'
7.7854 	EXP 	image: image = 'game.jpg'
7.8019 	EXP 	image: image = 'game.jpg'
7.8196 	EXP 	image: image = 'game.jpg'
7.8357 	EXP 	image: image = 'game.jpg'
7.8526 	EXP 	image: image = 'game.jpg'
7.8689 	EXP 	image: image = 'game.jpg'
7.8847 	EXP 	image: image = 'game.jpg'
7.9013 	EXP 	image: image = 'game.jpg'
7.9185 	EXP 	image: image = 'game.jpg'
7.9377 	EXP 	image: image = 'game.jpg'
7.9513 	EXP 	image: image = 'game.jpg'
7.9676 	EXP 	image: image = 'game.jpg'
7.9848 	EXP 	image: image = 'game.jpg'
8.0015 	EXP 	image: image = 'game.jpg'
8.0214 	EXP 	image: image = 'game.jpg'
8.0372 	EXP 	image: image = 'game.jpg'
8.0527 	EXP 	image: image = 'game.jpg'
8.0684 	EXP 	image: image = 'game.jpg'
8.0849 	EXP 	image: image = 'game.jpg'
8.1022 	EXP 	image: image = 'game.jpg'
8.1189 	EXP 	image: image = 'game.jpg'
8.1369 	EXP 	image: image = 'game.jpg'
8.1519 	EXP 	image: image = 'game.jpg'
8.1697 	EXP 	image: image = 'game.jpg'
8.1860 	EXP 	image: image = 'game.jpg'
8.2010 	EXP 	image: image = 'game.jpg'
8.2193 	EXP 	image: image = 'game.jpg'
8.2359 	EXP 	image: image = 'game.jpg'
8.2540 	EXP 	image: image = 'game.jpg'
8.2685 	EXP 	image: image = 'game.jpg'
8.2849 	EXP 	image: image = 'game.jpg'
8.3014 	EXP 	image: image = 'game.jpg'
8.3189 	EXP 	image: image = 'game.jpg'
8.3513 	EXP 	image: image = 'game.jpg'
8.3622 	EXP 	image: image = 'game.jpg'
8.3765 	EXP 	image: image = 'game.jpg'
8.4168 	EXP 	image: image = 'game.jpg'
8.4242 	EXP 	image: image = 'game.jpg'
8.4415 	EXP 	image: image = 'game.jpg'
8.4576 	EXP 	image: image = 'game.jpg'
8.4759 	EXP 	image: image = 'game.jpg'
8.4908 	EXP 	image: image = 'game.jpg'
8.5082 	EXP 	image: image = 'game.jpg'
8.5244 	EXP 	image: image = 'game.jpg'
8.5415 	EXP 	image: image = 'game.jpg'
8.5566 	EXP 	image: image = 'game.jpg'
8.5836 	EXP 	image: image = 'game.jpg'
8.5907 	EXP 	image: image = 'game.jpg'
8.6074 	EXP 	image: image = 'game.jpg'
8.6251 	EXP 	image: image = 'game.jpg'
8.6416 	EXP 	image: image = 'game.jpg'
8.6571 	EXP 	image: image = 'game.jpg'
8.6754 	EXP 	image: image = 'game.jpg'
8.6913 	EXP 	image: image = 'game.jpg'
8.7082 	EXP 	image: image = 'game.jpg'
8.7241 	EXP 	image: image = 'game.jpg'
8.7409 	EXP 	image: image = 'game.jpg'
8.7584 	EXP 	image: image = 'game.jpg'
8.7752 	EXP 	image: image = 'game.jpg'
8.7923 	EXP 	image: image = 'game.jpg'
8.8085 	EXP 	image: image = 'game.jpg'
8.8239 	EXP 	image: image = 'game.jpg'
8.8404 	EXP 	image: image = 'game.jpg'
8.8570 	EXP 	image: image = 'game.jpg'
8.8750 	EXP 	image: image = 'game.jpg'
8.8916 	EXP 	image: image = 'game.jpg'
8.9070 	EXP 	image: image = 'game.jpg'
8.9241 	EXP 	image: image = 'game.jpg'
8.9409 	EXP 	image: image = 'game.jpg'
8.9578 	EXP 	image: image = 'game.jpg'
8.9754 	EXP 	image: image = 'game.jpg'
9.0072 	EXP 	image: image = 'game.jpg'
9.0181 	EXP 	image: image = 'game.jpg'
9.0314 	EXP 	image: image = 'game.jpg'
9.0484 	EXP 	image: image = 'game.jpg'
9.0651 	EXP 	image: image = 'game.jpg'
9.0825 	EXP 	image: image = 'game.jpg'
9.0984 	EXP 	image: image = 'game.jpg'
9.1154 	EXP 	image: image = 'game.jpg'
9.1322 	EXP 	image: image = 'game.jpg'
9.1497 	EXP 	image: image = 'game.jpg'
9.1679 	EXP 	image: image = 'game.jpg'
9.1825 	EXP 	image: image = 'game.jpg'
9.1985 	EXP 	image: image = 'game.jpg'
9.2188 	EXP 	image: image = 'game.jpg'
9.2330 	EXP 	image: image = 'game.jpg'
9.2481 	EXP 	image: image = 'game.jpg'
9.2663 	EXP 	image: image = 'game.jpg'
9.2812 	EXP 	image: image = 'game.jpg'
9.2980 	EXP 	image: image = 'game.jpg'
9.3157 	EXP 	image: image = 'game.jpg'
9.3319 	EXP 	image: image = 'game.jpg'
9.3496 	EXP 	image: image = 'game.jpg'
9.3653 	EXP 	image: image = 'game.jpg'
9.3828 	EXP 	image: image = 'game.jpg'
9.3979 	EXP 	image: image = 'game.jpg'
9.4162 	EXP 	image: image = 'game.jpg'
9.4319 	EXP 	image: image = 'game.jpg'
9.4501 	EXP 	image: image = 'game.jpg'
9.4664 	EXP 	image: image = 'game.jpg'
9.4822 	EXP 	image: image = 'game.jpg'
9.4986 	EXP 	image: image = 'game.jpg'
9.5160 	EXP 	image: image = 'game.jpg'
9.5308 	EXP 	image: image = 'game.jpg'
9.5499 	EXP 	image: image = 'game.jpg'
9.5656 	EXP 	image: image = 'game.jpg'
9.5841 	EXP 	image: image = 'game.jpg'
9.6068 	EXP 	image: image = 'game.jpg'
9.6169 	EXP 	image: image = 'game.jpg'
9.6329 	EXP 	image: image = 'game.jpg'
9.6489 	EXP 	image: image = 'game.jpg'
9.6656 	EXP 	image: image = 'game.jpg'
9.6820 	EXP 	image: image = 'game.jpg'
9.6996 	EXP 	image: image = 'game.jpg'
9.7159 	EXP 	image: image = 'game.jpg'
9.7323 	EXP 	image: image = 'game.jpg'
9.7506 	EXP 	image: image = 'game.jpg'
9.7655 	EXP 	image: image = 'game.jpg'
9.7820 	EXP 	image: image = 'game.jpg'
9.7990 	EXP 	image: image = 'game.jpg'
9.8172 	EXP 	image: image = 'game.jpg'
9.8318 	EXP 	image: image = 'game.jpg'
9.8494 	EXP 	image: image = 'game.jpg'
9.8652 	EXP 	image: image = 'game.jpg'
9.8826 	EXP 	image: image = 'game.jpg'
9.8989 	EXP 	image: image = 'game.jpg'
9.9160 	EXP 	image: image = 'game.jpg'
9.9319 	EXP 	image: image = 'game.jpg'
9.9606 	EXP 	image: image = 'game.jpg'
9.9677 	EXP 	image: image = 'game.jpg'
9.9844 	EXP 	image: image = 'game.jpg'
10.0008 	EXP 	image: image = 'game.jpg'
10.0179 	EXP 	image: image = 'game.jpg'
10.0358 	EXP 	image: image = 'game.jpg'
10.0519 	EXP 	image: image = 'game.jpg'
10.0808 	EXP 	image: image = 'game.jpg'
10.0911 	EXP 	image: image = 'game.jpg'
10.1164 	EXP 	image: image = 'game.jpg'
10.1242 	EXP 	image: image = 'game.jpg'
10.1400 	EXP 	image: image = 'game.jpg'
10.1574 	EXP 	image: image = 'game.jpg'
10.1731 	EXP 	image: image = 'game.jpg'
10.1898 	EXP 	image: image = 'game.jpg'
10.2068 	EXP 	image: image = 'game.jpg'
10.2242 	EXP 	image: image = 'game.jpg'
10.2406 	EXP 	image: image = 'game.jpg'
10.2574 	EXP 	image: image = 'game.jpg'
10.2731 	EXP 	image: image = 'game.jpg'
10.2915 	EXP 	image: image = 'game.jpg'
10.3063 	EXP 	image: image = 'game.jpg'
10.3251 	EXP 	image: image = 'game.jpg'
10.3401 	EXP 	image: image = 'game.jpg'
10.3581 	EXP 	image: image = 'game.jpg'
10.3774 	EXP 	image: image = 'game.jpg'
10.3913 	EXP 	image: image = 'game.jpg'
10.4072 	EXP 	image: image = 'game.jpg'
10.4242 	EXP 	image: image = 'game.jpg'
10.4398 	EXP 	image: image = 'game.jpg'
10.4569 	EXP 	image: image = 'game.jpg'
10.4744 	EXP 	image: image = 'game.jpg'
10.4896 	EXP 	image: image = 'game.jpg'
10.5072 	EXP 	image: image = 'game.jpg'
10.5237 	EXP 	image: image = 'game.jpg'
10.5404 	EXP 	image: image = 'game.jpg'
10.5580 	EXP 	image: image = 'game.jpg'
10.5749 	EXP 	image: image = 'game.jpg'
10.5898 	EXP 	image: image = 'game.jpg'
10.6066 	EXP 	image: image = 'game.jpg'
10.6247 	EXP 	image: image = 'game.jpg'
10.6414 	EXP 	image: image = 'game.jpg'
10.6579 	EXP 	image: image = 'game.jpg'
10.6740 	EXP 	image: image = 'game.jpg'
10.6911 	EXP 	image: image = 'game.jpg'
10.7079 	EXP 	image: image = 'game.jpg'
10.7241 	EXP 	image: image = 'game.jpg'
10.7435 	EXP 	image: image = 'game.jpg'
10.7583 	EXP 	image: image = 'game.jpg'
10.7764 	EXP 	image: image = 'game.jpg'
10.7910 	EXP 	image: image = 'game.jpg'
10.8075 	EXP 	image: image = 'game.jpg'
10.8249 	EXP 	image: image = 'game.jpg'
10.8436 	EXP 	image: image = 'game.jpg'
10.8577 	EXP 	image: image = 'game.jpg'
10.8729 	EXP 	image: image = 'game.jpg'
10.8903 	EXP 	image: image = 'game.jpg'
10.9077 	EXP 	image: image = 'game.jpg'
10.9230 	EXP 	image: image = 'game.jpg'
10.9403 	EXP 	image: image = 'game.jpg'
10.9569 	EXP 	image: image = 'game.jpg'
10.9886 	EXP 	image: image = 'game.jpg'
10.9981 	EXP 	image: image = 'game.jpg'
11.0145 	EXP 	image: image = 'game.jpg'
11.0309 	EXP 	image: image = 'game.jpg'
11.0474 	EXP 	image: image = 'game.jpg'
11.0644 	EXP 	image: image = 'game.jpg'
11.0833 	EXP 	image: image = 'game.jpg'
11.0993 	EXP 	image: image = 'game.jpg'
11.1286 	EXP 	image: image = 'game.jpg'
11.1369 	EXP 	image: image = 'game.jpg'
11.1621 	EXP 	image: image = 'game.jpg'
11.1699 	EXP 	image: image = 'game.jpg'
11.1870 	EXP 	image: image = 'game.jpg'
11.2036 	EXP 	image: image = 'game.jpg'
11.2223 	EXP 	image: image = 'game.jpg'
11.2381 	EXP 	image: image = 'game.jpg'
11.2546 	EXP 	image: image = 'game.jpg'
11.2715 	EXP 	image: image = 'game.jpg'
11.2869 	EXP 	image: image = 'game.jpg'
11.3047 	EXP 	image: image = 'game.jpg'
11.3224 	EXP 	image: image = 'game.jpg'
11.3374 	EXP 	image: image = 'game.jpg'
11.3535 	EXP 	image: image = 'game.jpg'
11.3707 	EXP 	image: image = 'game.jpg'
11.3876 	EXP 	image: image = 'game.jpg'
11.4041 	EXP 	image: image = 'game.jpg'
11.4311 	EXP 	image: image = 'game.jpg'
11.4384 	EXP 	image: image = 'game.jpg'
11.4579 	EXP 	image: image = 'game.jpg'
11.4729 	EXP 	image: image = 'game.jpg'
11.4892 	EXP 	image: image = 'game.jpg'
11.5065 	EXP 	image: image = 'game.jpg'
11.5223 	EXP 	image: image = 'game.jpg'
11.5392 	EXP 	image: image = 'game.jpg'
11.5541 	EXP 	image: image = 'game.jpg'
11.5712 	EXP 	image: image = 'game.jpg'
11.5895 	EXP 	image: image = 'game.jpg'
11.6084 	EXP 	image: image = 'game.jpg'
11.6237 	EXP 	image: image = 'game.jpg'
11.6432 	EXP 	image: image = 'game.jpg'
11.6625 	EXP 	image: image = 'game.jpg'
11.6713 	EXP 	image: image = 'game.jpg'
11.6930 	EXP 	image: image = 'game.jpg'
11.7045 	EXP 	image: image = 'game.jpg'
11.7260 	EXP 	image: image = 'game.jpg'
11.7433 	EXP 	image: image = 'game.jpg'
11.7627 	EXP 	image: image = 'game.jpg'
11.7716 	EXP 	image: image = 'game.jpg'
11.7889 	EXP 	image: image = 'game.jpg'
11.8047 	EXP 	image: image = 'game.jpg'
11.8258 	EXP 	image: image = 'game.jpg'
11.8386 	EXP 	image: image = 'game.jpg'
11.8621 	EXP 	image: image = 'game.jpg'
11.8714 	EXP 	image: image = 'game.jpg'
11.8931 	EXP 	image: image = 'game.jpg'
11.9096 	EXP 	image: image = 'game.jpg'
11.9221 	EXP 	image: image = 'game.jpg'
11.9385 	EXP 	image: image = 'game.jpg'
11.9568 	EXP 	image: image = 'game.jpg'
11.9712 	EXP 	image: image = 'game.jpg'
11.9881 	EXP 	image: image = 'game.jpg'
12.0052 	EXP 	image: image = 'game.jpg'
12.0214 	EXP 	image: image = 'game.jpg'
12.0385 	EXP 	image: image = 'game.jpg'
12.0552 	EXP 	image: image = 'game.jpg'
12.0723 	EXP 	image: image = 'game.jpg'
12.0889 	EXP 	image: image = 'game.jpg'
12.1043 	EXP 	image: image = 'game.jpg'
12.1231 	EXP 	image: image = 'game.jpg'
12.1387 	EXP 	image: image = 'game.jpg'
12.1548 	EXP 	image: image = 'game.jpg'
12.1731 	EXP 	image: image = 'game.jpg'
12.1895 	EXP 	image: image = 'game.jpg'
12.2054 	EXP 	image: image = 'game.jpg'
12.2227 	EXP 	image: image = 'game.jpg'
12.2405 	EXP 	image: image = 'game.jpg'
12.2565 	EXP 	image: image = 'game.jpg'
12.2724 	EXP 	image: image = 'game.jpg'
12.2981 	EXP 	image: image = 'game.jpg'
12.3068 	EXP 	image: image = 'game.jpg'
12.3274 	EXP 	image: image = 'game.jpg'
12.3436 	EXP 	image: image = 'game.jpg'
12.3567 	EXP 	image: image = 'game.jpg'
12.3725 	EXP 	image: image = 'game.jpg'
12.3905 	EXP 	image: image = 'game.jpg'
12.4057 	EXP 	image: image = 'game.jpg'
12.4379 	EXP 	image: image = 'game.jpg'
12.4500 	EXP 	image: image = 'game.jpg'
12.4633 	EXP 	image: image = 'game.jpg'
12.4808 	EXP 	image: image = 'game.jpg'
12.4967 	EXP 	image: image = 'game.jpg'
12.5133 	EXP 	image: image = 'game.jpg'
12.5295 	EXP 	image: image = 'game.jpg'
12.5465 	EXP 	image: image = 'game.jpg'
12.5628 	EXP 	image: image = 'game.jpg'
12.5800 	EXP 	image: image = 'game.jpg'
12.5968 	EXP 	image: image = 'game.jpg'
12.6122 	EXP 	image: image = 'game.jpg'
12.6420 	EXP 	image: image = 'game.jpg'
12.6484 	EXP 	image: image = 'game.jpg'
12.6663 	EXP 	image: image = 'game.jpg'
12.6828 	EXP 	image: image = 'game.jpg'
12.6996 	EXP 	image: image = 'game.jpg'
12.7171 	EXP 	image: image = 'game.jpg'
12.7327 	EXP 	image: image = 'game.jpg'
12.7502 	EXP 	image: image = 'game.jpg'
12.7658 	EXP 	image: image = 'game.jpg'
12.7824 	EXP 	image: image = 'game.jpg'
12.7993 	EXP 	image: image = 'game.jpg'
12.8151 	EXP 	image: image = 'game.jpg'
12.8336 	EXP 	image: image = 'game.jpg'
12.8489 	EXP 	image: image = 'game.jpg'
12.8651 	EXP 	image: image = 'game.jpg'
12.8818 	EXP 	image: image = 'game.jpg'
12.8983 	EXP 	image: image = 'game.jpg'
12.9170 	EXP 	image: image = 'game.jpg'
12.9339 	EXP 	image: image = 'game.jpg'
12.9503 	EXP 	image: image = 'game.jpg'
12.9665 	EXP 	image: image = 'game.jpg'
12.9823 	EXP 	image: image = 'game.jpg'
12.9990 	EXP 	image: image = 'game.jpg'
13.0166 	EXP 	image: image = 'game.jpg'
13.0320 	EXP 	image: image = 'game.jpg'
13.0490 	EXP 	image: image = 'game.jpg'
13.0666 	EXP 	image: image = 'game.jpg'
13.0835 	EXP 	image: image = 'game.jpg'
13.1003 	EXP 	image: image = 'game.jpg'
13.1167 	EXP 	image: image = 'game.jpg'
13.1342 	EXP 	image: image = 'game.jpg'
13.1489 	EXP 	image: image = 'game.jpg'
13.1655 	EXP 	image: image = 'game.jpg'
13.1826 	EXP 	image: image = 'game.jpg'
13.1990 	EXP 	image: image = 'game.jpg'
13.2165 	EXP 	image: image = 'game.jpg'
13.2339 	EXP 	image: image = 'game.jpg'
13.2521 	EXP 	image: image = 'game.jpg'
13.2660 	EXP 	image: image = 'game.jpg'
13.2833 	EXP 	image: image = 'game.jpg'
13.3015 	EXP 	image: image = 'game.jpg'
13.3180 	EXP 	image: image = 'game.jpg'
13.3340 	EXP 	image: image = 'game.jpg'
13.3501 	EXP 	image: image = 'game.jpg'
13.3668 	EXP 	image: image = 'game.jpg'
13.3844 	EXP 	image: image = 'game.jpg'
13.3984 	EXP 	image: image = 'game.jpg'
13.4173 	EXP 	image: image = 'game.jpg'
13.4318 	EXP 	image: image = 'game.jpg'
13.4491 	EXP 	image: image = 'game.jpg'
13.4662 	EXP 	image: image = 'game.jpg'
13.5063 	EXP 	image: image = 'game.jpg'
13.5173 	EXP 	image: image = 'game.jpg'
13.5297 	EXP 	image: image = 'game.jpg'
13.5465 	EXP 	image: image = 'game.jpg'
13.5631 	EXP 	image: image = 'game.jpg'
13.5818 	EXP 	image: image = 'game.jpg'
13.5981 	EXP 	image: image = 'game.jpg'
13.6449 	EXP 	image: image = 'game.jpg'
13.6559 	EXP 	image: image = 'game.jpg'
13.6766 	EXP 	image: image = 'game.jpg'
13.6873 	EXP 	image: image = 'game.jpg'
13.7091 	EXP 	image: image = 'game.jpg'
13.7222 	EXP 	image: image = 'game.jpg'
13.7396 	EXP 	image: image = 'game.jpg'
13.7586 	EXP 	image: image = 'game.jpg'
13.7737 	EXP 	image: image = 'game.jpg'
13.7890 	EXP 	image: image = 'game.jpg'
13.8058 	EXP 	image: image = 'game.jpg'
13.8222 	EXP 	image: image = 'game.jpg'
13.8386 	EXP 	image: image = 'game.jpg'
13.8584 	EXP 	image: image = 'game.jpg'
13.8715 	EXP 	image: image = 'game.jpg'
13.8905 	EXP 	image: image = 'game.jpg'
13.9034 	EXP 	image: image = 'game.jpg'
13.9210 	EXP 	image: image = 'game.jpg'
13.9601 	EXP 	image: image = 'game.jpg'
13.9726 	EXP 	image: image = 'game.jpg'
13.9844 	EXP 	image: image = 'game.jpg'
14.0005 	EXP 	image: image = 'game.jpg'
14.0185 	EXP 	image: image = 'game.jpg'
14.0351 	EXP 	image: image = 'game.jpg'
14.0541 	EXP 	image: image = 'game.jpg'
14.0682 	EXP 	image: image = 'game.jpg'
14.0844 	EXP 	image: image = 'game.jpg'
14.1017 	EXP 	image: image = 'game.jpg'
14.1201 	EXP 	image: image = 'game.jpg'
14.1343 	EXP 	image: image = 'game.jpg'
14.1515 	EXP 	image: image = 'game.jpg'
14.1667 	EXP 	image: image = 'game.jpg'
14.1836 	EXP 	image: image = 'game.jpg'
14.2061 	EXP 	image: image = 'game.jpg'
14.2174 	EXP 	image: image = 'game.jpg'
14.2349 	EXP 	image: image = 'game.jpg'
14.2515 	EXP 	image: image = 'game.jpg'
14.2712 	EXP 	image: image = 'game.jpg'
14.2840 	EXP 	image: image = 'game.jpg'
14.3051 	EXP 	image: image = 'game.jpg'
14.3197 	EXP 	image: image = 'game.jpg'
14.3338 	EXP 	image: image = 'game.jpg'
14.3507 	EXP 	image: image = 'game.jpg'
14.3783 	EXP 	image: image = 'game.jpg'
14.3873 	EXP 	image: image = 'game.jpg'
14.4023 	EXP 	image: image = 'game.jpg'
14.4190 	EXP 	image: image = 'game.jpg'
14.4374 	EXP 	image: image = 'game.jpg'
14.4520 	EXP 	image: image = 'game.jpg'
14.4695 	EXP 	image: image = 'game.jpg'
14.5049 	EXP 	image: image = 'game.jpg'
14.5141 	EXP 	image: image = 'game.jpg'
14.5300 	EXP 	image: image = 'game.jpg'
14.5477 	EXP 	image: image = 'game.jpg'
14.5634 	EXP 	image: image = 'game.jpg'
14.5819 	EXP 	image: image = 'game.jpg'
14.5967 	EXP 	image: image = 'game.jpg'
14.6130 	EXP 	image: image = 'game.jpg'
14.6291 	EXP 	image: image = 'game.jpg'
14.6472 	EXP 	image: image = 'game.jpg'
14.6630 	EXP 	image: image = 'game.jpg'
22.5206 	EXP 	image: image = 'game.jpg'
22.5561 	EXP 	image: image = 'game.jpg'
22.5714 	EXP 	image: image = 'game.jpg'
22.6664 	EXP 	image: image = 'game.jpg'
22.6939 	EXP 	image: image = 'game.jpg'
22.7067 	EXP 	image: image = 'game.jpg'
22.7252 	EXP 	image: image = 'game.jpg'
22.7408 	EXP 	image: image = 'game.jpg'
22.7545 	EXP 	image: image = 'game.jpg'
22.7730 	EXP 	image: image = 'game.jpg'
22.7884 	EXP 	image: image = 'game.jpg'
22.8056 	EXP 	image: image = 'game.jpg'
22.8230 	EXP 	image: image = 'game.jpg'
22.8396 	EXP 	image: image = 'game.jpg'
22.8559 	EXP 	image: image = 'game.jpg'
22.8739 	EXP 	image: image = 'game.jpg'
22.8900 	EXP 	image: image = 'game.jpg'
22.9061 	EXP 	image: image = 'game.jpg'
22.9230 	EXP 	image: image = 'game.jpg'
22.9411 	EXP 	image: image = 'game.jpg'
22.9560 	EXP 	image: image = 'game.jpg'
22.9743 	EXP 	image: image = 'game.jpg'
22.9899 	EXP 	image: image = 'game.jpg'
23.0056 	EXP 	image: image = 'game.jpg'
23.0229 	EXP 	image: image = 'game.jpg'
23.0402 	EXP 	image: image = 'game.jpg'
23.0570 	EXP 	image: image = 'game.jpg'
23.0731 	EXP 	image: image = 'game.jpg'
23.0911 	EXP 	image: image = 'game.jpg'
23.1081 	EXP 	image: image = 'game.jpg'
23.1248 	EXP 	image: image = 'game.jpg'
23.1443 	EXP 	image: image = 'game.jpg'
23.1614 	EXP 	image: image = 'game.jpg'
23.1744 	EXP 	image: image = 'game.jpg'
23.1900 	EXP 	image: image = 'game.jpg'
23.2082 	EXP 	image: image = 'game.jpg'
23.2228 	EXP 	image: image = 'game.jpg'
23.2437 	EXP 	image: image = 'game.jpg'
23.2595 	EXP 	image: image = 'game.jpg'
23.3105 	EXP 	image: image = 'game.jpg'
23.3321 	EXP 	image: image = 'game.jpg'
23.3398 	EXP 	image: image = 'game.jpg'
23.3567 	EXP 	image: image = 'game.jpg'
23.3731 	EXP 	image: image = 'game.jpg'
23.3933 	EXP 	image: image = 'game.jpg'
23.4057 	EXP 	image: image = 'game.jpg'
23.4229 	EXP 	image: image = 'game.jpg'
23.4415 	EXP 	image: image = 'game.jpg'
23.4562 	EXP 	image: image = 'game.jpg'
23.5002 	EXP 	image: image = 'game.jpg'
23.5093 	EXP 	image: image = 'game.jpg'
23.5257 	EXP 	image: image = 'game.jpg'
23.5462 	EXP 	image: image = 'game.jpg'
23.5581 	EXP 	image: image = 'game.jpg'
23.5787 	EXP 	image: image = 'game.jpg'
23.5919 	EXP 	image: image = 'game.jpg'
23.6091 	EXP 	image: image = 'game.jpg'
23.6267 	EXP 	image: image = 'game.jpg'
23.6425 	EXP 	image: image = 'game.jpg'
23.6974 	EXP 	image: image = 'game.jpg'
23.7107 	EXP 	image: image = 'game.jpg'
23.7252 	EXP 	image: image = 'game.jpg'
23.7438 	EXP 	image: image = 'game.jpg'
23.7572 	EXP 	image: image = 'game.jpg'
23.7772 	EXP 	image: image = 'game.jpg'
23.7908 	EXP 	image: image = 'game.jpg'
23.8071 	EXP 	image: image = 'game.jpg'
23.8238 	EXP 	image: image = 'game.jpg'
23.8743 	EXP 	image: image = 'game.jpg'
23.9023 	EXP 	image: image = 'game.jpg'
23.9149 	EXP 	image: image = 'game.jpg'
23.9274 	EXP 	image: image = 'game.jpg'
23.9445 	EXP 	image: image = 'game.jpg'
23.9609 	EXP 	image: image = 'game.jpg'
23.9813 	EXP 	image: image = 'game.jpg'
23.9937 	EXP 	image: image = 'game.jpg'
24.0099 	EXP 	image: image = 'game.jpg'
24.0283 	EXP 	image: image = 'game.jpg'
24.0440 	EXP 	image: image = 'game.jpg'
24.0608 	EXP 	image: image = 'game.jpg'
24.0774 	EXP 	image: image = 'game.jpg'
24.0939 	EXP 	image: image = 'game.jpg'
24.1108 	EXP 	image: image = 'game.jpg'
24.1270 	EXP 	image: image = 'game.jpg'
24.1443 	EXP 	image: image = 'game.jpg'
24.1626 	EXP 	image: image = 'game.jpg'
24.1776 	EXP 	image: image = 'game.jpg'
24.1934 	EXP 	image: image = 'game.jpg'
24.2137 	EXP 	image: image = 'game.jpg'
24.2284 	EXP 	image: image = 'game.jpg'
24.2464 	EXP 	image: image = 'game.jpg'
24.2607 	EXP 	image: image = 'game.jpg'
24.2779 	EXP 	image: image = 'game.jpg'
24.2941 	EXP 	image: image = 'game.jpg'
24.3140 	EXP 	image: image = 'game.jpg'
24.3293 	EXP 	image: image = 'game.jpg'
24.3446 	EXP 	image: image = 'game.jpg'
24.3606 	EXP 	image: image = 'game.jpg'
24.3783 	EXP 	image: image = 'game.jpg'
24.3949 	EXP 	image: image = 'game.jpg'
24.4111 	EXP 	image: image = 'game.jpg'
24.4286 	EXP 	image: image = 'game.jpg'
24.4431 	EXP 	image: image = 'game.jpg'
24.4608 	EXP 	image: image = 'game.jpg'
24.4810 	EXP 	image: image = 'game.jpg'
24.4942 	EXP 	image: image = 'game.jpg'
24.5106 	EXP 	image: image = 'game.jpg'
24.5272 	EXP 	image: image = 'game.jpg'
24.5449 	EXP 	image: image = 'game.jpg'
24.5622 	EXP 	image: image = 'game.jpg'
24.5785 	EXP 	image: image = 'game.jpg'
24.5938 	EXP 	image: image = 'game.jpg'
24.6113 	EXP 	image: image = 'game.jpg'
24.6312 	EXP 	image: image = 'game.jpg'
24.6437 	EXP 	image: image = 'game.jpg'
24.6613 	EXP 	image: image = 'game.jpg'
24.6771 	EXP 	image: image = 'game.jpg'
24.6939 	EXP 	image: image = 'game.jpg'
24.7107 	EXP 	image: image = 'game.jpg'
24.7302 	EXP 	image: image = 'game.jpg'
24.7446 	EXP 	image: image = 'game.jpg'
24.7617 	EXP 	image: image = 'game.jpg'
24.7778 	EXP 	image: image = 'game.jpg'
24.7946 	EXP 	image: image = 'game.jpg'
24.8095 	EXP 	image: image = 'game.jpg'
24.8264 	EXP 	image: image = 'game.jpg'
24.8448 	EXP 	image: image = 'game.jpg'
24.8606 	EXP 	image: image = 'game.jpg'
24.8792 	EXP 	image: image = 'game.jpg'
24.8944 	EXP 	image: image = 'game.jpg'
24.9118 	EXP 	image: image = 'game.jpg'
24.9274 	EXP 	image: image = 'game.jpg'
24.9442 	EXP 	image: image = 'game.jpg'
24.9614 	EXP 	image: image = 'game.jpg'
24.9949 	EXP 	image: image = 'game.jpg'
25.0050 	EXP 	image: image = 'game.jpg'
25.0235 	EXP 	image: image = 'game.jpg'
25.0359 	EXP 	image: image = 'game.jpg'
25.0530 	EXP 	image: image = 'game.jpg'
25.0730 	EXP 	image: image = 'game.jpg'
25.0899 	EXP 	image: image = 'game.jpg'
25.1026 	EXP 	image: image = 'game.jpg'
25.1199 	EXP 	image: image = 'game.jpg'
25.1398 	EXP 	image: image = 'game.jpg'
25.1519 	EXP 	image: image = 'game.jpg'
25.1686 	EXP 	image: image = 'game.jpg'
25.1858 	EXP 	image: image = 'game.jpg'
25.2027 	EXP 	image: image = 'game.jpg'
25.2193 	EXP 	image: image = 'game.jpg'
25.2373 	EXP 	image: image = 'game.jpg'
25.2525 	EXP 	image: image = 'game.jpg'
25.2692 	EXP 	image: image = 'game.jpg'
25.2860 	EXP 	image: image = 'game.jpg'
25.3034 	EXP 	image: image = 'game.jpg'
25.3198 	EXP 	image: image = 'game.jpg'
25.3365 	EXP 	image: image = 'game.jpg'
25.3519 	EXP 	image: image = 'game.jpg'
25.3702 	EXP 	image: image = 'game.jpg'
25.3869 	EXP 	image: image = 'game.jpg'
25.4030 	EXP 	image: image = 'game.jpg'
25.4198 	EXP 	image: image = 'game.jpg'
25.4368 	EXP 	image: image = 'game.jpg'
25.4524 	EXP 	image: image = 'game.jpg'
25.4687 	EXP 	image: image = 'game.jpg'
25.4859 	EXP 	image: image = 'game.jpg'
25.5183 	EXP 	image: image = 'game.jpg'
25.5278 	EXP 	image: image = 'game.jpg'
25.5437 	EXP 	image: image = 'game.jpg'
25.5606 	EXP 	image: image = 'game.jpg'
25.5776 	EXP 	image: image = 'game.jpg'
25.5969 	EXP 	image: image = 'game.jpg'
25.6097 	EXP 	image: image = 'game.jpg'
25.6290 	EXP 	image: image = 'game.jpg'
25.6471 	EXP 	image: image = 'game.jpg'
25.6618 	EXP 	image: image = 'game.jpg'
25.6766 	EXP 	image: image = 'game.jpg'
25.6949 	EXP 	image: image = 'game.jpg'
25.7099 	EXP 	image: image = 'game.jpg'
25.7281 	EXP 	image: image = 'game.jpg'
25.7454 	EXP 	image: image = 'game.jpg'
25.7612 	EXP 	image: image = 'game.jpg'
25.7771 	EXP 	image: image = 'game.jpg'
25.7955 	EXP 	image: image = 'game.jpg'
25.8112 	EXP 	image: image = 'game.jpg'
25.8277 	EXP 	image: image = 'game.jpg'
25.8556 	EXP 	image: image = 'game.jpg'
25.8717 	EXP 	image: image = 'game.jpg'
25.8805 	EXP 	image: image = 'game.jpg'
25.8979 	EXP 	image: image = 'game.jpg'
25.9156 	EXP 	image: image = 'game.jpg'
26.0213 	EXP 	image: image = 'game.jpg'
26.0315 	EXP 	image: image = 'game.jpg'
26.0543 	EXP 	image: image = 'game.jpg'
26.0657 	EXP 	image: image = 'game.jpg'
26.0816 	EXP 	image: image = 'game.jpg'
26.1252 	EXP 	image: image = 'game.jpg'
26.1455 	EXP 	image: image = 'game.jpg'
26.1552 	EXP 	image: image = 'game.jpg'
26.1726 	EXP 	image: image = 'game.jpg'
26.1931 	EXP 	image: image = 'game.jpg'
26.2057 	EXP 	image: image = 'game.jpg'
26.2226 	EXP 	image: image = 'game.jpg'
26.2425 	EXP 	image: image = 'game.jpg'
26.2568 	EXP 	image: image = 'game.jpg'
26.2763 	EXP 	image: image = 'game.jpg'
26.2894 	EXP 	image: image = 'game.jpg'
26.3055 	EXP 	image: image = 'game.jpg'
26.3220 	EXP 	image: image = 'game.jpg'
26.3415 	EXP 	image: image = 'game.jpg'
26.3542 	EXP 	image: image = 'game.jpg'
26.3727 	EXP 	image: image = 'game.jpg'
26.3892 	EXP 	image: image = 'game.jpg'
26.4091 	EXP 	image: image = 'game.jpg'
26.4218 	EXP 	image: image = 'game.jpg'
26.4406 	EXP 	image: image = 'game.jpg'
26.4555 	EXP 	image: image = 'game.jpg'
26.4753 	EXP 	image: image = 'game.jpg'
26.4894 	EXP 	image: image = 'game.jpg'
26.5087 	EXP 	image: image = 'game.jpg'
26.5223 	EXP 	image: image = 'game.jpg'
26.5389 	EXP 	image: image = 'game.jpg'
26.5574 	EXP 	image: image = 'game.jpg'
26.5757 	EXP 	image: image = 'game.jpg'
26.5889 	EXP 	image: image = 'game.jpg'
26.6057 	EXP 	image: image = 'game.jpg'
26.6233 	EXP 	image: image = 'game.jpg'
26.6406 	EXP 	image: image = 'game.jpg'
26.6698 	EXP 	image: image = 'game.jpg'
26.6804 	EXP 	image: image = 'game.jpg'
26.6944 	EXP 	image: image = 'game.jpg'
26.7115 	EXP 	image: image = 'game.jpg'
26.7277 	EXP 	image: image = 'game.jpg'
31.1249 	EXP 	image: image = 'game.jpg'
31.1310 	EXP 	image: image = 'game.jpg'
31.1497 	EXP 	image: image = 'game.jpg'
31.1651 	EXP 	image: image = 'game.jpg'
31.1828 	EXP 	image: image = 'game.jpg'
31.1985 	EXP 	image: image = 'game.jpg'
31.2161 	EXP 	image: image = 'game.jpg'
31.2320 	EXP 	image: image = 'game.jpg'
31.2497 	EXP 	image: image = 'game.jpg'
31.2651 	EXP 	image: image = 'game.jpg'
31.2828 	EXP 	image: image = 'game.jpg'
31.2989 	EXP 	image: image = 'game.jpg'
31.3198 	EXP 	image: image = 'game.jpg'
31.3318 	EXP 	image: image = 'game.jpg'
31.3485 	EXP 	image: image = 'game.jpg'
31.3651 	EXP 	image: image = 'game.jpg'
31.3826 	EXP 	image: image = 'game.jpg'
31.3991 	EXP 	image: image = 'game.jpg'
31.4152 	EXP 	image: image = 'game.jpg'
31.4338 	EXP 	image: image = 'game.jpg'
31.4493 	EXP 	image: image = 'game.jpg'
31.4657 	EXP 	image: image = 'game.jpg'
31.4836 	EXP 	image: image = 'game.jpg'
31.4985 	EXP 	image: image = 'game.jpg'
31.5150 	EXP 	image: image = 'game.jpg'
31.5326 	EXP 	image: image = 'game.jpg'
31.5498 	EXP 	image: image = 'game.jpg'
31.5652 	EXP 	image: image = 'game.jpg'
31.5820 	EXP 	image: image = 'game.jpg'
31.6008 	EXP 	image: image = 'game.jpg'
31.6215 	EXP 	image: image = 'game.jpg'
31.6367 	EXP 	image: image = 'game.jpg'
31.6572 	EXP 	image: image = 'game.jpg'
31.6695 	EXP 	image: image = 'game.jpg'
31.6834 	EXP 	image: image = 'game.jpg'
31.6976 	EXP 	image: image = 'game.jpg'
31.7165 	EXP 	image: image = 'game.jpg'
31.7319 	EXP 	image: image = 'game.jpg'
31.7499 	EXP 	image: image = 'game.jpg'
31.7658 	EXP 	image: image = 'game.jpg'
31.7832 	EXP 	image: image = 'game.jpg'
31.7984 	EXP 	image: image = 'game.jpg'
31.8146 	EXP 	image: image = 'game.jpg'
31.8331 	EXP 	image: image = 'game.jpg'
31.8485 	EXP 	image: image = 'game.jpg'
31.8651 	EXP 	image: image = 'game.jpg'
31.8986 	EXP 	image: image = 'game.jpg'
31.9056 	EXP 	image: image = 'game.jpg'
31.9229 	EXP 	image: image = 'game.jpg'
31.9398 	EXP 	image: image = 'game.jpg'
31.9559 	EXP 	image: image = 'game.jpg'
31.9784 	EXP 	image: image = 'game.jpg'
31.9882 	EXP 	image: image = 'game.jpg'
32.0059 	EXP 	image: image = 'game.jpg'
32.0238 	EXP 	image: image = 'game.jpg'
32.0486 	EXP 	image: image = 'game.jpg'
32.0559 	EXP 	image: image = 'game.jpg'
32.0922 	EXP 	image: image = 'game.jpg'
32.0993 	EXP 	image: image = 'game.jpg'
32.1162 	EXP 	image: image = 'game.jpg'
32.1327 	EXP 	image: image = 'game.jpg'
32.1501 	EXP 	image: image = 'game.jpg'
32.1651 	EXP 	image: image = 'game.jpg'
32.1832 	EXP 	image: image = 'game.jpg'
32.1992 	EXP 	image: image = 'game.jpg'
32.2163 	EXP 	image: image = 'game.jpg'
32.2331 	EXP 	image: image = 'game.jpg'
32.2549 	EXP 	image: image = 'game.jpg'
32.2653 	EXP 	image: image = 'game.jpg'
32.2828 	EXP 	image: image = 'game.jpg'
32.2988 	EXP 	image: image = 'game.jpg'
32.3154 	EXP 	image: image = 'game.jpg'
32.3339 	EXP 	image: image = 'game.jpg'
32.3496 	EXP 	image: image = 'game.jpg'
32.3676 	EXP 	image: image = 'game.jpg'
32.3906 	EXP 	image: image = 'game.jpg'
32.4022 	EXP 	image: image = 'game.jpg'
32.4173 	EXP 	image: image = 'game.jpg'
32.4326 	EXP 	image: image = 'game.jpg'
32.4492 	EXP 	image: image = 'game.jpg'
32.4665 	EXP 	image: image = 'game.jpg'
32.4839 	EXP 	image: image = 'game.jpg'
32.4986 	EXP 	image: image = 'game.jpg'
32.5167 	EXP 	image: image = 'game.jpg'
32.5327 	EXP 	image: image = 'game.jpg'
32.5492 	EXP 	image: image = 'game.jpg'
32.5656 	EXP 	image: image = 'game.jpg'
32.5821 	EXP 	image: image = 'game.jpg'
32.5993 	EXP 	image: image = 'game.jpg'
32.6157 	EXP 	image: image = 'game.jpg'
32.6316 	EXP 	image: image = 'game.jpg'
32.6504 	EXP 	image: image = 'game.jpg'
32.6658 	EXP 	image: image = 'game.jpg'
32.6832 	EXP 	image: image = 'game.jpg'
32.6995 	EXP 	image: image = 'game.jpg'
32.7163 	EXP 	image: image = 'game.jpg'
32.7330 	EXP 	image: image = 'game.jpg'
32.7491 	EXP 	image: image = 'game.jpg'
32.7657 	EXP 	image: image = 'game.jpg'
32.7828 	EXP 	image: image = 'game.jpg'
32.7993 	EXP 	image: image = 'game.jpg'
32.8170 	EXP 	image: image = 'game.jpg'
32.8338 	EXP 	image: image = 'game.jpg'
32.8497 	EXP 	image: image = 'game.jpg'
32.8672 	EXP 	image: image = 'game.jpg'
32.8842 	EXP 	image: image = 'game.jpg'
32.8999 	EXP 	image: image = 'game.jpg'
32.9152 	EXP 	image: image = 'game.jpg'
32.9340 	EXP 	image: image = 'game.jpg'
32.9496 	EXP 	image: image = 'game.jpg'
32.9657 	EXP 	image: image = 'game.jpg'
32.9834 	EXP 	image: image = 'game.jpg'
32.9989 	EXP 	image: image = 'game.jpg'
33.0154 	EXP 	image: image = 'game.jpg'
33.0334 	EXP 	image: image = 'game.jpg'
33.0497 	EXP 	image: image = 'game.jpg'
33.0678 	EXP 	image: image = 'game.jpg'
33.0837 	EXP 	image: image = 'game.jpg'
33.1019 	EXP 	image: image = 'game.jpg'
33.1277 	EXP 	image: image = 'game.jpg'
33.1362 	EXP 	image: image = 'game.jpg'
33.1534 	EXP 	image: image = 'game.jpg'
33.1700 	EXP 	image: image = 'game.jpg'
33.1863 	EXP 	image: image = 'game.jpg'
33.2034 	EXP 	image: image = 'game.jpg'
33.2218 	EXP 	image: image = 'game.jpg'
33.2386 	EXP 	image: image = 'game.jpg'
33.2542 	EXP 	image: image = 'game.jpg'
33.2707 	EXP 	image: image = 'game.jpg'
33.2874 	EXP 	image: image = 'game.jpg'
33.3030 	EXP 	image: image = 'game.jpg'
33.3212 	EXP 	image: image = 'game.jpg'
33.3362 	EXP 	image: image = 'game.jpg'
33.3532 	EXP 	image: image = 'game.jpg'
33.3702 	EXP 	image: image = 'game.jpg'
33.3854 	EXP 	image: image = 'game.jpg'
33.4033 	EXP 	image: image = 'game.jpg'
33.4200 	EXP 	image: image = 'game.jpg'
33.4369 	EXP 	image: image = 'game.jpg'
33.4540 	EXP 	image: image = 'game.jpg'
33.4697 	EXP 	image: image = 'game.jpg'
33.4876 	EXP 	image: image = 'game.jpg'
33.5042 	EXP 	image: image = 'game.jpg'
33.5197 	EXP 	image: image = 'game.jpg'
33.5370 	EXP 	image: image = 'game.jpg'
33.5521 	EXP 	image: image = 'game.jpg'
33.5693 	EXP 	image: image = 'game.jpg'
33.5864 	EXP 	image: image = 'game.jpg'
33.6032 	EXP 	image: image = 'game.jpg'
33.6213 	EXP 	image: image = 'game.jpg'
33.6369 	EXP 	image: image = 'game.jpg'
33.6530 	EXP 	image: image = 'game.jpg'
33.6715 	EXP 	image: image = 'game.jpg'
33.6882 	EXP 	image: image = 'game.jpg'
33.7027 	EXP 	image: image = 'game.jpg'
33.7201 	EXP 	image: image = 'game.jpg'
33.7372 	EXP 	image: image = 'game.jpg'
33.7538 	EXP 	image: image = 'game.jpg'
33.7700 	EXP 	image: image = 'game.jpg'
33.7868 	EXP 	image: image = 'game.jpg'
33.8227 	EXP 	image: image = 'game.jpg'
33.8316 	EXP 	image: image = 'game.jpg'
33.8484 	EXP 	image: image = 'game.jpg'
33.8639 	EXP 	image: image = 'game.jpg'
33.8817 	EXP 	image: image = 'game.jpg'
33.8970 	EXP 	image: image = 'game.jpg'
33.9147 	EXP 	image: image = 'game.jpg'
33.9297 	EXP 	image: image = 'game.jpg'
33.9471 	EXP 	image: image = 'game.jpg'
33.9644 	EXP 	image: image = 'game.jpg'
33.9792 	EXP 	image: image = 'game.jpg'
33.9979 	EXP 	image: image = 'game.jpg'
34.0141 	EXP 	image: image = 'game.jpg'
34.0314 	EXP 	image: image = 'game.jpg'
34.0473 	EXP 	image: image = 'game.jpg'
34.0639 	EXP 	image: image = 'game.jpg'
34.0814 	EXP 	image: image = 'game.jpg'
34.0985 	EXP 	image: image = 'game.jpg'
34.1143 	EXP 	image: image = 'game.jpg'
34.1317 	EXP 	image: image = 'game.jpg'
34.1483 	EXP 	image: image = 'game.jpg'
34.1794 	EXP 	image: image = 'game.jpg'
34.1871 	EXP 	image: image = 'game.jpg'
34.2040 	EXP 	image: image = 'game.jpg'
34.2216 	EXP 	image: image = 'game.jpg'
34.2367 	EXP 	image: image = 'game.jpg'
34.2544 	EXP 	image: image = 'game.jpg'
34.2714 	EXP 	image: image = 'game.jpg'
34.2879 	EXP 	image: image = 'game.jpg'
34.3172 	EXP 	image: image = 'game.jpg'
34.3295 	EXP 	image: image = 'game.jpg'
34.3432 	EXP 	image: image = 'game.jpg'
34.3594 	EXP 	image: image = 'game.jpg'
34.3761 	EXP 	image: image = 'game.jpg'
34.3923 	EXP 	image: image = 'game.jpg'
34.4114 	EXP 	image: image = 'game.jpg'
34.4264 	EXP 	image: image = 'game.jpg'
34.4429 	EXP 	image: image = 'game.jpg'
34.4591 	EXP 	image: image = 'game.jpg'
34.4772 	EXP 	image: image = 'game.jpg'
34.4939 	EXP 	image: image = 'game.jpg'
34.5085 	EXP 	image: image = 'game.jpg'
34.5261 	EXP 	image: image = 'game.jpg'
34.5430 	EXP 	image: image = 'game.jpg'
34.5599 	EXP 	image: image = 'game.jpg'
34.5762 	EXP 	image: image = 'game.jpg'
34.5925 	EXP 	image: image = 'game.jpg'
34.6084 	EXP 	image: image = 'game.jpg'
34.6264 	EXP 	image: image = 'game.jpg'
34.6437 	EXP 	image: image = 'game.jpg'
34.6595 	EXP 	image: image = 'game.jpg'
34.6906 	EXP 	image: image = 'game.jpg'
34.6990 	EXP 	image: image = 'game.jpg'
34.7167 	EXP 	image: image = 'game.jpg'
34.7331 	EXP 	image: image = 'game.jpg'
34.7496 	EXP 	image: image = 'game.jpg'
34.7664 	EXP 	image: image = 'game.jpg'
34.7838 	EXP 	image: image = 'game.jpg'
34.7987 	EXP 	image: image = 'game.jpg'
34.8179 	EXP 	image: image = 'game.jpg'
34.8328 	EXP 	image: image = 'game.jpg'
34.8512 	EXP 	image: image = 'game.jpg'
34.8672 	EXP 	image: image = 'game.jpg'
34.8835 	EXP 	image: image = 'game.jpg'
34.8997 	EXP 	image: image = 'game.jpg'
34.9194 	EXP 	image: image = 'game.jpg'
34.9330 	EXP 	image: image = 'game.jpg'
34.9495 	EXP 	image: image = 'game.jpg'
34.9670 	EXP 	image: image = 'game.jpg'
34.9836 	EXP 	image: image = 'game.jpg'
34.9999 	EXP 	image: image = 'game.jpg'
35.0168 	EXP 	image: image = 'game.jpg'
35.0376 	EXP 	image: image = 'game.jpg'
35.0502 	EXP 	image: image = 'game.jpg'
35.0676 	EXP 	image: image = 'game.jpg'
35.0846 	EXP 	image: image = 'game.jpg'
35.0993 	EXP 	image: image = 'game.jpg'
35.1174 	EXP 	image: image = 'game.jpg'
35.1324 	EXP 	image: image = 'game.jpg'
35.1494 	EXP 	image: image = 'game.jpg'
35.1692 	EXP 	image: image = 'game.jpg'
35.1842 	EXP 	image: image = 'game.jpg'
35.1996 	EXP 	image: image = 'game.jpg'
35.2163 	EXP 	image: image = 'game.jpg'
35.2342 	EXP 	image: image = 'game.jpg'
35.2500 	EXP 	image: image = 'game.jpg'
35.2665 	EXP 	image: image = 'game.jpg'
35.2846 	EXP 	image: image = 'game.jpg'
35.3151 	EXP 	image: image = 'game.jpg'
35.3305 	EXP 	image: image = 'game.jpg'
35.3408 	EXP 	image: image = 'game.jpg'
35.3559 	EXP 	image: image = 'game.jpg'
35.3740 	EXP 	image: image = 'game.jpg'
35.4105 	EXP 	image: image = 'game.jpg'
35.4225 	EXP 	image: image = 'game.jpg'
35.4366 	EXP 	image: image = 'game.jpg'
35.4505 	EXP 	image: image = 'game.jpg'
35.4683 	EXP 	image: image = 'game.jpg'
35.4863 	EXP 	image: image = 'game.jpg'
35.5161 	EXP 	image: image = 'game.jpg'
35.5264 	EXP 	image: image = 'game.jpg'
35.5407 	EXP 	image: image = 'game.jpg'
35.5567 	EXP 	image: image = 'game.jpg'
35.5735 	EXP 	image: image = 'game.jpg'
35.5916 	EXP 	image: image = 'game.jpg'
35.6063 	EXP 	image: image = 'game.jpg'
35.6251 	EXP 	image: image = 'game.jpg'
35.6419 	EXP 	image: image = 'game.jpg'
35.6575 	EXP 	image: image = 'game.jpg'
35.6742 	EXP 	image: image = 'game.jpg'
35.6931 	EXP 	image: image = 'game.jpg'
35.7071 	EXP 	image: image = 'game.jpg'
35.7243 	EXP 	image: image = 'game.jpg'
35.7403 	EXP 	image: image = 'game.jpg'
35.7574 	EXP 	image: image = 'game.jpg'
35.7732 	EXP 	image: image = 'game.jpg'
35.7902 	EXP 	image: image = 'game.jpg'
35.8066 	EXP 	image: image = 'game.jpg'
35.8230 	EXP 	image: image = 'game.jpg'
35.8392 	EXP 	image: image = 'game.jpg'
35.8572 	EXP 	image: image = 'game.jpg'
35.8750 	EXP 	image: image = 'game.jpg'
35.8923 	EXP 	image: image = 'game.jpg'
35.9077 	EXP 	image: image = 'game.jpg'
35.9238 	EXP 	image: image = 'game.jpg'
35.9409 	EXP 	image: image = 'game.jpg'
35.9575 	EXP 	image: image = 'game.jpg'
35.9742 	EXP 	image: image = 'game.jpg'
35.9904 	EXP 	image: image = 'game.jpg'
36.0095 	EXP 	image: image = 'game.jpg'
36.0236 	EXP 	image: image = 'game.jpg'
36.0421 	EXP 	image: image = 'game.jpg'
36.0586 	EXP 	image: image = 'game.jpg'
36.0725 	EXP 	image: image = 'game.jpg'
36.0915 	EXP 	image: image = 'game.jpg'
36.1109 	EXP 	image: image = 'game.jpg'
36.1233 	EXP 	image: image = 'game.jpg'
36.1403 	EXP 	image: image = 'game.jpg'
36.1582 	EXP 	image: image = 'game.jpg'
36.1742 	EXP 	image: image = 'game.jpg'
36.1901 	EXP 	image: image = 'game.jpg'
36.2075 	EXP 	image: image = 'game.jpg'
36.2241 	EXP 	image: image = 'game.jpg'
36.2406 	EXP 	image: image = 'game.jpg'
36.2563 	EXP 	image: image = 'game.jpg'
36.2732 	EXP 	image: image = 'game.jpg'
36.2901 	EXP 	image: image = 'game.jpg'
36.3084 	EXP 	image: image = 'game.jpg'
36.3240 	EXP 	image: image = 'game.jpg'
36.3407 	EXP 	image: image = 'game.jpg'
36.3563 	EXP 	image: image = 'game.jpg'
36.3732 	EXP 	image: image = 'game.jpg'
36.3899 	EXP 	image: image = 'game.jpg'
36.4086 	EXP 	image: image = 'game.jpg'
36.4246 	EXP 	image: image = 'game.jpg'
36.4421 	EXP 	image: image = 'game.jpg'
36.4565 	EXP 	image: image = 'game.jpg'
36.4739 	EXP 	image: image = 'game.jpg'
36.4898 	EXP 	image: image = 'game.jpg'
36.5069 	EXP 	image: image = 'game.jpg'
36.5246 	EXP 	image: image = 'game.jpg'
36.5424 	EXP 	image: image = 'game.jpg'
36.5572 	EXP 	image: image = 'game.jpg'
36.5738 	EXP 	image: image = 'game.jpg'
36.5912 	EXP 	image: image = 'game.jpg'
36.6076 	EXP 	image: image = 'game.jpg'
36.6238 	EXP 	image: image = 'game.jpg'
36.6421 	EXP 	image: image = 'game.jpg'
36.6565 	EXP 	image: image = 'game.jpg'
36.6734 	EXP 	image: image = 'game.jpg'
36.6904 	EXP 	image: image = 'game.jpg'
36.7071 	EXP 	image: image = 'game.jpg'
36.7239 	EXP 	image: image = 'game.jpg'
36.7404 	EXP 	image: image = 'game.jpg'
36.7562 	EXP 	image: image = 'game.jpg'
36.7743 	EXP 	image: image = 'game.jpg'
36.7902 	EXP 	image: image = 'game.jpg'
36.8072 	EXP 	image: image = 'game.jpg'
36.8243 	EXP 	image: image = 'game.jpg'
36.8405 	EXP 	image: image = 'game.jpg'
36.8567 	EXP 	image: image = 'game.jpg'
36.8733 	EXP 	image: image = 'game.jpg'
36.8909 	EXP 	image: image = 'game.jpg'
36.9071 	EXP 	image: image = 'game.jpg'
36.9241 	EXP 	image: image = 'game.jpg'
36.9401 	EXP 	image: image = 'game.jpg'
36.9715 	EXP 	image: image = 'game.jpg'
36.9806 	EXP 	image: image = 'game.jpg'
36.9972 	EXP 	image: image = 'game.jpg'
37.0147 	EXP 	image: image = 'game.jpg'
37.0307 	EXP 	image: image = 'game.jpg'
37.0474 	EXP 	image: image = 'game.jpg'
37.0749 	EXP 	image: image = 'game.jpg'
37.0824 	EXP 	image: image = 'game.jpg'
37.0990 	EXP 	image: image = 'game.jpg'
37.1156 	EXP 	image: image = 'game.jpg'
37.1345 	EXP 	image: image = 'game.jpg'
37.1492 	EXP 	image: image = 'game.jpg'
37.1651 	EXP 	image: image = 'game.jpg'
37.1827 	EXP 	image: image = 'game.jpg'
37.1990 	EXP 	image: image = 'game.jpg'
37.2158 	EXP 	image: image = 'game.jpg'
37.2314 	EXP 	image: image = 'game.jpg'
37.2523 	EXP 	image: image = 'game.jpg'
37.2645 	EXP 	image: image = 'game.jpg'
37.2823 	EXP 	image: image = 'game.jpg'
37.2998 	EXP 	image: image = 'game.jpg'
37.3155 	EXP 	image: image = 'game.jpg'
37.3322 	EXP 	image: image = 'game.jpg'
37.3485 	EXP 	image: image = 'game.jpg'
37.3657 	EXP 	image: image = 'game.jpg'
37.3829 	EXP 	image: image = 'game.jpg'
37.3988 	EXP 	image: image = 'game.jpg'
37.4156 	EXP 	image: image = 'game.jpg'
37.4328 	EXP 	image: image = 'game.jpg'
37.4486 	EXP 	image: image = 'game.jpg'
37.4653 	EXP 	image: image = 'game.jpg'
37.4825 	EXP 	image: image = 'game.jpg'
37.4988 	EXP 	image: image = 'game.jpg'
37.5163 	EXP 	image: image = 'game.jpg'
37.5331 	EXP 	image: image = 'game.jpg'
37.5494 	EXP 	image: image = 'game.jpg'
37.5667 	EXP 	image: image = 'game.jpg'
37.5941 	EXP 	image: image = 'game.jpg'
37.6061 	EXP 	image: image = 'game.jpg'
37.6196 	EXP 	image: image = 'game.jpg'
37.6371 	EXP 	image: image = 'game.jpg'
37.6526 	EXP 	image: image = 'game.jpg'
37.6690 	EXP 	image: image = 'game.jpg'
37.6865 	EXP 	image: image = 'game.jpg'
37.7214 	EXP 	image: image = 'game.jpg'
37.7324 	EXP 	image: image = 'game.jpg'
37.7460 	EXP 	image: image = 'game.jpg'
37.7645 	EXP 	image: image = 'game.jpg'
37.7814 	EXP 	image: image = 'game.jpg'
37.7973 	EXP 	image: image = 'game.jpg'
37.8131 	EXP 	image: image = 'game.jpg'
37.8296 	EXP 	image: image = 'game.jpg'
37.8455 	EXP 	image: image = 'game.jpg'
37.8630 	EXP 	image: image = 'game.jpg'
37.8800 	EXP 	image: image = 'game.jpg'
37.8964 	EXP 	image: image = 'game.jpg'
37.9134 	EXP 	image: image = 'game.jpg'
37.9314 	EXP 	image: image = 'game.jpg'
37.9478 	EXP 	image: image = 'game.jpg'
37.9638 	EXP 	image: image = 'game.jpg'
37.9962 	EXP 	image: image = 'game.jpg'
38.0057 	EXP 	image: image = 'game.jpg'
38.0238 	EXP 	image: image = 'game.jpg'
38.0375 	EXP 	image: image = 'game.jpg'
38.0545 	EXP 	image: image = 'game.jpg'
38.0713 	EXP 	image: image = 'game.jpg'
38.0863 	EXP 	image: image = 'game.jpg'
38.1053 	EXP 	image: image = 'game.jpg'
38.1203 	EXP 	image: image = 'game.jpg'
38.1371 	EXP 	image: image = 'game.jpg'
38.1537 	EXP 	image: image = 'game.jpg'
38.1708 	EXP 	image: image = 'game.jpg'
38.1870 	EXP 	image: image = 'game.jpg'
38.2041 	EXP 	image: image = 'game.jpg'
38.2203 	EXP 	image: image = 'game.jpg'
38.2367 	EXP 	image: image = 'game.jpg'
38.2541 	EXP 	image: image = 'game.jpg'
38.2710 	EXP 	image: image = 'game.jpg'
38.2867 	EXP 	image: image = 'game.jpg'
38.3038 	EXP 	image: image = 'game.jpg'
38.3205 	EXP 	image: image = 'game.jpg'
38.3383 	EXP 	image: image = 'game.jpg'
38.3538 	EXP 	image: image = 'game.jpg'
38.3705 	EXP 	image: image = 'game.jpg'
38.3881 	EXP 	image: image = 'game.jpg'
38.4043 	EXP 	image: image = 'game.jpg'
38.4213 	EXP 	image: image = 'game.jpg'
38.4375 	EXP 	image: image = 'game.jpg'
38.4532 	EXP 	image: image = 'game.jpg'
38.4699 	EXP 	image: image = 'game.jpg'
38.4865 	EXP 	image: image = 'game.jpg'
38.5029 	EXP 	image: image = 'game.jpg'
38.5197 	EXP 	image: image = 'game.jpg'
38.5367 	EXP 	image: image = 'game.jpg'
38.5560 	EXP 	image: image = 'game.jpg'
38.5718 	EXP 	image: image = 'game.jpg'
38.5868 	EXP 	image: image = 'game.jpg'
38.6052 	EXP 	image: image = 'game.jpg'
38.6200 	EXP 	image: image = 'game.jpg'
38.6362 	EXP 	image: image = 'game.jpg'
38.6542 	EXP 	image: image = 'game.jpg'
38.6693 	EXP 	image: image = 'game.jpg'
38.6864 	EXP 	image: image = 'game.jpg'
38.7030 	EXP 	image: image = 'game.jpg'
38.7197 	EXP 	image: image = 'game.jpg'
38.7367 	EXP 	image: image = 'game.jpg'
38.7712 	EXP 	image: image = 'game.jpg'
38.7800 	EXP 	image: image = 'game.jpg'
38.7971 	EXP 	image: image = 'game.jpg'
38.8134 	EXP 	image: image = 'game.jpg'
38.8289 	EXP 	image: image = 'game.jpg'
38.8462 	EXP 	image: image = 'game.jpg'
38.8648 	EXP 	image: image = 'game.jpg'
38.8789 	EXP 	image: image = 'game.jpg'
38.8974 	EXP 	image: image = 'game.jpg'
38.9130 	EXP 	image: image = 'game.jpg'
38.9303 	EXP 	image: image = 'game.jpg'
38.9605 	EXP 	image: image = 'game.jpg'
38.9712 	EXP 	image: image = 'game.jpg'
38.9844 	EXP 	image: image = 'game.jpg'
39.0017 	EXP 	image: image = 'game.jpg'
39.0186 	EXP 	image: image = 'game.jpg'
39.0357 	EXP 	image: image = 'game.jpg'
39.0509 	EXP 	image: image = 'game.jpg'
39.0689 	EXP 	image: image = 'game.jpg'
39.0857 	EXP 	image: image = 'game.jpg'
39.1027 	EXP 	image: image = 'game.jpg'
39.1185 	EXP 	image: image = 'game.jpg'
39.1350 	EXP 	image: image = 'game.jpg'
39.1510 	EXP 	image: image = 'game.jpg'
39.1689 	EXP 	image: image = 'game.jpg'
39.1853 	EXP 	image: image = 'game.jpg'
39.2027 	EXP 	image: image = 'game.jpg'
39.2174 	EXP 	image: image = 'game.jpg'
39.2344 	EXP 	image: image = 'game.jpg'
39.2536 	EXP 	image: image = 'game.jpg'
39.2689 	EXP 	image: image = 'game.jpg'
39.2853 	EXP 	image: image = 'game.jpg'
39.3027 	EXP 	image: image = 'game.jpg'
39.3197 	EXP 	image: image = 'game.jpg'
39.3359 	EXP 	image: image = 'game.jpg'
39.3522 	EXP 	image: image = 'game.jpg'
39.3736 	EXP 	image: image = 'game.jpg'
39.3859 	EXP 	image: image = 'game.jpg'
39.4029 	EXP 	image: image = 'game.jpg'
39.4203 	EXP 	image: image = 'game.jpg'
39.4347 	EXP 	image: image = 'game.jpg'
39.4529 	EXP 	image: image = 'game.jpg'
39.4692 	EXP 	image: image = 'game.jpg'
39.4850 	EXP 	image: image = 'game.jpg'
39.5017 	EXP 	image: image = 'game.jpg'
39.5192 	EXP 	image: image = 'game.jpg'
39.5399 	EXP 	image: image = 'game.jpg'
39.5537 	EXP 	image: image = 'game.jpg'
39.5700 	EXP 	image: image = 'game.jpg'
39.5856 	EXP 	image: image = 'game.jpg'
39.6033 	EXP 	image: image = 'game.jpg'
39.6186 	EXP 	image: image = 'game.jpg'
39.6354 	EXP 	image: image = 'game.jpg'
39.6520 	EXP 	image: image = 'game.jpg'
39.6676 	EXP 	image: image = 'game.jpg'
39.6852 	EXP 	image: image = 'game.jpg'
39.7015 	EXP 	image: image = 'game.jpg'
39.7188 	EXP 	image: image = 'game.jpg'
39.7366 	EXP 	image: image = 'game.jpg'
39.7516 	EXP 	image: image = 'game.jpg'
39.7680 	EXP 	image: image = 'game.jpg'
39.7997 	EXP 	image: image = 'game.jpg'
39.8075 	EXP 	image: image = 'game.jpg'
39.8241 	EXP 	image: image = 'game.jpg'
39.8518 	EXP 	image: image = 'game.jpg'
39.8622 	EXP 	image: image = 'game.jpg'
39.8770 	EXP 	image: image = 'game.jpg'
39.8934 	EXP 	image: image = 'game.jpg'
39.9092 	EXP 	image: image = 'game.jpg'
39.9466 	EXP 	image: image = 'game.jpg'
39.9528 	EXP 	image: image = 'game.jpg'
39.9701 	EXP 	image: image = 'game.jpg'
39.9879 	EXP 	image: image = 'game.jpg'
40.0065 	EXP 	image: image = 'game.jpg'
40.0223 	EXP 	image: image = 'game.jpg'
40.0394 	EXP 	image: image = 'game.jpg'
40.0536 	EXP 	image: image = 'game.jpg'
40.0709 	EXP 	image: image = 'game.jpg'
40.0877 	EXP 	image: image = 'game.jpg'
40.1040 	EXP 	image: image = 'game.jpg'
40.1200 	EXP 	image: image = 'game.jpg'
40.1524 	EXP 	image: image = 'game.jpg'
40.1599 	EXP 	image: image = 'game.jpg'
40.1762 	EXP 	image: image = 'game.jpg'
40.1931 	EXP 	image: image = 'game.jpg'
40.2097 	EXP 	image: image = 'game.jpg'
40.2271 	EXP 	image: image = 'game.jpg'
40.2438 	EXP 	image: image = 'game.jpg'
40.2599 	EXP 	image: image = 'game.jpg'
40.2755 	EXP 	image: image = 'game.jpg'
40.2940 	EXP 	image: image = 'game.jpg'
40.3105 	EXP 	image: image = 'game.jpg'
40.3262 	EXP 	image: image = 'game.jpg'
40.3442 	EXP 	image: image = 'game.jpg'
40.3610 	EXP 	image: image = 'game.jpg'
40.3787 	EXP 	image: image = 'game.jpg'
40.3938 	EXP 	image: image = 'game.jpg'
40.4091 	EXP 	image: image = 'game.jpg'
40.4276 	EXP 	image: image = 'game.jpg'
40.4439 	EXP 	image: image = 'game.jpg'
40.4602 	EXP 	image: image = 'game.jpg'
40.4753 	EXP 	image: image = 'game.jpg'
40.4931 	EXP 	image: image = 'game.jpg'
40.5334 	EXP 	image: image = 'game.jpg'
40.5457 	EXP 	image: image = 'game.jpg'
40.5584 	EXP 	image: image = 'game.jpg'
40.5750 	EXP 	image: image = 'game.jpg'
40.5917 	EXP 	image: image = 'game.jpg'
40.6069 	EXP 	image: image = 'game.jpg'
40.6253 	EXP 	image: image = 'game.jpg'
40.6410 	EXP 	image: image = 'game.jpg'
40.6587 	EXP 	image: image = 'game.jpg'
40.6756 	EXP 	image: image = 'game.jpg'
40.6916 	EXP 	image: image = 'game.jpg'
40.7090 	EXP 	image: image = 'game.jpg'
40.7266 	EXP 	image: image = 'game.jpg'
40.7418 	EXP 	image: image = 'game.jpg'
40.7585 	EXP 	image: image = 'game.jpg'
40.7740 	EXP 	image: image = 'game.jpg'
40.7905 	EXP 	image: image = 'game.jpg'
40.8078 	EXP 	image: image = 'game.jpg'
40.8247 	EXP 	image: image = 'game.jpg'
40.8415 	EXP 	image: image = 'game.jpg'
40.8586 	EXP 	image: image = 'game.jpg'
40.8742 	EXP 	image: image = 'game.jpg'
40.8932 	EXP 	image: image = 'game.jpg'
40.9089 	EXP 	image: image = 'game.jpg'
40.9268 	EXP 	image: image = 'game.jpg'
40.9444 	EXP 	image: image = 'game.jpg'
40.9622 	EXP 	image: image = 'game.jpg'
40.9758 	EXP 	image: image = 'game.jpg'
40.9950 	EXP 	image: image = 'game.jpg'
41.0075 	EXP 	image: image = 'game.jpg'
41.0292 	EXP 	image: image = 'game.jpg'
41.0407 	EXP 	image: image = 'game.jpg'
41.0843 	EXP 	image: image = 'game.jpg'
41.0972 	EXP 	image: image = 'game.jpg'
41.1132 	EXP 	image: image = 'game.jpg'
41.1306 	EXP 	image: image = 'game.jpg'
41.1422 	EXP 	image: image = 'game.jpg'
41.1640 	EXP 	image: image = 'game.jpg'
41.1750 	EXP 	image: image = 'game.jpg'
41.1958 	EXP 	image: image = 'game.jpg'
41.2136 	EXP 	image: image = 'game.jpg'
41.2299 	EXP 	image: image = 'game.jpg'
41.2459 	EXP 	image: image = 'game.jpg'
41.2783 	EXP 	image: image = 'game.jpg'
41.2849 	EXP 	image: image = 'game.jpg'
41.3020 	EXP 	image: image = 'game.jpg'
41.3199 	EXP 	image: image = 'game.jpg'
41.3365 	EXP 	image: image = 'game.jpg'
41.3518 	EXP 	image: image = 'game.jpg'
41.3718 	EXP 	image: image = 'game.jpg'
41.3847 	EXP 	image: image = 'game.jpg'
41.4032 	EXP 	image: image = 'game.jpg'
41.4186 	EXP 	image: image = 'game.jpg'
41.4346 	EXP 	image: image = 'game.jpg'
41.4524 	EXP 	image: image = 'game.jpg'
41.4692 	EXP 	image: image = 'game.jpg'
41.4863 	EXP 	image: image = 'game.jpg'
41.5021 	EXP 	image: image = 'game.jpg'
41.5191 	EXP 	image: image = 'game.jpg'
41.5361 	EXP 	image: image = 'game.jpg'
41.5530 	EXP 	image: image = 'game.jpg'
41.5696 	EXP 	image: image = 'game.jpg'
41.5870 	EXP 	image: image = 'game.jpg'
41.6034 	EXP 	image: image = 'game.jpg'
41.6201 	EXP 	image: image = 'game.jpg'
41.6371 	EXP 	image: image = 'game.jpg'
41.6533 	EXP 	image: image = 'game.jpg'
41.6691 	EXP 	image: image = 'game.jpg'
41.6867 	EXP 	image: image = 'game.jpg'
41.7034 	EXP 	image: image = 'game.jpg'
41.7320 	EXP 	image: image = 'game.jpg'
41.7396 	EXP 	image: image = 'game.jpg'
41.7595 	EXP 	image: image = 'game.jpg'
41.7719 	EXP 	image: image = 'game.jpg'
41.7976 	EXP 	image: image = 'game.jpg'
41.8056 	EXP 	image: image = 'game.jpg'
41.8237 	EXP 	image: image = 'game.jpg'
41.8405 	EXP 	image: image = 'game.jpg'
41.8560 	EXP 	image: image = 'game.jpg'
41.8730 	EXP 	image: image = 'game.jpg'
41.8897 	EXP 	image: image = 'game.jpg'
41.9061 	EXP 	image: image = 'game.jpg'
41.9237 	EXP 	image: image = 'game.jpg'
41.9402 	EXP 	image: image = 'game.jpg'
41.9559 	EXP 	image: image = 'game.jpg'
41.9737 	EXP 	image: image = 'game.jpg'
41.9888 	EXP 	image: image = 'game.jpg'
42.0053 	EXP 	image: image = 'game.jpg'
42.0240 	EXP 	image: image = 'game.jpg'
42.0381 	EXP 	image: image = 'game.jpg'
42.0570 	EXP 	image: image = 'game.jpg'
42.0721 	EXP 	image: image = 'game.jpg'
42.0881 	EXP 	image: image = 'game.jpg'
42.1071 	EXP 	image: image = 'game.jpg'
42.1239 	EXP 	image: image = 'game.jpg'
42.1433 	EXP 	image: image = 'game.jpg'
42.1602 	EXP 	image: image = 'game.jpg'
42.1761 	EXP 	image: image = 'game.jpg'
42.1907 	EXP 	image: image = 'game.jpg'
42.2058 	EXP 	image: image = 'game.jpg'
42.2378 	EXP 	image: image = 'game.jpg'
42.2457 	EXP 	image: image = 'game.jpg'
42.2667 	EXP 	image: image = 'game.jpg'
42.2835 	EXP 	image: image = 'game.jpg'
42.2980 	EXP 	image: image = 'game.jpg'
42.3115 	EXP 	image: image = 'game.jpg'
42.3296 	EXP 	image: image = 'game.jpg'
42.3469 	EXP 	image: image = 'game.jpg'
42.3668 	EXP 	image: image = 'game.jpg'
42.3822 	EXP 	image: image = 'game.jpg'
42.3951 	EXP 	image: image = 'game.jpg'
42.4163 	EXP 	image: image = 'game.jpg'
42.4333 	EXP 	image: image = 'game.jpg'
42.4464 	EXP 	image: image = 'game.jpg'
42.4659 	EXP 	image: image = 'game.jpg'
42.4789 	EXP 	image: image = 'game.jpg'
42.4981 	EXP 	image: image = 'game.jpg'
42.5114 	EXP 	image: image = 'game.jpg'
42.5338 	EXP 	image: image = 'game.jpg'
42.5486 	EXP 	image: image = 'game.jpg'
42.5743 	EXP 	image: image = 'game.jpg'
42.5810 	EXP 	image: image = 'game.jpg'
42.5982 	EXP 	image: image = 'game.jpg'
42.6165 	EXP 	image: image = 'game.jpg'
42.6331 	EXP 	image: image = 'game.jpg'
42.6484 	EXP 	image: image = 'game.jpg'
42.6655 	EXP 	image: image = 'game.jpg'
42.6815 	EXP 	image: image = 'game.jpg'
42.6988 	EXP 	image: image = 'game.jpg'
42.7154 	EXP 	image: image = 'game.jpg'
42.7324 	EXP 	image: image = 'game.jpg'
42.7478 	EXP 	image: image = 'game.jpg'
42.7654 	EXP 	image: image = 'game.jpg'
42.7822 	EXP 	image: image = 'game.jpg'
42.7984 	EXP 	image: image = 'game.jpg'
42.8150 	EXP 	image: image = 'game.jpg'
42.8325 	EXP 	image: image = 'game.jpg'
42.8492 	EXP 	image: image = 'game.jpg'
42.8752 	EXP 	image: image = 'game.jpg'
42.8839 	EXP 	image: image = 'game.jpg'
42.8991 	EXP 	image: image = 'game.jpg'
