0.6847 	WARNING 	We strongly recommend you activate the PTB sound engine in PsychoPy prefs as the preferred audio engine. Its timing is vastly superior. Your prefs are currently set to use ['sounddevice', 'PTB', 'pyo', 'pygame'] (in that order).
2.2506 	WARNING 	Import Error: No module named 'psychtoolbox'. Using event module for keyboard component.
3.9666 	WARNING 	User requested fullscreen with size [1920 1080], but screen is actually [3440, 1440]. Using actual size
4.3292 	WARNING 	Framebuffer object (FBO) not supported on this graphics card
4.4843 	EXP 	Created window1 = Window(allowGUI=False, allowStencil=False, args=UNKNOWN, autoLog=True, bitsMode=UNKNOWN, blendMode='avg', bpc=UNKNOWN, color=array([-1., -1., -1.]), colorSpace='rgb', depthBits=UNKNOWN, fullscr=<method-wrapper '__getattribute__' of attributeSetter object at 0x000001BDFFBB0580>, gamma=None, gammaErrorPolicy='raise', kwargs=UNKNOWN, lms=UNKNOWN, monitor=<psychopy.monitors.calibTools.Monitor object at 0x000001BDFFC38340>, multiSample=False, name='window1', numSamples=2, pos=None, screen=2, size=array([3440, 1440]), stencilBits=UNKNOWN, stereo=False, units='height', useFBO=False, useRetina=False, viewOri=0.0, viewPos=None, viewScale=None, waitBlanking=True, winType='pygame')
4.4846 	EXP 	window1: mouseVisible = True
4.4846 	EXP 	window1: recordFrameIntervals = False
4.4958 	EXP 	window1: recordFrameIntervals = True
4.4983 	WARNING 	t of last frame was 1.15ms (=1/870)
4.4994 	WARNING 	t of last frame was 1.10ms (=1/905)
4.5005 	WARNING 	t of last frame was 1.06ms (=1/944)
4.5017 	WARNING 	t of last frame was 1.18ms (=1/844)
4.5052 	WARNING 	Multiple dropped frames have occurred - I'll stop bothering you about them!
4.5107 	EXP 	window1: recordFrameIntervals = False
7.2849 	EXP 	Created square1 = Rect(__class__=<class 'psychopy.visual.rect.Rect'>, autoDraw=False, autoLog=True, closeShape=True, color=method-wrapper(...), colorSpace=None, contrast=1.0, depth=-1.0, fillColor=array([1., 1., 1.]), fillColorSpace='rgb', fillRGB=array([1., 1., 1.]), interpolate=True, lineColor=array([1., 1., 1.]), lineColorSpace='rgb', lineRGB=array([1., 1., 1.]), lineWidth=1, name='square1', opacity=1.0, ori=array(0.), pos=array([  0., 400.]), size=array([200., 200.]), units='pix', vertices=ndarray(...), win=Window(...))
7.2862 	EXP 	Created square2 = Rect(__class__=<class 'psychopy.visual.rect.Rect'>, autoDraw=False, autoLog=True, closeShape=True, color=method-wrapper(...), colorSpace=None, contrast=1.0, depth=-2.0, fillColor=array([1., 1., 1.]), fillColorSpace='rgb', fillRGB=array([1., 1., 1.]), interpolate=True, lineColor=array([1., 1., 1.]), lineColorSpace='rgb', lineRGB=array([1., 1., 1.]), lineWidth=1, name='square2', opacity=1.0, ori=array(0.), pos=array([-400.,    0.]), size=array([200., 200.]), units='pix', vertices=ndarray(...), win=Window(...))
7.2873 	EXP 	Created square3 = Rect(__class__=<class 'psychopy.visual.rect.Rect'>, autoDraw=False, autoLog=True, closeShape=True, color=method-wrapper(...), colorSpace=None, contrast=1.0, depth=-3.0, fillColor=array([1., 1., 1.]), fillColorSpace='rgb', fillRGB=array([1., 1., 1.]), interpolate=True, lineColor=array([1., 1., 1.]), lineColorSpace='rgb', lineRGB=array([1., 1., 1.]), lineWidth=1, name='square3', opacity=1.0, ori=array(0.), pos=array([400.,   0.]), size=array([200., 200.]), units='pix', vertices=ndarray(...), win=Window(...))
7.2885 	EXP 	Created square4 = Rect(__class__=<class 'psychopy.visual.rect.Rect'>, autoDraw=False, autoLog=True, closeShape=True, color=method-wrapper(...), colorSpace=None, contrast=1.0, depth=-4.0, fillColor=array([1., 1., 1.]), fillColorSpace='rgb', fillRGB=array([1., 1., 1.]), interpolate=True, lineColor=array([1., 1., 1.]), lineColorSpace='rgb', lineRGB=array([1., 1., 1.]), lineWidth=1, name='square4', opacity=1.0, ori=array(0.), pos=array([   0., -400.]), size=array([200., 200.]), units='pix', vertices=ndarray(...), win=Window(...))
7.3003 	EXP 	Created image = ImageStim(__class__=<class 'psychopy.visual.image.ImageStim'>, autoLog=True, color=array([1., 1., 1.]), colorSpace='rgb', contrast=1.0, depth=-6.0, flipHoriz=False, flipVert=False, image='sin', interpolate=True, mask=None, maskParams=None, name='image', opacity=1.0, ori=0.0, pos=array([0., 0.]), size=array([0.3, 0.3]), texRes=128, units='height', win=Window(...))
7.3265 	EXP 	image: image = 'game.jpg'
7.3265 	EXP 	square1: autoDraw = True
7.3265 	EXP 	square2: autoDraw = True
7.3265 	EXP 	square3: autoDraw = True
7.3265 	EXP 	square4: autoDraw = True
7.3265 	EXP 	image: autoDraw = True
10.3264 	EXP 	square1: autoDraw = False
10.3264 	EXP 	square2: autoDraw = False
10.3264 	EXP 	square3: autoDraw = False
10.3264 	EXP 	square4: autoDraw = False
22.6990 	EXP 	window1: mouseVisible = True
