0.2534 	WARNING 	We strongly recommend you activate the PTB sound engine in PsychoPy prefs as the preferred audio engine. Its timing is vastly superior. Your prefs are currently set to use ['sounddevice', 'PTB', 'pyo', 'pygame'] (in that order).
1.6850 	WARNING 	Import Error: No module named 'psychtoolbox'. Using event module for keyboard component.
4.3086 	WARNING 	User requested fullscreen with size [1920 1080], but screen is actually [3440, 1440]. Using actual size
4.5037 	WARNING 	Framebuffer object (FBO) not supported on this graphics card
4.6018 	EXP 	Created window1 = Window(allowGUI=False, allowStencil=False, args=UNKNOWN, autoLog=True, bitsMode=UNKNOWN, blendMode='avg', bpc=UNKNOWN, color=array([-1., -1., -1.]), colorSpace='rgb', depthBits=UNKNOWN, fullscr=<method-wrapper '__getattribute__' of attributeSetter object at 0x000001EDF8B3CDC0>, gamma=None, gammaErrorPolicy='raise', kwargs=UNKNOWN, lms=UNKNOWN, monitor=<psychopy.monitors.calibTools.Monitor object at 0x000001EDF8B9ECD0>, multiSample=False, name='window1', numSamples=2, pos=None, screen=2, size=array([3440, 1440]), stencilBits=UNKNOWN, stereo=False, units='height', useFBO=False, useRetina=False, viewOri=0.0, viewPos=None, viewScale=None, waitBlanking=True, winType='pygame')
4.6022 	EXP 	window1: mouseVisible = True
4.6022 	EXP 	window1: recordFrameIntervals = False
4.6096 	EXP 	window1: recordFrameIntervals = True
4.6114 	WARNING 	t of last frame was 1.21ms (=1/827)
4.6178 	EXP 	window1: recordFrameIntervals = False
4.6402 	EXP 	Created square1 = Rect(__class__=<class 'psychopy.visual.rect.Rect'>, autoDraw=False, autoLog=True, closeShape=True, color=method-wrapper(...), colorSpace=None, contrast=1.0, depth=-1.0, fillColor=array([1., 1., 1.]), fillColorSpace='rgb', fillRGB=array([1., 1., 1.]), interpolate=True, lineColor=array([1., 1., 1.]), lineColorSpace='rgb', lineRGB=array([1., 1., 1.]), lineWidth=1, name='square1', opacity=1.0, ori=array(0.), pos=array([  0., 400.]), size=array([200., 200.]), units='pix', vertices=ndarray(...), win=Window(...))
4.6414 	EXP 	Created square2 = Rect(__class__=<class 'psychopy.visual.rect.Rect'>, autoDraw=False, autoLog=True, closeShape=True, color=method-wrapper(...), colorSpace=None, contrast=1.0, depth=-2.0, fillColor=array([1., 1., 1.]), fillColorSpace='rgb', fillRGB=array([1., 1., 1.]), interpolate=True, lineColor=array([1., 1., 1.]), lineColorSpace='rgb', lineRGB=array([1., 1., 1.]), lineWidth=1, name='square2', opacity=1.0, ori=array(0.), pos=array([-400.,    0.]), size=array([200., 200.]), units='pix', vertices=ndarray(...), win=Window(...))
4.6423 	EXP 	Created square3 = Rect(__class__=<class 'psychopy.visual.rect.Rect'>, autoDraw=False, autoLog=True, closeShape=True, color=method-wrapper(...), colorSpace=None, contrast=1.0, depth=-3.0, fillColor=array([1., 1., 1.]), fillColorSpace='rgb', fillRGB=array([1., 1., 1.]), interpolate=True, lineColor=array([1., 1., 1.]), lineColorSpace='rgb', lineRGB=array([1., 1., 1.]), lineWidth=1, name='square3', opacity=1.0, ori=array(0.), pos=array([400.,   0.]), size=array([200., 200.]), units='pix', vertices=ndarray(...), win=Window(...))
4.6432 	EXP 	Created square4 = Rect(__class__=<class 'psychopy.visual.rect.Rect'>, autoDraw=False, autoLog=True, closeShape=True, color=method-wrapper(...), colorSpace=None, contrast=1.0, depth=-4.0, fillColor=array([1., 1., 1.]), fillColorSpace='rgb', fillRGB=array([1., 1., 1.]), interpolate=True, lineColor=array([1., 1., 1.]), lineColorSpace='rgb', lineRGB=array([1., 1., 1.]), lineWidth=1, name='square4', opacity=1.0, ori=array(0.), pos=array([   0., -400.]), size=array([200., 200.]), units='pix', vertices=ndarray(...), win=Window(...))
4.6534 	EXP 	Created image = ImageStim(__class__=<class 'psychopy.visual.image.ImageStim'>, autoLog=True, color=array([1., 1., 1.]), colorSpace='rgb', contrast=1.0, depth=-6.0, flipHoriz=False, flipVert=False, image='sin', interpolate=True, mask=None, maskParams=None, name='image', opacity=1.0, ori=0.0, pos=array([0., 0.]), size=array([0.3, 0.3]), texRes=128, units='height', win=Window(...))
0.2463 	WARNING 	We strongly recommend you activate the PTB sound engine in PsychoPy prefs as the preferred audio engine. Its timing is vastly superior. Your prefs are currently set to use ['sounddevice', 'PTB', 'pyo', 'pygame'] (in that order).
1.4845 	WARNING 	Import Error: No module named 'psychtoolbox'. Using event module for keyboard component.
3.9888 	WARNING 	User requested fullscreen with size [1920 1080], but screen is actually [3440, 1440]. Using actual size
4.1871 	WARNING 	Framebuffer object (FBO) not supported on this graphics card
4.2964 	EXP 	Created window1 = Window(allowGUI=False, allowStencil=False, args=UNKNOWN, autoLog=True, bitsMode=UNKNOWN, blendMode='avg', bpc=UNKNOWN, color=array([-1., -1., -1.]), colorSpace='rgb', depthBits=UNKNOWN, fullscr=<method-wrapper '__getattribute__' of attributeSetter object at 0x0000020C91E9DDC0>, gamma=None, gammaErrorPolicy='raise', kwargs=UNKNOWN, lms=UNKNOWN, monitor=<psychopy.monitors.calibTools.Monitor object at 0x0000020C91EFFCD0>, multiSample=False, name='window1', numSamples=2, pos=None, screen=2, size=array([3440, 1440]), stencilBits=UNKNOWN, stereo=False, units='height', useFBO=False, useRetina=False, viewOri=0.0, viewPos=None, viewScale=None, waitBlanking=True, winType='pygame')
4.2967 	EXP 	window1: mouseVisible = True
4.2968 	EXP 	window1: recordFrameIntervals = False
4.3046 	EXP 	window1: recordFrameIntervals = True
4.3084 	WARNING 	t of last frame was 1.16ms (=1/863)
4.3121 	EXP 	window1: recordFrameIntervals = False
4.3309 	EXP 	Created square1 = Rect(__class__=<class 'psychopy.visual.rect.Rect'>, autoDraw=False, autoLog=True, closeShape=True, color=method-wrapper(...), colorSpace=None, contrast=1.0, depth=-1.0, fillColor=array([1., 1., 1.]), fillColorSpace='rgb', fillRGB=array([1., 1., 1.]), interpolate=True, lineColor=array([1., 1., 1.]), lineColorSpace='rgb', lineRGB=array([1., 1., 1.]), lineWidth=1, name='square1', opacity=1.0, ori=array(0.), pos=array([  0., 400.]), size=array([200., 200.]), units='pix', vertices=ndarray(...), win=Window(...))
4.3318 	EXP 	Created square2 = Rect(__class__=<class 'psychopy.visual.rect.Rect'>, autoDraw=False, autoLog=True, closeShape=True, color=method-wrapper(...), colorSpace=None, contrast=1.0, depth=-2.0, fillColor=array([1., 1., 1.]), fillColorSpace='rgb', fillRGB=array([1., 1., 1.]), interpolate=True, lineColor=array([1., 1., 1.]), lineColorSpace='rgb', lineRGB=array([1., 1., 1.]), lineWidth=1, name='square2', opacity=1.0, ori=array(0.), pos=array([-400.,    0.]), size=array([200., 200.]), units='pix', vertices=ndarray(...), win=Window(...))
4.3327 	EXP 	Created square3 = Rect(__class__=<class 'psychopy.visual.rect.Rect'>, autoDraw=False, autoLog=True, closeShape=True, color=method-wrapper(...), colorSpace=None, contrast=1.0, depth=-3.0, fillColor=array([1., 1., 1.]), fillColorSpace='rgb', fillRGB=array([1., 1., 1.]), interpolate=True, lineColor=array([1., 1., 1.]), lineColorSpace='rgb', lineRGB=array([1., 1., 1.]), lineWidth=1, name='square3', opacity=1.0, ori=array(0.), pos=array([400.,   0.]), size=array([200., 200.]), units='pix', vertices=ndarray(...), win=Window(...))
4.3336 	EXP 	Created square4 = Rect(__class__=<class 'psychopy.visual.rect.Rect'>, autoDraw=False, autoLog=True, closeShape=True, color=method-wrapper(...), colorSpace=None, contrast=1.0, depth=-4.0, fillColor=array([1., 1., 1.]), fillColorSpace='rgb', fillRGB=array([1., 1., 1.]), interpolate=True, lineColor=array([1., 1., 1.]), lineColorSpace='rgb', lineRGB=array([1., 1., 1.]), lineWidth=1, name='square4', opacity=1.0, ori=array(0.), pos=array([   0., -400.]), size=array([200., 200.]), units='pix', vertices=ndarray(...), win=Window(...))
4.3407 	EXP 	Created image = ImageStim(__class__=<class 'psychopy.visual.image.ImageStim'>, autoLog=True, color=array([1., 1., 1.]), colorSpace='rgb', contrast=1.0, depth=-6.0, flipHoriz=False, flipVert=False, image='sin', interpolate=True, mask=None, maskParams=None, name='image', opacity=1.0, ori=0.0, pos=array([0., 0.]), size=array([0.3, 0.3]), texRes=128, units='height', win=Window(...))
4.3806 	EXP 	image: image = 'game.jpg'
4.3806 	EXP 	image: image = 'game.jpg'
4.3806 	EXP 	square1: autoDraw = True
4.3806 	EXP 	square2: autoDraw = True
4.3806 	EXP 	square3: autoDraw = True
4.3806 	EXP 	square4: autoDraw = True
4.3806 	EXP 	image: autoDraw = True
4.3993 	EXP 	image: image = 'game.jpg'
4.4166 	EXP 	image: image = 'game.jpg'
4.4324 	EXP 	image: image = 'game.jpg'
4.4498 	EXP 	image: image = 'game.jpg'
4.4807 	EXP 	image: image = 'game.jpg'
4.4916 	EXP 	image: image = 'game.jpg'
4.5048 	EXP 	image: image = 'game.jpg'
4.5227 	EXP 	image: image = 'game.jpg'
4.5383 	EXP 	image: image = 'game.jpg'
4.5541 	EXP 	image: image = 'game.jpg'
4.5718 	EXP 	image: image = 'game.jpg'
4.5891 	EXP 	image: image = 'game.jpg'
4.6044 	EXP 	image: image = 'game.jpg'
4.6215 	EXP 	image: image = 'game.jpg'
4.6375 	EXP 	image: image = 'game.jpg'
4.6547 	EXP 	image: image = 'game.jpg'
4.6715 	EXP 	image: image = 'game.jpg'
4.6876 	EXP 	image: image = 'game.jpg'
4.7159 	EXP 	image: image = 'game.jpg'
4.7261 	EXP 	image: image = 'game.jpg'
4.7420 	EXP 	image: image = 'game.jpg'
4.7565 	EXP 	image: image = 'game.jpg'
4.7732 	EXP 	image: image = 'game.jpg'
4.7900 	EXP 	image: image = 'game.jpg'
4.8106 	EXP 	image: image = 'game.jpg'
4.8225 	EXP 	image: image = 'game.jpg'
4.8605 	EXP 	image: image = 'game.jpg'
4.8740 	EXP 	image: image = 'game.jpg'
4.8868 	EXP 	image: image = 'game.jpg'
4.9009 	EXP 	image: image = 'game.jpg'
4.9216 	EXP 	image: image = 'game.jpg'
4.9358 	EXP 	image: image = 'game.jpg'
4.9515 	EXP 	image: image = 'game.jpg'
4.9674 	EXP 	image: image = 'game.jpg'
5.0039 	EXP 	image: image = 'game.jpg'
5.0108 	EXP 	image: image = 'game.jpg'
5.0327 	EXP 	image: image = 'game.jpg'
5.0436 	EXP 	image: image = 'game.jpg'
5.0610 	EXP 	image: image = 'game.jpg'
5.0777 	EXP 	image: image = 'game.jpg'
5.1046 	EXP 	image: image = 'game.jpg'
5.1152 	EXP 	image: image = 'game.jpg'
5.1293 	EXP 	image: image = 'game.jpg'
5.1447 	EXP 	image: image = 'game.jpg'
5.1615 	EXP 	image: image = 'game.jpg'
5.1799 	EXP 	image: image = 'game.jpg'
5.1974 	EXP 	image: image = 'game.jpg'
5.2129 	EXP 	image: image = 'game.jpg'
5.2329 	EXP 	image: image = 'game.jpg'
5.2457 	EXP 	image: image = 'game.jpg'
5.2616 	EXP 	image: image = 'game.jpg'
5.2793 	EXP 	image: image = 'game.jpg'
5.2953 	EXP 	image: image = 'game.jpg'
5.3119 	EXP 	image: image = 'game.jpg'
5.3283 	EXP 	image: image = 'game.jpg'
5.3457 	EXP 	image: image = 'game.jpg'
5.3635 	EXP 	image: image = 'game.jpg'
5.3798 	EXP 	image: image = 'game.jpg'
5.3958 	EXP 	image: image = 'game.jpg'
5.4121 	EXP 	image: image = 'game.jpg'
5.4294 	EXP 	image: image = 'game.jpg'
5.4597 	EXP 	image: image = 'game.jpg'
5.4675 	EXP 	image: image = 'game.jpg'
5.4851 	EXP 	image: image = 'game.jpg'
5.5122 	EXP 	image: image = 'game.jpg'
5.5237 	EXP 	image: image = 'game.jpg'
5.5366 	EXP 	image: image = 'game.jpg'
5.5535 	EXP 	image: image = 'game.jpg'
5.5695 	EXP 	image: image = 'game.jpg'
5.5865 	EXP 	image: image = 'game.jpg'
5.6025 	EXP 	image: image = 'game.jpg'
5.6195 	EXP 	image: image = 'game.jpg'
5.6362 	EXP 	image: image = 'game.jpg'
5.6620 	EXP 	image: image = 'game.jpg'
5.6689 	EXP 	image: image = 'game.jpg'
5.6864 	EXP 	image: image = 'game.jpg'
5.7028 	EXP 	image: image = 'game.jpg'
5.7197 	EXP 	image: image = 'game.jpg'
5.7362 	EXP 	image: image = 'game.jpg'
5.7538 	EXP 	image: image = 'game.jpg'
5.7692 	EXP 	image: image = 'game.jpg'
5.7866 	EXP 	image: image = 'game.jpg'
5.8024 	EXP 	image: image = 'game.jpg'
5.8191 	EXP 	image: image = 'game.jpg'
5.8366 	EXP 	image: image = 'game.jpg'
5.8526 	EXP 	image: image = 'game.jpg'
5.8695 	EXP 	image: image = 'game.jpg'
5.8864 	EXP 	image: image = 'game.jpg'
5.9045 	EXP 	image: image = 'game.jpg'
5.9201 	EXP 	image: image = 'game.jpg'
5.9366 	EXP 	image: image = 'game.jpg'
5.9536 	EXP 	image: image = 'game.jpg'
5.9693 	EXP 	image: image = 'game.jpg'
5.9867 	EXP 	image: image = 'game.jpg'
6.0032 	EXP 	image: image = 'game.jpg'
6.0195 	EXP 	image: image = 'game.jpg'
6.0375 	EXP 	image: image = 'game.jpg'
6.0527 	EXP 	image: image = 'game.jpg'
6.0714 	EXP 	image: image = 'game.jpg'
6.0865 	EXP 	image: image = 'game.jpg'
6.1041 	EXP 	image: image = 'game.jpg'
6.1204 	EXP 	image: image = 'game.jpg'
6.1368 	EXP 	image: image = 'game.jpg'
6.1528 	EXP 	image: image = 'game.jpg'
6.1693 	EXP 	image: image = 'game.jpg'
6.1861 	EXP 	image: image = 'game.jpg'
6.2035 	EXP 	image: image = 'game.jpg'
6.2198 	EXP 	image: image = 'game.jpg'
6.2369 	EXP 	image: image = 'game.jpg'
6.2526 	EXP 	image: image = 'game.jpg'
6.2694 	EXP 	image: image = 'game.jpg'
6.2866 	EXP 	image: image = 'game.jpg'
6.3032 	EXP 	image: image = 'game.jpg'
6.3198 	EXP 	image: image = 'game.jpg'
6.3370 	EXP 	image: image = 'game.jpg'
6.3525 	EXP 	image: image = 'game.jpg'
6.3689 	EXP 	image: image = 'game.jpg'
6.3861 	EXP 	image: image = 'game.jpg'
6.4032 	EXP 	image: image = 'game.jpg'
6.4204 	EXP 	image: image = 'game.jpg'
6.4362 	EXP 	image: image = 'game.jpg'
6.4532 	EXP 	image: image = 'game.jpg'
6.4694 	EXP 	image: image = 'game.jpg'
6.4971 	EXP 	image: image = 'game.jpg'
6.5033 	EXP 	image: image = 'game.jpg'
6.5212 	EXP 	image: image = 'game.jpg'
6.5377 	EXP 	image: image = 'game.jpg'
6.5552 	EXP 	image: image = 'game.jpg'
6.5727 	EXP 	image: image = 'game.jpg'
6.5867 	EXP 	image: image = 'game.jpg'
6.6043 	EXP 	image: image = 'game.jpg'
6.6199 	EXP 	image: image = 'game.jpg'
6.6385 	EXP 	image: image = 'game.jpg'
6.6534 	EXP 	image: image = 'game.jpg'
6.6696 	EXP 	image: image = 'game.jpg'
6.6871 	EXP 	image: image = 'game.jpg'
6.7188 	EXP 	image: image = 'game.jpg'
6.7292 	EXP 	image: image = 'game.jpg'
6.7426 	EXP 	image: image = 'game.jpg'
6.7594 	EXP 	image: image = 'game.jpg'
6.7757 	EXP 	image: image = 'game.jpg'
6.8060 	EXP 	image: image = 'game.jpg'
6.8135 	EXP 	image: image = 'game.jpg'
6.8310 	EXP 	image: image = 'game.jpg'
6.8474 	EXP 	image: image = 'game.jpg'
6.8632 	EXP 	image: image = 'game.jpg'
6.8820 	EXP 	image: image = 'game.jpg'
6.8979 	EXP 	image: image = 'game.jpg'
6.9132 	EXP 	image: image = 'game.jpg'
6.9302 	EXP 	image: image = 'game.jpg'
6.9619 	EXP 	image: image = 'game.jpg'
6.9690 	EXP 	image: image = 'game.jpg'
6.9847 	EXP 	image: image = 'game.jpg'
7.0149 	EXP 	image: image = 'game.jpg'
7.0264 	EXP 	image: image = 'game.jpg'
7.0392 	EXP 	image: image = 'game.jpg'
7.0552 	EXP 	image: image = 'game.jpg'
7.0715 	EXP 	image: image = 'game.jpg'
7.0882 	EXP 	image: image = 'game.jpg'
7.1063 	EXP 	image: image = 'game.jpg'
7.1219 	EXP 	image: image = 'game.jpg'
7.1390 	EXP 	image: image = 'game.jpg'
7.1546 	EXP 	image: image = 'game.jpg'
7.1720 	EXP 	image: image = 'game.jpg'
7.1888 	EXP 	image: image = 'game.jpg'
7.2041 	EXP 	image: image = 'game.jpg'
7.2221 	EXP 	image: image = 'game.jpg'
7.2384 	EXP 	image: image = 'game.jpg'
7.2703 	EXP 	image: image = 'game.jpg'
7.2823 	EXP 	image: image = 'game.jpg'
7.2950 	EXP 	image: image = 'game.jpg'
7.3110 	EXP 	image: image = 'game.jpg'
7.3285 	EXP 	image: image = 'game.jpg'
7.3450 	EXP 	image: image = 'game.jpg'
7.3609 	EXP 	image: image = 'game.jpg'
7.3839 	EXP 	image: image = 'game.jpg'
7.3985 	EXP 	image: image = 'game.jpg'
7.4125 	EXP 	image: image = 'game.jpg'
7.4285 	EXP 	image: image = 'game.jpg'
7.4744 	EXP 	image: image = 'game.jpg'
7.4962 	EXP 	image: image = 'game.jpg'
7.5106 	EXP 	image: image = 'game.jpg'
7.5297 	EXP 	image: image = 'game.jpg'
7.5450 	EXP 	image: image = 'game.jpg'
7.5616 	EXP 	image: image = 'game.jpg'
7.5777 	EXP 	image: image = 'game.jpg'
7.6004 	EXP 	image: image = 'game.jpg'
7.6129 	EXP 	image: image = 'game.jpg'
7.6297 	EXP 	image: image = 'game.jpg'
7.6444 	EXP 	image: image = 'game.jpg'
7.6628 	EXP 	image: image = 'game.jpg'
7.6809 	EXP 	image: image = 'game.jpg'
7.6956 	EXP 	image: image = 'game.jpg'
7.7122 	EXP 	image: image = 'game.jpg'
7.7282 	EXP 	image: image = 'game.jpg'
7.7444 	EXP 	image: image = 'game.jpg'
7.7615 	EXP 	image: image = 'game.jpg'
7.7945 	EXP 	image: image = 'game.jpg'
7.8055 	EXP 	image: image = 'game.jpg'
7.8189 	EXP 	image: image = 'game.jpg'
7.8353 	EXP 	image: image = 'game.jpg'
7.8517 	EXP 	image: image = 'game.jpg'
7.8684 	EXP 	image: image = 'game.jpg'
7.8850 	EXP 	image: image = 'game.jpg'
7.9028 	EXP 	image: image = 'game.jpg'
7.9188 	EXP 	image: image = 'game.jpg'
7.9351 	EXP 	image: image = 'game.jpg'
7.9531 	EXP 	image: image = 'game.jpg'
7.9682 	EXP 	image: image = 'game.jpg'
7.9847 	EXP 	image: image = 'game.jpg'
8.0020 	EXP 	image: image = 'game.jpg'
8.0186 	EXP 	image: image = 'game.jpg'
8.0345 	EXP 	image: image = 'game.jpg'
8.0514 	EXP 	image: image = 'game.jpg'
8.0767 	EXP 	image: image = 'game.jpg'
8.0845 	EXP 	image: image = 'game.jpg'
8.1091 	EXP 	image: image = 'game.jpg'
8.1183 	EXP 	image: image = 'game.jpg'
8.1352 	EXP 	image: image = 'game.jpg'
8.1517 	EXP 	image: image = 'game.jpg'
8.1685 	EXP 	image: image = 'game.jpg'
8.1844 	EXP 	image: image = 'game.jpg'
8.2070 	EXP 	image: image = 'game.jpg'
8.2176 	EXP 	image: image = 'game.jpg'
8.2345 	EXP 	image: image = 'game.jpg'
8.2524 	EXP 	image: image = 'game.jpg'
8.2682 	EXP 	image: image = 'game.jpg'
8.2861 	EXP 	image: image = 'game.jpg'
8.3017 	EXP 	image: image = 'game.jpg'
8.3190 	EXP 	image: image = 'game.jpg'
8.3355 	EXP 	image: image = 'game.jpg'
8.3525 	EXP 	image: image = 'game.jpg'
8.3680 	EXP 	image: image = 'game.jpg'
8.3849 	EXP 	image: image = 'game.jpg'
8.4016 	EXP 	image: image = 'game.jpg'
8.4185 	EXP 	image: image = 'game.jpg'
8.4353 	EXP 	image: image = 'game.jpg'
8.4544 	EXP 	image: image = 'game.jpg'
8.4688 	EXP 	image: image = 'game.jpg'
8.4860 	EXP 	image: image = 'game.jpg'
8.5027 	EXP 	image: image = 'game.jpg'
8.5184 	EXP 	image: image = 'game.jpg'
8.5360 	EXP 	image: image = 'game.jpg'
8.5527 	EXP 	image: image = 'game.jpg'
8.5687 	EXP 	image: image = 'game.jpg'
8.5853 	EXP 	image: image = 'game.jpg'
8.6027 	EXP 	image: image = 'game.jpg'
8.6193 	EXP 	image: image = 'game.jpg'
8.6358 	EXP 	image: image = 'game.jpg'
8.6523 	EXP 	image: image = 'game.jpg'
8.6798 	EXP 	image: image = 'game.jpg'
8.6908 	EXP 	image: image = 'game.jpg'
8.7029 	EXP 	image: image = 'game.jpg'
8.7202 	EXP 	image: image = 'game.jpg'
8.7369 	EXP 	image: image = 'game.jpg'
8.7535 	EXP 	image: image = 'game.jpg'
8.7702 	EXP 	image: image = 'game.jpg'
8.7869 	EXP 	image: image = 'game.jpg'
8.8033 	EXP 	image: image = 'game.jpg'
8.8205 	EXP 	image: image = 'game.jpg'
8.8373 	EXP 	image: image = 'game.jpg'
8.8537 	EXP 	image: image = 'game.jpg'
8.8711 	EXP 	image: image = 'game.jpg'
8.8882 	EXP 	image: image = 'game.jpg'
8.9034 	EXP 	image: image = 'game.jpg'
8.9211 	EXP 	image: image = 'game.jpg'
8.9381 	EXP 	image: image = 'game.jpg'
8.9542 	EXP 	image: image = 'game.jpg'
8.9700 	EXP 	image: image = 'game.jpg'
8.9871 	EXP 	image: image = 'game.jpg'
9.0032 	EXP 	image: image = 'game.jpg'
9.0207 	EXP 	image: image = 'game.jpg'
9.0365 	EXP 	image: image = 'game.jpg'
9.0534 	EXP 	image: image = 'game.jpg'
9.0700 	EXP 	image: image = 'game.jpg'
9.0885 	EXP 	image: image = 'game.jpg'
9.1047 	EXP 	image: image = 'game.jpg'
9.1192 	EXP 	image: image = 'game.jpg'
9.1377 	EXP 	image: image = 'game.jpg'
9.1547 	EXP 	image: image = 'game.jpg'
9.1699 	EXP 	image: image = 'game.jpg'
9.1879 	EXP 	image: image = 'game.jpg'
9.2033 	EXP 	image: image = 'game.jpg'
9.2213 	EXP 	image: image = 'game.jpg'
9.2365 	EXP 	image: image = 'game.jpg'
9.2535 	EXP 	image: image = 'game.jpg'
9.2695 	EXP 	image: image = 'game.jpg'
9.2864 	EXP 	image: image = 'game.jpg'
9.3042 	EXP 	image: image = 'game.jpg'
9.3207 	EXP 	image: image = 'game.jpg'
9.3368 	EXP 	image: image = 'game.jpg'
9.3547 	EXP 	image: image = 'game.jpg'
9.3703 	EXP 	image: image = 'game.jpg'
9.3869 	EXP 	image: image = 'game.jpg'
9.4034 	EXP 	image: image = 'game.jpg'
9.4200 	EXP 	image: image = 'game.jpg'
9.4370 	EXP 	image: image = 'game.jpg'
9.4535 	EXP 	image: image = 'game.jpg'
9.4698 	EXP 	image: image = 'game.jpg'
9.4860 	EXP 	image: image = 'game.jpg'
9.5040 	EXP 	image: image = 'game.jpg'
9.5200 	EXP 	image: image = 'game.jpg'
9.5356 	EXP 	image: image = 'game.jpg'
9.5556 	EXP 	image: image = 'game.jpg'
9.5696 	EXP 	image: image = 'game.jpg'
9.5863 	EXP 	image: image = 'game.jpg'
9.6043 	EXP 	image: image = 'game.jpg'
9.6209 	EXP 	image: image = 'game.jpg'
9.6376 	EXP 	image: image = 'game.jpg'
9.6535 	EXP 	image: image = 'game.jpg'
9.6703 	EXP 	image: image = 'game.jpg'
9.6864 	EXP 	image: image = 'game.jpg'
9.7193 	EXP 	image: image = 'game.jpg'
9.7296 	EXP 	image: image = 'game.jpg'
9.7451 	EXP 	image: image = 'game.jpg'
9.7615 	EXP 	image: image = 'game.jpg'
9.7773 	EXP 	image: image = 'game.jpg'
9.7942 	EXP 	image: image = 'game.jpg'
9.8100 	EXP 	image: image = 'game.jpg'
9.8326 	EXP 	image: image = 'game.jpg'
9.8434 	EXP 	image: image = 'game.jpg'
9.8610 	EXP 	image: image = 'game.jpg'
9.8782 	EXP 	image: image = 'game.jpg'
9.8941 	EXP 	image: image = 'game.jpg'
9.9121 	EXP 	image: image = 'game.jpg'
9.9295 	EXP 	image: image = 'game.jpg'
9.9449 	EXP 	image: image = 'game.jpg'
9.9610 	EXP 	image: image = 'game.jpg'
9.9770 	EXP 	image: image = 'game.jpg'
9.9969 	EXP 	image: image = 'game.jpg'
10.0110 	EXP 	image: image = 'game.jpg'
10.0279 	EXP 	image: image = 'game.jpg'
10.0452 	EXP 	image: image = 'game.jpg'
10.0673 	EXP 	image: image = 'game.jpg'
10.0777 	EXP 	image: image = 'game.jpg'
10.1067 	EXP 	image: image = 'game.jpg'
10.1167 	EXP 	image: image = 'game.jpg'
10.1309 	EXP 	image: image = 'game.jpg'
10.1479 	EXP 	image: image = 'game.jpg'
10.1781 	EXP 	image: image = 'game.jpg'
10.1912 	EXP 	image: image = 'game.jpg'
10.2035 	EXP 	image: image = 'game.jpg'
10.2196 	EXP 	image: image = 'game.jpg'
10.2361 	EXP 	image: image = 'game.jpg'
10.2671 	EXP 	image: image = 'game.jpg'
10.2740 	EXP 	image: image = 'game.jpg'
10.2913 	EXP 	image: image = 'game.jpg'
10.3071 	EXP 	image: image = 'game.jpg'
10.3249 	EXP 	image: image = 'game.jpg'
10.3452 	EXP 	image: image = 'game.jpg'
10.3562 	EXP 	image: image = 'game.jpg'
10.3762 	EXP 	image: image = 'game.jpg'
10.3916 	EXP 	image: image = 'game.jpg'
10.4075 	EXP 	image: image = 'game.jpg'
10.4246 	EXP 	image: image = 'game.jpg'
10.4416 	EXP 	image: image = 'game.jpg'
10.4597 	EXP 	image: image = 'game.jpg'
10.4742 	EXP 	image: image = 'game.jpg'
10.4922 	EXP 	image: image = 'game.jpg'
10.5428 	EXP 	image: image = 'game.jpg'
10.5597 	EXP 	image: image = 'game.jpg'
10.5738 	EXP 	image: image = 'game.jpg'
10.5923 	EXP 	image: image = 'game.jpg'
10.6074 	EXP 	image: image = 'game.jpg'
10.6314 	EXP 	image: image = 'game.jpg'
10.6403 	EXP 	image: image = 'game.jpg'
10.6570 	EXP 	image: image = 'game.jpg'
10.6745 	EXP 	image: image = 'game.jpg'
10.7039 	EXP 	image: image = 'game.jpg'
10.7150 	EXP 	image: image = 'game.jpg'
10.7270 	EXP 	image: image = 'game.jpg'
10.7442 	EXP 	image: image = 'game.jpg'
10.7612 	EXP 	image: image = 'game.jpg'
10.7779 	EXP 	image: image = 'game.jpg'
10.7948 	EXP 	image: image = 'game.jpg'
10.8105 	EXP 	image: image = 'game.jpg'
10.8278 	EXP 	image: image = 'game.jpg'
10.8441 	EXP 	image: image = 'game.jpg'
10.8613 	EXP 	image: image = 'game.jpg'
10.8774 	EXP 	image: image = 'game.jpg'
10.8940 	EXP 	image: image = 'game.jpg'
10.9138 	EXP 	image: image = 'game.jpg'
10.9280 	EXP 	image: image = 'game.jpg'
10.9444 	EXP 	image: image = 'game.jpg'
10.9603 	EXP 	image: image = 'game.jpg'
10.9774 	EXP 	image: image = 'game.jpg'
10.9955 	EXP 	image: image = 'game.jpg'
11.0106 	EXP 	image: image = 'game.jpg'
11.0284 	EXP 	image: image = 'game.jpg'
11.0447 	EXP 	image: image = 'game.jpg'
11.0605 	EXP 	image: image = 'game.jpg'
11.0774 	EXP 	image: image = 'game.jpg'
11.0985 	EXP 	image: image = 'game.jpg'
11.1119 	EXP 	image: image = 'game.jpg'
11.1287 	EXP 	image: image = 'game.jpg'
11.1446 	EXP 	image: image = 'game.jpg'
11.1613 	EXP 	image: image = 'game.jpg'
11.1779 	EXP 	image: image = 'game.jpg'
11.1982 	EXP 	image: image = 'game.jpg'
11.2113 	EXP 	image: image = 'game.jpg'
11.2314 	EXP 	image: image = 'game.jpg'
11.2446 	EXP 	image: image = 'game.jpg'
11.2609 	EXP 	image: image = 'game.jpg'
11.2783 	EXP 	image: image = 'game.jpg'
11.2941 	EXP 	image: image = 'game.jpg'
11.3114 	EXP 	image: image = 'game.jpg'
11.3302 	EXP 	image: image = 'game.jpg'
11.3448 	EXP 	image: image = 'game.jpg'
11.3617 	EXP 	image: image = 'game.jpg'
11.3783 	EXP 	image: image = 'game.jpg'
11.3994 	EXP 	image: image = 'game.jpg'
11.4110 	EXP 	image: image = 'game.jpg'
11.4481 	EXP 	image: image = 'game.jpg'
11.4584 	EXP 	image: image = 'game.jpg'
11.4749 	EXP 	image: image = 'game.jpg'
11.4880 	EXP 	image: image = 'game.jpg'
11.5045 	EXP 	image: image = 'game.jpg'
11.5220 	EXP 	image: image = 'game.jpg'
11.5383 	EXP 	image: image = 'game.jpg'
11.5592 	EXP 	image: image = 'game.jpg'
11.5733 	EXP 	image: image = 'game.jpg'
11.5925 	EXP 	image: image = 'game.jpg'
11.6050 	EXP 	image: image = 'game.jpg'
11.6224 	EXP 	image: image = 'game.jpg'
11.6380 	EXP 	image: image = 'game.jpg'
11.6547 	EXP 	image: image = 'game.jpg'
11.6734 	EXP 	image: image = 'game.jpg'
11.6869 	EXP 	image: image = 'game.jpg'
11.7057 	EXP 	image: image = 'game.jpg'
11.7226 	EXP 	image: image = 'game.jpg'
11.7379 	EXP 	image: image = 'game.jpg'
11.7553 	EXP 	image: image = 'game.jpg'
11.7724 	EXP 	image: image = 'game.jpg'
11.7890 	EXP 	image: image = 'game.jpg'
11.8054 	EXP 	image: image = 'game.jpg'
11.8219 	EXP 	image: image = 'game.jpg'
11.8376 	EXP 	image: image = 'game.jpg'
11.8570 	EXP 	image: image = 'game.jpg'
11.8713 	EXP 	image: image = 'game.jpg'
11.8877 	EXP 	image: image = 'game.jpg'
11.9057 	EXP 	image: image = 'game.jpg'
11.9217 	EXP 	image: image = 'game.jpg'
11.9380 	EXP 	image: image = 'game.jpg'
11.9587 	EXP 	image: image = 'game.jpg'
11.9708 	EXP 	image: image = 'game.jpg'
11.9888 	EXP 	image: image = 'game.jpg'
12.0053 	EXP 	image: image = 'game.jpg'
12.0223 	EXP 	image: image = 'game.jpg'
12.0379 	EXP 	image: image = 'game.jpg'
12.0623 	EXP 	image: image = 'game.jpg'
12.0716 	EXP 	image: image = 'game.jpg'
12.0871 	EXP 	image: image = 'game.jpg'
12.1058 	EXP 	image: image = 'game.jpg'
12.1205 	EXP 	image: image = 'game.jpg'
12.1429 	EXP 	image: image = 'game.jpg'
12.1554 	EXP 	image: image = 'game.jpg'
12.1826 	EXP 	image: image = 'game.jpg'
12.1897 	EXP 	image: image = 'game.jpg'
12.2067 	EXP 	image: image = 'game.jpg'
12.2218 	EXP 	image: image = 'game.jpg'
12.2387 	EXP 	image: image = 'game.jpg'
12.2563 	EXP 	image: image = 'game.jpg'
12.2734 	EXP 	image: image = 'game.jpg'
12.2893 	EXP 	image: image = 'game.jpg'
12.3057 	EXP 	image: image = 'game.jpg'
12.3211 	EXP 	image: image = 'game.jpg'
12.3399 	EXP 	image: image = 'game.jpg'
12.3565 	EXP 	image: image = 'game.jpg'
12.3720 	EXP 	image: image = 'game.jpg'
12.3904 	EXP 	image: image = 'game.jpg'
12.4057 	EXP 	image: image = 'game.jpg'
12.4227 	EXP 	image: image = 'game.jpg'
12.4394 	EXP 	image: image = 'game.jpg'
12.4568 	EXP 	image: image = 'game.jpg'
12.4771 	EXP 	image: image = 'game.jpg'
12.4932 	EXP 	image: image = 'game.jpg'
12.5069 	EXP 	image: image = 'game.jpg'
12.5237 	EXP 	image: image = 'game.jpg'
12.5401 	EXP 	image: image = 'game.jpg'
12.5577 	EXP 	image: image = 'game.jpg'
12.5760 	EXP 	image: image = 'game.jpg'
12.5933 	EXP 	image: image = 'game.jpg'
12.6091 	EXP 	image: image = 'game.jpg'
12.6234 	EXP 	image: image = 'game.jpg'
12.6403 	EXP 	image: image = 'game.jpg'
12.6566 	EXP 	image: image = 'game.jpg'
12.6719 	EXP 	image: image = 'game.jpg'
12.6919 	EXP 	image: image = 'game.jpg'
12.7061 	EXP 	image: image = 'game.jpg'
12.7221 	EXP 	image: image = 'game.jpg'
12.7394 	EXP 	image: image = 'game.jpg'
12.7558 	EXP 	image: image = 'game.jpg'
12.7748 	EXP 	image: image = 'game.jpg'
12.7886 	EXP 	image: image = 'game.jpg'
12.8053 	EXP 	image: image = 'game.jpg'
12.8262 	EXP 	image: image = 'game.jpg'
12.8396 	EXP 	image: image = 'game.jpg'
12.8554 	EXP 	image: image = 'game.jpg'
12.8725 	EXP 	image: image = 'game.jpg'
12.8894 	EXP 	image: image = 'game.jpg'
12.9064 	EXP 	image: image = 'game.jpg'
12.9269 	EXP 	image: image = 'game.jpg'
12.9396 	EXP 	image: image = 'game.jpg'
12.9562 	EXP 	image: image = 'game.jpg'
12.9720 	EXP 	image: image = 'game.jpg'
12.9890 	EXP 	image: image = 'game.jpg'
13.0064 	EXP 	image: image = 'game.jpg'
13.0246 	EXP 	image: image = 'game.jpg'
13.0404 	EXP 	image: image = 'game.jpg'
13.0551 	EXP 	image: image = 'game.jpg'
13.0737 	EXP 	image: image = 'game.jpg'
13.0897 	EXP 	image: image = 'game.jpg'
13.1082 	EXP 	image: image = 'game.jpg'
13.1298 	EXP 	image: image = 'game.jpg'
13.1413 	EXP 	image: image = 'game.jpg'
13.1564 	EXP 	image: image = 'game.jpg'
13.1726 	EXP 	image: image = 'game.jpg'
13.1930 	EXP 	image: image = 'game.jpg'
13.2053 	EXP 	image: image = 'game.jpg'
13.2259 	EXP 	image: image = 'game.jpg'
13.2383 	EXP 	image: image = 'game.jpg'
13.2567 	EXP 	image: image = 'game.jpg'
13.2726 	EXP 	image: image = 'game.jpg'
13.2932 	EXP 	image: image = 'game.jpg'
13.3062 	EXP 	image: image = 'game.jpg'
13.3218 	EXP 	image: image = 'game.jpg'
13.3391 	EXP 	image: image = 'game.jpg'
13.3567 	EXP 	image: image = 'game.jpg'
13.3724 	EXP 	image: image = 'game.jpg'
13.3931 	EXP 	image: image = 'game.jpg'
13.4060 	EXP 	image: image = 'game.jpg'
13.4216 	EXP 	image: image = 'game.jpg'
13.4400 	EXP 	image: image = 'game.jpg'
13.4576 	EXP 	image: image = 'game.jpg'
13.4753 	EXP 	image: image = 'game.jpg'
13.4898 	EXP 	image: image = 'game.jpg'
13.5066 	EXP 	image: image = 'game.jpg'
13.5265 	EXP 	image: image = 'game.jpg'
13.5444 	EXP 	image: image = 'game.jpg'
13.5873 	EXP 	image: image = 'game.jpg'
13.6102 	EXP 	image: image = 'game.jpg'
13.6231 	EXP 	image: image = 'game.jpg'
13.6394 	EXP 	image: image = 'game.jpg'
13.6553 	EXP 	image: image = 'game.jpg'
13.6841 	EXP 	image: image = 'game.jpg'
13.6941 	EXP 	image: image = 'game.jpg'
13.7078 	EXP 	image: image = 'game.jpg'
13.7258 	EXP 	image: image = 'game.jpg'
13.7417 	EXP 	image: image = 'game.jpg'
13.7576 	EXP 	image: image = 'game.jpg'
13.7734 	EXP 	image: image = 'game.jpg'
13.7901 	EXP 	image: image = 'game.jpg'
13.8072 	EXP 	image: image = 'game.jpg'
13.8249 	EXP 	image: image = 'game.jpg'
13.8446 	EXP 	image: image = 'game.jpg'
13.8577 	EXP 	image: image = 'game.jpg'
13.8760 	EXP 	image: image = 'game.jpg'
13.8920 	EXP 	image: image = 'game.jpg'
13.9077 	EXP 	image: image = 'game.jpg'
13.9246 	EXP 	image: image = 'game.jpg'
13.9543 	EXP 	image: image = 'game.jpg'
13.9625 	EXP 	image: image = 'game.jpg'
13.9777 	EXP 	image: image = 'game.jpg'
13.9949 	EXP 	image: image = 'game.jpg'
14.0130 	EXP 	image: image = 'game.jpg'
14.0309 	EXP 	image: image = 'game.jpg'
14.0455 	EXP 	image: image = 'game.jpg'
14.0622 	EXP 	image: image = 'game.jpg'
14.0787 	EXP 	image: image = 'game.jpg'
14.0946 	EXP 	image: image = 'game.jpg'
14.1116 	EXP 	image: image = 'game.jpg'
14.1275 	EXP 	image: image = 'game.jpg'
14.1481 	EXP 	image: image = 'game.jpg'
14.1615 	EXP 	image: image = 'game.jpg'
14.1780 	EXP 	image: image = 'game.jpg'
14.1953 	EXP 	image: image = 'game.jpg'
14.2125 	EXP 	image: image = 'game.jpg'
14.2311 	EXP 	image: image = 'game.jpg'
14.2443 	EXP 	image: image = 'game.jpg'
14.2611 	EXP 	image: image = 'game.jpg'
14.2821 	EXP 	image: image = 'game.jpg'
14.2991 	EXP 	image: image = 'game.jpg'
14.3102 	EXP 	image: image = 'game.jpg'
14.3316 	EXP 	image: image = 'game.jpg'
14.3441 	EXP 	image: image = 'game.jpg'
14.3615 	EXP 	image: image = 'game.jpg'
14.3783 	EXP 	image: image = 'game.jpg'
14.4008 	EXP 	image: image = 'game.jpg'
14.4123 	EXP 	image: image = 'game.jpg'
14.4291 	EXP 	image: image = 'game.jpg'
14.4461 	EXP 	image: image = 'game.jpg'
14.4614 	EXP 	image: image = 'game.jpg'
14.4787 	EXP 	image: image = 'game.jpg'
14.4942 	EXP 	image: image = 'game.jpg'
14.5116 	EXP 	image: image = 'game.jpg'
14.5274 	EXP 	image: image = 'game.jpg'
14.5457 	EXP 	image: image = 'game.jpg'
14.5635 	EXP 	image: image = 'game.jpg'
14.5797 	EXP 	image: image = 'game.jpg'
14.5948 	EXP 	image: image = 'game.jpg'
14.6118 	EXP 	image: image = 'game.jpg'
14.6286 	EXP 	image: image = 'game.jpg'
14.6452 	EXP 	image: image = 'game.jpg'
14.6611 	EXP 	image: image = 'game.jpg'
14.6778 	EXP 	image: image = 'game.jpg'
14.6950 	EXP 	image: image = 'game.jpg'
14.7221 	EXP 	image: image = 'game.jpg'
14.7327 	EXP 	image: image = 'game.jpg'
14.7459 	EXP 	image: image = 'game.jpg'
14.7624 	EXP 	image: image = 'game.jpg'
14.7793 	EXP 	image: image = 'game.jpg'
14.7951 	EXP 	image: image = 'game.jpg'
14.8126 	EXP 	image: image = 'game.jpg'
14.8286 	EXP 	image: image = 'game.jpg'
14.8467 	EXP 	image: image = 'game.jpg'
14.8751 	EXP 	image: image = 'game.jpg'
14.8830 	EXP 	image: image = 'game.jpg'
14.8989 	EXP 	image: image = 'game.jpg'
14.9160 	EXP 	image: image = 'game.jpg'
14.9318 	EXP 	image: image = 'game.jpg'
14.9505 	EXP 	image: image = 'game.jpg'
14.9669 	EXP 	image: image = 'game.jpg'
14.9821 	EXP 	image: image = 'game.jpg'
14.9992 	EXP 	image: image = 'game.jpg'
15.0151 	EXP 	image: image = 'game.jpg'
15.0313 	EXP 	image: image = 'game.jpg'
15.0486 	EXP 	image: image = 'game.jpg'
15.0661 	EXP 	image: image = 'game.jpg'
15.0823 	EXP 	image: image = 'game.jpg'
15.0993 	EXP 	image: image = 'game.jpg'
15.1174 	EXP 	image: image = 'game.jpg'
15.1332 	EXP 	image: image = 'game.jpg'
15.1487 	EXP 	image: image = 'game.jpg'
15.1667 	EXP 	image: image = 'game.jpg'
15.1827 	EXP 	image: image = 'game.jpg'
15.1989 	EXP 	image: image = 'game.jpg'
15.2162 	EXP 	image: image = 'game.jpg'
15.2334 	EXP 	image: image = 'game.jpg'
15.2480 	EXP 	image: image = 'game.jpg'
15.2656 	EXP 	image: image = 'game.jpg'
15.2853 	EXP 	image: image = 'game.jpg'
15.2984 	EXP 	image: image = 'game.jpg'
15.3289 	EXP 	image: image = 'game.jpg'
15.3437 	EXP 	image: image = 'game.jpg'
15.3545 	EXP 	image: image = 'game.jpg'
15.3729 	EXP 	image: image = 'game.jpg'
15.3905 	EXP 	image: image = 'game.jpg'
15.4035 	EXP 	image: image = 'game.jpg'
15.4204 	EXP 	image: image = 'game.jpg'
15.4395 	EXP 	image: image = 'game.jpg'
15.4535 	EXP 	image: image = 'game.jpg'
15.4851 	EXP 	image: image = 'game.jpg'
15.4940 	EXP 	image: image = 'game.jpg'
15.5118 	EXP 	image: image = 'game.jpg'
15.5259 	EXP 	image: image = 'game.jpg'
15.5621 	EXP 	image: image = 'game.jpg'
15.5729 	EXP 	image: image = 'game.jpg'
15.5898 	EXP 	image: image = 'game.jpg'
15.6024 	EXP 	image: image = 'game.jpg'
15.6222 	EXP 	image: image = 'game.jpg'
15.6364 	EXP 	image: image = 'game.jpg'
15.6521 	EXP 	image: image = 'game.jpg'
15.6693 	EXP 	image: image = 'game.jpg'
15.6899 	EXP 	image: image = 'game.jpg'
15.7037 	EXP 	image: image = 'game.jpg'
15.7197 	EXP 	image: image = 'game.jpg'
15.7367 	EXP 	image: image = 'game.jpg'
15.7551 	EXP 	image: image = 'game.jpg'
15.7697 	EXP 	image: image = 'game.jpg'
15.7891 	EXP 	image: image = 'game.jpg'
15.8031 	EXP 	image: image = 'game.jpg'
15.8199 	EXP 	image: image = 'game.jpg'
15.8368 	EXP 	image: image = 'game.jpg'
15.8558 	EXP 	image: image = 'game.jpg'
15.8698 	EXP 	image: image = 'game.jpg'
15.8863 	EXP 	image: image = 'game.jpg'
15.9025 	EXP 	image: image = 'game.jpg'
15.9200 	EXP 	image: image = 'game.jpg'
15.9356 	EXP 	image: image = 'game.jpg'
15.9538 	EXP 	image: image = 'game.jpg'
15.9696 	EXP 	image: image = 'game.jpg'
15.9866 	EXP 	image: image = 'game.jpg'
16.0026 	EXP 	image: image = 'game.jpg'
16.0200 	EXP 	image: image = 'game.jpg'
16.0361 	EXP 	image: image = 'game.jpg'
16.0559 	EXP 	image: image = 'game.jpg'
16.0686 	EXP 	image: image = 'game.jpg'
16.0859 	EXP 	image: image = 'game.jpg'
16.1039 	EXP 	image: image = 'game.jpg'
16.1195 	EXP 	image: image = 'game.jpg'
16.1423 	EXP 	image: image = 'game.jpg'
16.1530 	EXP 	image: image = 'game.jpg'
16.1695 	EXP 	image: image = 'game.jpg'
16.2041 	EXP 	image: image = 'game.jpg'
16.2105 	EXP 	image: image = 'game.jpg'
16.2283 	EXP 	image: image = 'game.jpg'
16.2443 	EXP 	image: image = 'game.jpg'
16.2605 	EXP 	image: image = 'game.jpg'
16.2776 	EXP 	image: image = 'game.jpg'
16.2973 	EXP 	image: image = 'game.jpg'
16.3106 	EXP 	image: image = 'game.jpg'
16.3276 	EXP 	image: image = 'game.jpg'
16.3558 	EXP 	image: image = 'game.jpg'
16.3713 	EXP 	image: image = 'game.jpg'
16.3786 	EXP 	image: image = 'game.jpg'
16.4002 	EXP 	image: image = 'game.jpg'
16.4137 	EXP 	image: image = 'game.jpg'
16.4307 	EXP 	image: image = 'game.jpg'
16.4468 	EXP 	image: image = 'game.jpg'
16.4638 	EXP 	image: image = 'game.jpg'
16.4962 	EXP 	image: image = 'game.jpg'
16.5115 	EXP 	image: image = 'game.jpg'
16.5198 	EXP 	image: image = 'game.jpg'
16.5376 	EXP 	image: image = 'game.jpg'
16.5541 	EXP 	image: image = 'game.jpg'
16.5755 	EXP 	image: image = 'game.jpg'
16.5878 	EXP 	image: image = 'game.jpg'
16.6046 	EXP 	image: image = 'game.jpg'
16.6202 	EXP 	image: image = 'game.jpg'
16.6667 	EXP 	image: image = 'game.jpg'
16.6869 	EXP 	image: image = 'game.jpg'
16.7027 	EXP 	image: image = 'game.jpg'
16.7220 	EXP 	image: image = 'game.jpg'
16.7375 	EXP 	image: image = 'game.jpg'
16.7536 	EXP 	image: image = 'game.jpg'
16.7700 	EXP 	image: image = 'game.jpg'
16.7870 	EXP 	image: image = 'game.jpg'
16.8034 	EXP 	image: image = 'game.jpg'
16.8197 	EXP 	image: image = 'game.jpg'
16.8368 	EXP 	image: image = 'game.jpg'
16.8532 	EXP 	image: image = 'game.jpg'
16.8719 	EXP 	image: image = 'game.jpg'
16.8879 	EXP 	image: image = 'game.jpg'
16.9032 	EXP 	image: image = 'game.jpg'
16.9202 	EXP 	image: image = 'game.jpg'
16.9368 	EXP 	image: image = 'game.jpg'
16.9559 	EXP 	image: image = 'game.jpg'
16.9695 	EXP 	image: image = 'game.jpg'
16.9870 	EXP 	image: image = 'game.jpg'
17.0034 	EXP 	image: image = 'game.jpg'
17.0323 	EXP 	image: image = 'game.jpg'
17.0392 	EXP 	image: image = 'game.jpg'
17.0626 	EXP 	image: image = 'game.jpg'
17.0755 	EXP 	image: image = 'game.jpg'
17.0886 	EXP 	image: image = 'game.jpg'
17.1060 	EXP 	image: image = 'game.jpg'
17.1227 	EXP 	image: image = 'game.jpg'
17.1388 	EXP 	image: image = 'game.jpg'
17.1555 	EXP 	image: image = 'game.jpg'
17.1725 	EXP 	image: image = 'game.jpg'
17.2012 	EXP 	image: image = 'game.jpg'
17.2116 	EXP 	image: image = 'game.jpg'
17.2285 	EXP 	image: image = 'game.jpg'
17.2455 	EXP 	image: image = 'game.jpg'
17.2619 	EXP 	image: image = 'game.jpg'
17.2788 	EXP 	image: image = 'game.jpg'
17.2956 	EXP 	image: image = 'game.jpg'
17.3116 	EXP 	image: image = 'game.jpg'
17.3284 	EXP 	image: image = 'game.jpg'
17.3445 	EXP 	image: image = 'game.jpg'
17.3610 	EXP 	image: image = 'game.jpg'
17.3781 	EXP 	image: image = 'game.jpg'
17.3938 	EXP 	image: image = 'game.jpg'
17.4114 	EXP 	image: image = 'game.jpg'
17.4284 	EXP 	image: image = 'game.jpg'
17.4447 	EXP 	image: image = 'game.jpg'
17.4622 	EXP 	image: image = 'game.jpg'
17.4783 	EXP 	image: image = 'game.jpg'
17.4937 	EXP 	image: image = 'game.jpg'
17.5142 	EXP 	image: image = 'game.jpg'
17.5274 	EXP 	image: image = 'game.jpg'
17.5473 	EXP 	image: image = 'game.jpg'
17.5615 	EXP 	image: image = 'game.jpg'
17.5784 	EXP 	image: image = 'game.jpg'
17.5941 	EXP 	image: image = 'game.jpg'
17.6161 	EXP 	image: image = 'game.jpg'
17.6271 	EXP 	image: image = 'game.jpg'
17.6439 	EXP 	image: image = 'game.jpg'
17.6609 	EXP 	image: image = 'game.jpg'
17.6783 	EXP 	image: image = 'game.jpg'
17.7127 	EXP 	image: image = 'game.jpg'
17.7279 	EXP 	image: image = 'game.jpg'
17.7446 	EXP 	image: image = 'game.jpg'
17.7570 	EXP 	image: image = 'game.jpg'
17.7694 	EXP 	image: image = 'game.jpg'
17.7885 	EXP 	image: image = 'game.jpg'
17.8054 	EXP 	image: image = 'game.jpg'
17.8208 	EXP 	image: image = 'game.jpg'
17.8357 	EXP 	image: image = 'game.jpg'
17.8531 	EXP 	image: image = 'game.jpg'
17.8697 	EXP 	image: image = 'game.jpg'
17.8865 	EXP 	image: image = 'game.jpg'
17.9031 	EXP 	image: image = 'game.jpg'
17.9201 	EXP 	image: image = 'game.jpg'
17.9377 	EXP 	image: image = 'game.jpg'
17.9541 	EXP 	image: image = 'game.jpg'
17.9700 	EXP 	image: image = 'game.jpg'
17.9873 	EXP 	image: image = 'game.jpg'
18.0029 	EXP 	image: image = 'game.jpg'
18.0224 	EXP 	image: image = 'game.jpg'
18.0377 	EXP 	image: image = 'game.jpg'
18.0546 	EXP 	image: image = 'game.jpg'
18.0707 	EXP 	image: image = 'game.jpg'
18.0871 	EXP 	image: image = 'game.jpg'
18.1042 	EXP 	image: image = 'game.jpg'
18.1203 	EXP 	image: image = 'game.jpg'
18.1545 	EXP 	image: image = 'game.jpg'
18.1633 	EXP 	image: image = 'game.jpg'
18.1895 	EXP 	image: image = 'game.jpg'
18.2019 	EXP 	image: image = 'game.jpg'
18.2817 	EXP 	image: image = 'game.jpg'
18.3654 	EXP 	image: image = 'game.jpg'
18.3788 	EXP 	image: image = 'game.jpg'
18.3931 	EXP 	image: image = 'game.jpg'
18.4134 	EXP 	image: image = 'game.jpg'
18.4300 	EXP 	image: image = 'game.jpg'
18.4442 	EXP 	image: image = 'game.jpg'
18.4609 	EXP 	image: image = 'game.jpg'
18.4754 	EXP 	image: image = 'game.jpg'
18.4920 	EXP 	image: image = 'game.jpg'
18.5103 	EXP 	image: image = 'game.jpg'
18.5259 	EXP 	image: image = 'game.jpg'
18.5423 	EXP 	image: image = 'game.jpg'
18.5590 	EXP 	image: image = 'game.jpg'
18.5755 	EXP 	image: image = 'game.jpg'
18.5913 	EXP 	image: image = 'game.jpg'
18.6091 	EXP 	image: image = 'game.jpg'
18.6272 	EXP 	image: image = 'game.jpg'
18.6425 	EXP 	image: image = 'game.jpg'
18.6597 	EXP 	image: image = 'game.jpg'
18.6760 	EXP 	image: image = 'game.jpg'
18.6926 	EXP 	image: image = 'game.jpg'
18.7094 	EXP 	image: image = 'game.jpg'
18.7262 	EXP 	image: image = 'game.jpg'
18.7416 	EXP 	image: image = 'game.jpg'
18.7588 	EXP 	image: image = 'game.jpg'
18.7757 	EXP 	image: image = 'game.jpg'
18.7925 	EXP 	image: image = 'game.jpg'
18.8151 	EXP 	image: image = 'game.jpg'
18.8267 	EXP 	image: image = 'game.jpg'
18.8420 	EXP 	image: image = 'game.jpg'
18.8591 	EXP 	image: image = 'game.jpg'
18.8764 	EXP 	image: image = 'game.jpg'
18.8929 	EXP 	image: image = 'game.jpg'
18.9106 	EXP 	image: image = 'game.jpg'
18.9453 	EXP 	image: image = 'game.jpg'
18.9525 	EXP 	image: image = 'game.jpg'
18.9802 	EXP 	image: image = 'game.jpg'
18.9901 	EXP 	image: image = 'game.jpg'
19.0036 	EXP 	image: image = 'game.jpg'
19.0202 	EXP 	image: image = 'game.jpg'
19.0376 	EXP 	image: image = 'game.jpg'
19.0533 	EXP 	image: image = 'game.jpg'
19.0700 	EXP 	image: image = 'game.jpg'
19.0874 	EXP 	image: image = 'game.jpg'
19.1040 	EXP 	image: image = 'game.jpg'
19.1201 	EXP 	image: image = 'game.jpg'
19.1391 	EXP 	image: image = 'game.jpg'
19.1534 	EXP 	image: image = 'game.jpg'
19.1702 	EXP 	image: image = 'game.jpg'
19.1873 	EXP 	image: image = 'game.jpg'
19.2033 	EXP 	image: image = 'game.jpg'
19.2195 	EXP 	image: image = 'game.jpg'
19.2369 	EXP 	image: image = 'game.jpg'
19.2531 	EXP 	image: image = 'game.jpg'
19.2713 	EXP 	image: image = 'game.jpg'
19.2869 	EXP 	image: image = 'game.jpg'
19.3040 	EXP 	image: image = 'game.jpg'
19.3198 	EXP 	image: image = 'game.jpg'
19.3381 	EXP 	image: image = 'game.jpg'
19.3543 	EXP 	image: image = 'game.jpg'
19.3702 	EXP 	image: image = 'game.jpg'
19.3867 	EXP 	image: image = 'game.jpg'
19.4177 	EXP 	image: image = 'game.jpg'
19.4251 	EXP 	image: image = 'game.jpg'
19.4405 	EXP 	image: image = 'game.jpg'
19.4587 	EXP 	image: image = 'game.jpg'
19.4746 	EXP 	image: image = 'game.jpg'
19.4925 	EXP 	image: image = 'game.jpg'
19.5073 	EXP 	image: image = 'game.jpg'
19.5241 	EXP 	image: image = 'game.jpg'
19.5407 	EXP 	image: image = 'game.jpg'
19.5582 	EXP 	image: image = 'game.jpg'
19.5757 	EXP 	image: image = 'game.jpg'
19.5917 	EXP 	image: image = 'game.jpg'
19.6092 	EXP 	image: image = 'game.jpg'
19.6251 	EXP 	image: image = 'game.jpg'
19.6421 	EXP 	image: image = 'game.jpg'
19.6575 	EXP 	image: image = 'game.jpg'
19.6745 	EXP 	image: image = 'game.jpg'
19.6914 	EXP 	image: image = 'game.jpg'
19.7178 	EXP 	image: image = 'game.jpg'
19.7296 	EXP 	image: image = 'game.jpg'
19.7426 	EXP 	image: image = 'game.jpg'
19.7586 	EXP 	image: image = 'game.jpg'
19.7742 	EXP 	image: image = 'game.jpg'
19.7939 	EXP 	image: image = 'game.jpg'
19.8078 	EXP 	image: image = 'game.jpg'
19.8260 	EXP 	image: image = 'game.jpg'
19.8720 	EXP 	image: image = 'game.jpg'
19.8930 	EXP 	image: image = 'game.jpg'
19.9110 	EXP 	image: image = 'game.jpg'
19.9257 	EXP 	image: image = 'game.jpg'
19.9414 	EXP 	image: image = 'game.jpg'
19.9591 	EXP 	image: image = 'game.jpg'
19.9761 	EXP 	image: image = 'game.jpg'
19.9908 	EXP 	image: image = 'game.jpg'
20.0091 	EXP 	image: image = 'game.jpg'
20.0258 	EXP 	image: image = 'game.jpg'
20.0451 	EXP 	image: image = 'game.jpg'
20.0583 	EXP 	image: image = 'game.jpg'
20.0756 	EXP 	image: image = 'game.jpg'
20.0925 	EXP 	image: image = 'game.jpg'
20.1092 	EXP 	image: image = 'game.jpg'
20.1253 	EXP 	image: image = 'game.jpg'
20.1412 	EXP 	image: image = 'game.jpg'
20.1582 	EXP 	image: image = 'game.jpg'
20.1752 	EXP 	image: image = 'game.jpg'
20.1911 	EXP 	image: image = 'game.jpg'
20.2089 	EXP 	image: image = 'game.jpg'
20.2244 	EXP 	image: image = 'game.jpg'
20.2570 	EXP 	image: image = 'game.jpg'
20.2672 	EXP 	image: image = 'game.jpg'
20.2809 	EXP 	image: image = 'game.jpg'
20.2959 	EXP 	image: image = 'game.jpg'
20.3158 	EXP 	image: image = 'game.jpg'
20.3302 	EXP 	image: image = 'game.jpg'
20.3474 	EXP 	image: image = 'game.jpg'
20.3631 	EXP 	image: image = 'game.jpg'
20.3830 	EXP 	image: image = 'game.jpg'
20.3973 	EXP 	image: image = 'game.jpg'
20.4142 	EXP 	image: image = 'game.jpg'
20.4303 	EXP 	image: image = 'game.jpg'
20.4469 	EXP 	image: image = 'game.jpg'
20.4637 	EXP 	image: image = 'game.jpg'
20.4806 	EXP 	image: image = 'game.jpg'
20.4969 	EXP 	image: image = 'game.jpg'
20.5139 	EXP 	image: image = 'game.jpg'
20.5479 	EXP 	image: image = 'game.jpg'
20.5599 	EXP 	image: image = 'game.jpg'
20.5716 	EXP 	image: image = 'game.jpg'
20.5886 	EXP 	image: image = 'game.jpg'
20.6055 	EXP 	image: image = 'game.jpg'
20.6215 	EXP 	image: image = 'game.jpg'
20.6378 	EXP 	image: image = 'game.jpg'
20.6543 	EXP 	image: image = 'game.jpg'
20.6720 	EXP 	image: image = 'game.jpg'
20.6882 	EXP 	image: image = 'game.jpg'
20.7055 	EXP 	image: image = 'game.jpg'
20.7342 	EXP 	image: image = 'game.jpg'
20.7448 	EXP 	image: image = 'game.jpg'
20.7583 	EXP 	image: image = 'game.jpg'
20.7802 	EXP 	image: image = 'game.jpg'
20.7904 	EXP 	image: image = 'game.jpg'
20.8071 	EXP 	image: image = 'game.jpg'
20.8246 	EXP 	image: image = 'game.jpg'
20.8404 	EXP 	image: image = 'game.jpg'
20.8577 	EXP 	image: image = 'game.jpg'
20.8737 	EXP 	image: image = 'game.jpg'
20.8904 	EXP 	image: image = 'game.jpg'
20.9082 	EXP 	image: image = 'game.jpg'
20.9239 	EXP 	image: image = 'game.jpg'
20.9411 	EXP 	image: image = 'game.jpg'
20.9572 	EXP 	image: image = 'game.jpg'
20.9769 	EXP 	image: image = 'game.jpg'
20.9943 	EXP 	image: image = 'game.jpg'
21.0071 	EXP 	image: image = 'game.jpg'
21.0331 	EXP 	image: image = 'game.jpg'
21.0435 	EXP 	image: image = 'game.jpg'
21.0571 	EXP 	image: image = 'game.jpg'
21.0732 	EXP 	image: image = 'game.jpg'
21.0905 	EXP 	image: image = 'game.jpg'
21.1091 	EXP 	image: image = 'game.jpg'
21.1265 	EXP 	image: image = 'game.jpg'
21.1402 	EXP 	image: image = 'game.jpg'
21.1573 	EXP 	image: image = 'game.jpg'
21.1744 	EXP 	image: image = 'game.jpg'
21.1917 	EXP 	image: image = 'game.jpg'
21.2101 	EXP 	image: image = 'game.jpg'
21.2246 	EXP 	image: image = 'game.jpg'
21.2416 	EXP 	image: image = 'game.jpg'
21.2571 	EXP 	image: image = 'game.jpg'
21.2741 	EXP 	image: image = 'game.jpg'
21.2920 	EXP 	image: image = 'game.jpg'
21.3074 	EXP 	image: image = 'game.jpg'
21.3243 	EXP 	image: image = 'game.jpg'
21.3427 	EXP 	image: image = 'game.jpg'
21.3585 	EXP 	image: image = 'game.jpg'
21.3744 	EXP 	image: image = 'game.jpg'
21.3913 	EXP 	image: image = 'game.jpg'
21.4073 	EXP 	image: image = 'game.jpg'
21.4259 	EXP 	image: image = 'game.jpg'
21.4416 	EXP 	image: image = 'game.jpg'
21.4584 	EXP 	image: image = 'game.jpg'
21.4751 	EXP 	image: image = 'game.jpg'
21.5097 	EXP 	image: image = 'game.jpg'
21.5165 	EXP 	image: image = 'game.jpg'
21.5366 	EXP 	image: image = 'game.jpg'
21.5498 	EXP 	image: image = 'game.jpg'
21.5674 	EXP 	image: image = 'game.jpg'
21.5844 	EXP 	image: image = 'game.jpg'
21.5993 	EXP 	image: image = 'game.jpg'
21.6166 	EXP 	image: image = 'game.jpg'
21.6341 	EXP 	image: image = 'game.jpg'
21.6509 	EXP 	image: image = 'game.jpg'
21.6670 	EXP 	image: image = 'game.jpg'
21.6824 	EXP 	image: image = 'game.jpg'
21.6995 	EXP 	image: image = 'game.jpg'
21.7158 	EXP 	image: image = 'game.jpg'
21.7329 	EXP 	image: image = 'game.jpg'
21.7490 	EXP 	image: image = 'game.jpg'
21.7672 	EXP 	image: image = 'game.jpg'
21.7831 	EXP 	image: image = 'game.jpg'
21.8000 	EXP 	image: image = 'game.jpg'
21.8162 	EXP 	image: image = 'game.jpg'
21.8329 	EXP 	image: image = 'game.jpg'
21.8505 	EXP 	image: image = 'game.jpg'
21.8675 	EXP 	image: image = 'game.jpg'
21.8829 	EXP 	image: image = 'game.jpg'
21.9005 	EXP 	image: image = 'game.jpg'
21.9159 	EXP 	image: image = 'game.jpg'
21.9327 	EXP 	image: image = 'game.jpg'
21.9500 	EXP 	image: image = 'game.jpg'
21.9674 	EXP 	image: image = 'game.jpg'
21.9976 	EXP 	image: image = 'game.jpg'
22.0036 	EXP 	image: image = 'game.jpg'
22.0288 	EXP 	image: image = 'game.jpg'
22.0374 	EXP 	image: image = 'game.jpg'
22.0536 	EXP 	image: image = 'game.jpg'
22.0707 	EXP 	image: image = 'game.jpg'
22.0887 	EXP 	image: image = 'game.jpg'
22.1041 	EXP 	image: image = 'game.jpg'
22.1241 	EXP 	image: image = 'game.jpg'
22.1367 	EXP 	image: image = 'game.jpg'
22.1542 	EXP 	image: image = 'game.jpg'
22.1711 	EXP 	image: image = 'game.jpg'
22.1872 	EXP 	image: image = 'game.jpg'
22.2032 	EXP 	image: image = 'game.jpg'
22.2206 	EXP 	image: image = 'game.jpg'
22.2377 	EXP 	image: image = 'game.jpg'
22.2552 	EXP 	image: image = 'game.jpg'
22.2714 	EXP 	image: image = 'game.jpg'
22.2880 	EXP 	image: image = 'game.jpg'
22.3060 	EXP 	image: image = 'game.jpg'
22.3219 	EXP 	image: image = 'game.jpg'
22.3371 	EXP 	image: image = 'game.jpg'
22.3536 	EXP 	image: image = 'game.jpg'
22.3704 	EXP 	image: image = 'game.jpg'
22.3878 	EXP 	image: image = 'game.jpg'
22.4025 	EXP 	image: image = 'game.jpg'
22.4209 	EXP 	image: image = 'game.jpg'
22.4381 	EXP 	image: image = 'game.jpg'
22.4538 	EXP 	image: image = 'game.jpg'
22.4705 	EXP 	image: image = 'game.jpg'
22.4883 	EXP 	image: image = 'game.jpg'
22.5034 	EXP 	image: image = 'game.jpg'
22.5197 	EXP 	image: image = 'game.jpg'
22.5375 	EXP 	image: image = 'game.jpg'
22.5694 	EXP 	image: image = 'game.jpg'
22.5780 	EXP 	image: image = 'game.jpg'
22.5929 	EXP 	image: image = 'game.jpg'
22.6093 	EXP 	image: image = 'game.jpg'
22.6271 	EXP 	image: image = 'game.jpg'
22.6433 	EXP 	image: image = 'game.jpg'
22.6599 	EXP 	image: image = 'game.jpg'
22.6761 	EXP 	image: image = 'game.jpg'
22.6926 	EXP 	image: image = 'game.jpg'
22.7100 	EXP 	image: image = 'game.jpg'
22.7270 	EXP 	image: image = 'game.jpg'
22.7422 	EXP 	image: image = 'game.jpg'
22.7743 	EXP 	image: image = 'game.jpg'
22.7803 	EXP 	image: image = 'game.jpg'
22.7987 	EXP 	image: image = 'game.jpg'
22.8143 	EXP 	image: image = 'game.jpg'
22.8323 	EXP 	image: image = 'game.jpg'
22.8476 	EXP 	image: image = 'game.jpg'
22.8658 	EXP 	image: image = 'game.jpg'
22.8822 	EXP 	image: image = 'game.jpg'
22.8980 	EXP 	image: image = 'game.jpg'
22.9439 	EXP 	image: image = 'game.jpg'
22.9651 	EXP 	image: image = 'game.jpg'
22.9812 	EXP 	image: image = 'game.jpg'
22.9964 	EXP 	image: image = 'game.jpg'
23.0142 	EXP 	image: image = 'game.jpg'
23.0307 	EXP 	image: image = 'game.jpg'
23.0477 	EXP 	image: image = 'game.jpg'
23.0653 	EXP 	image: image = 'game.jpg'
23.0809 	EXP 	image: image = 'game.jpg'
23.0980 	EXP 	image: image = 'game.jpg'
23.1142 	EXP 	image: image = 'game.jpg'
23.1331 	EXP 	image: image = 'game.jpg'
23.1467 	EXP 	image: image = 'game.jpg'
23.1634 	EXP 	image: image = 'game.jpg'
23.1812 	EXP 	image: image = 'game.jpg'
23.1971 	EXP 	image: image = 'game.jpg'
23.2140 	EXP 	image: image = 'game.jpg'
23.2312 	EXP 	image: image = 'game.jpg'
23.2470 	EXP 	image: image = 'game.jpg'
23.2641 	EXP 	image: image = 'game.jpg'
23.2806 	EXP 	image: image = 'game.jpg'
23.2997 	EXP 	image: image = 'game.jpg'
23.3181 	EXP 	image: image = 'game.jpg'
23.3346 	EXP 	image: image = 'game.jpg'
23.3515 	EXP 	image: image = 'game.jpg'
23.3664 	EXP 	image: image = 'game.jpg'
23.3846 	EXP 	image: image = 'game.jpg'
23.3997 	EXP 	image: image = 'game.jpg'
23.4149 	EXP 	image: image = 'game.jpg'
23.4315 	EXP 	image: image = 'game.jpg'
23.4489 	EXP 	image: image = 'game.jpg'
23.4654 	EXP 	image: image = 'game.jpg'
23.4842 	EXP 	image: image = 'game.jpg'
23.4966 	EXP 	image: image = 'game.jpg'
23.5327 	EXP 	image: image = 'game.jpg'
23.5455 	EXP 	image: image = 'game.jpg'
23.5579 	EXP 	image: image = 'game.jpg'
23.5725 	EXP 	image: image = 'game.jpg'
23.5886 	EXP 	image: image = 'game.jpg'
23.6332 	EXP 	image: image = 'game.jpg'
23.6477 	EXP 	image: image = 'game.jpg'
23.6594 	EXP 	image: image = 'game.jpg'
23.6735 	EXP 	image: image = 'game.jpg'
23.6901 	EXP 	image: image = 'game.jpg'
23.7065 	EXP 	image: image = 'game.jpg'
23.7230 	EXP 	image: image = 'game.jpg'
23.7402 	EXP 	image: image = 'game.jpg'
23.7583 	EXP 	image: image = 'game.jpg'
23.7735 	EXP 	image: image = 'game.jpg'
23.7900 	EXP 	image: image = 'game.jpg'
23.8070 	EXP 	image: image = 'game.jpg'
23.8241 	EXP 	image: image = 'game.jpg'
23.8403 	EXP 	image: image = 'game.jpg'
23.8571 	EXP 	image: image = 'game.jpg'
23.8747 	EXP 	image: image = 'game.jpg'
23.9216 	EXP 	image: image = 'game.jpg'
23.9402 	EXP 	image: image = 'game.jpg'
23.9501 	EXP 	image: image = 'game.jpg'
23.9641 	EXP 	image: image = 'game.jpg'
23.9816 	EXP 	image: image = 'game.jpg'
23.9968 	EXP 	image: image = 'game.jpg'
24.0127 	EXP 	image: image = 'game.jpg'
24.0303 	EXP 	image: image = 'game.jpg'
24.0475 	EXP 	image: image = 'game.jpg'
24.0667 	EXP 	image: image = 'game.jpg'
24.0807 	EXP 	image: image = 'game.jpg'
24.0977 	EXP 	image: image = 'game.jpg'
24.1154 	EXP 	image: image = 'game.jpg'
24.1326 	EXP 	image: image = 'game.jpg'
24.1471 	EXP 	image: image = 'game.jpg'
24.1652 	EXP 	image: image = 'game.jpg'
24.1900 	EXP 	image: image = 'game.jpg'
24.1985 	EXP 	image: image = 'game.jpg'
24.2162 	EXP 	image: image = 'game.jpg'
24.2313 	EXP 	image: image = 'game.jpg'
24.2467 	EXP 	image: image = 'game.jpg'
24.2662 	EXP 	image: image = 'game.jpg'
24.2797 	EXP 	image: image = 'game.jpg'
24.2964 	EXP 	image: image = 'game.jpg'
24.3128 	EXP 	image: image = 'game.jpg'
24.3632 	EXP 	image: image = 'game.jpg'
24.3811 	EXP 	image: image = 'game.jpg'
24.3919 	EXP 	image: image = 'game.jpg'
24.4090 	EXP 	image: image = 'game.jpg'
24.4252 	EXP 	image: image = 'game.jpg'
24.4413 	EXP 	image: image = 'game.jpg'
24.4582 	EXP 	image: image = 'game.jpg'
24.4755 	EXP 	image: image = 'game.jpg'
24.4919 	EXP 	image: image = 'game.jpg'
24.5348 	EXP 	image: image = 'game.jpg'
24.5583 	EXP 	image: image = 'game.jpg'
24.5743 	EXP 	image: image = 'game.jpg'
24.5863 	EXP 	image: image = 'game.jpg'
24.6031 	EXP 	image: image = 'game.jpg'
24.6149 	EXP 	image: image = 'game.jpg'
24.6318 	EXP 	image: image = 'game.jpg'
24.6584 	EXP 	image: image = 'game.jpg'
24.6671 	EXP 	image: image = 'game.jpg'
24.6814 	EXP 	image: image = 'game.jpg'
24.7005 	EXP 	image: image = 'game.jpg'
24.7148 	EXP 	image: image = 'game.jpg'
24.7315 	EXP 	image: image = 'game.jpg'
24.7486 	EXP 	image: image = 'game.jpg'
24.7665 	EXP 	image: image = 'game.jpg'
24.7820 	EXP 	image: image = 'game.jpg'
