0.2600 	WARNING 	We strongly recommend you activate the PTB sound engine in PsychoPy prefs as the preferred audio engine. Its timing is vastly superior. Your prefs are currently set to use ['sounddevice', 'PTB', 'pyo', 'pygame'] (in that order).
1.7742 	WARNING 	Import Error: No module named 'psychtoolbox'. Using event module for keyboard component.
3.5492 	WARNING 	User requested fullscreen with size [1920 1080], but screen is actually [3440, 1440]. Using actual size
4.3589 	WARNING 	Framebuffer object (FBO) not supported on this graphics card
4.4915 	EXP 	Created window1 = Window(allowGUI=False, allowStencil=False, args=UNKNOWN, autoLog=True, bitsMode=UNKNOWN, blendMode='avg', bpc=UNKNOWN, color=array([-1., -1., -1.]), colorSpace='rgb', depthBits=UNKNOWN, fullscr=<method-wrapper '__getattribute__' of attributeSetter object at 0x000001DC60BA1DF0>, gamma=None, gammaErrorPolicy='raise', kwargs=UNKNOWN, lms=UNKNOWN, monitor=<psychopy.monitors.calibTools.Monitor object at 0x000001DC60C02D00>, multiSample=False, name='window1', numSamples=2, pos=None, screen=2, size=array([3440, 1440]), stencilBits=UNKNOWN, stereo=False, units='height', useFBO=False, useRetina=False, viewOri=0.0, viewPos=None, viewScale=None, waitBlanking=True, winType='pygame')
4.4919 	EXP 	window1: mouseVisible = True
4.4919 	EXP 	window1: recordFrameIntervals = False
4.5041 	EXP 	window1: recordFrameIntervals = True
4.5160 	EXP 	window1: recordFrameIntervals = False
4.5452 	EXP 	Created square1 = Rect(__class__=<class 'psychopy.visual.rect.Rect'>, autoDraw=False, autoLog=True, closeShape=True, color=method-wrapper(...), colorSpace=None, contrast=1.0, depth=-1.0, fillColor=array([1., 1., 1.]), fillColorSpace='rgb', fillRGB=array([1., 1., 1.]), interpolate=True, lineColor=array([1., 1., 1.]), lineColorSpace='rgb', lineRGB=array([1., 1., 1.]), lineWidth=1, name='square1', opacity=1.0, ori=array(0.), pos=array([  0., 400.]), size=array([200., 200.]), units='pix', vertices=ndarray(...), win=Window(...))
4.5465 	EXP 	Created square2 = Rect(__class__=<class 'psychopy.visual.rect.Rect'>, autoDraw=False, autoLog=True, closeShape=True, color=method-wrapper(...), colorSpace=None, contrast=1.0, depth=-2.0, fillColor=array([1., 1., 1.]), fillColorSpace='rgb', fillRGB=array([1., 1., 1.]), interpolate=True, lineColor=array([1., 1., 1.]), lineColorSpace='rgb', lineRGB=array([1., 1., 1.]), lineWidth=1, name='square2', opacity=1.0, ori=array(0.), pos=array([-400.,    0.]), size=array([200., 200.]), units='pix', vertices=ndarray(...), win=Window(...))
4.5486 	EXP 	Created square3 = Rect(__class__=<class 'psychopy.visual.rect.Rect'>, autoDraw=False, autoLog=True, closeShape=True, color=method-wrapper(...), colorSpace=None, contrast=1.0, depth=-3.0, fillColor=array([1., 1., 1.]), fillColorSpace='rgb', fillRGB=array([1., 1., 1.]), interpolate=True, lineColor=array([1., 1., 1.]), lineColorSpace='rgb', lineRGB=array([1., 1., 1.]), lineWidth=1, name='square3', opacity=1.0, ori=array(0.), pos=array([400.,   0.]), size=array([200., 200.]), units='pix', vertices=ndarray(...), win=Window(...))
4.5504 	EXP 	Created square4 = Rect(__class__=<class 'psychopy.visual.rect.Rect'>, autoDraw=False, autoLog=True, closeShape=True, color=method-wrapper(...), colorSpace=None, contrast=1.0, depth=-4.0, fillColor=array([1., 1., 1.]), fillColorSpace='rgb', fillRGB=array([1., 1., 1.]), interpolate=True, lineColor=array([1., 1., 1.]), lineColorSpace='rgb', lineRGB=array([1., 1., 1.]), lineWidth=1, name='square4', opacity=1.0, ori=array(0.), pos=array([   0., -400.]), size=array([200., 200.]), units='pix', vertices=ndarray(...), win=Window(...))
4.5629 	EXP 	Created image = ImageStim(__class__=<class 'psychopy.visual.image.ImageStim'>, autoLog=True, color=array([1., 1., 1.]), colorSpace='rgb', contrast=1.0, depth=-6.0, flipHoriz=False, flipVert=False, image='sin', interpolate=True, mask=None, maskParams=None, name='image', opacity=1.0, ori=0.0, pos=array([0., 0.]), size=array([0.3, 0.3]), texRes=128, units='height', win=Window(...))
4.5790 	EXP 	image: image = 'game.jpg'
4.5790 	EXP 	image: image = 'game.jpg'
4.5790 	EXP 	square1: autoDraw = True
4.5790 	EXP 	square2: autoDraw = True
4.5790 	EXP 	square3: autoDraw = True
4.5790 	EXP 	square4: autoDraw = True
4.5790 	EXP 	image: autoDraw = True
4.6024 	EXP 	image: image = 'game.jpg'
4.6101 	EXP 	image: image = 'game.jpg'
4.6269 	EXP 	image: image = 'game.jpg'
4.6437 	EXP 	image: image = 'game.jpg'
4.6590 	EXP 	image: image = 'game.jpg'
4.6766 	EXP 	image: image = 'game.jpg'
4.6949 	EXP 	image: image = 'game.jpg'
4.7112 	EXP 	image: image = 'game.jpg'
4.7275 	EXP 	image: image = 'game.jpg'
4.7431 	EXP 	image: image = 'game.jpg'
4.7602 	EXP 	image: image = 'game.jpg'
4.7753 	EXP 	image: image = 'game.jpg'
4.8133 	EXP 	image: image = 'game.jpg'
4.8306 	EXP 	image: image = 'game.jpg'
4.8428 	EXP 	image: image = 'game.jpg'
4.8598 	EXP 	image: image = 'game.jpg'
4.8757 	EXP 	image: image = 'game.jpg'
4.9113 	EXP 	image: image = 'game.jpg'
4.9396 	EXP 	image: image = 'game.jpg'
4.9536 	EXP 	image: image = 'game.jpg'
4.9642 	EXP 	image: image = 'game.jpg'
5.0043 	EXP 	image: image = 'game.jpg'
5.0192 	EXP 	image: image = 'game.jpg'
5.0313 	EXP 	image: image = 'game.jpg'
5.0464 	EXP 	image: image = 'game.jpg'
5.0622 	EXP 	image: image = 'game.jpg'
5.0797 	EXP 	image: image = 'game.jpg'
5.0961 	EXP 	image: image = 'game.jpg'
5.1132 	EXP 	image: image = 'game.jpg'
5.1295 	EXP 	image: image = 'game.jpg'
5.1459 	EXP 	image: image = 'game.jpg'
5.1638 	EXP 	image: image = 'game.jpg'
5.1826 	EXP 	image: image = 'game.jpg'
5.1962 	EXP 	image: image = 'game.jpg'
5.2128 	EXP 	image: image = 'game.jpg'
5.2301 	EXP 	image: image = 'game.jpg'
5.2461 	EXP 	image: image = 'game.jpg'
5.2628 	EXP 	image: image = 'game.jpg'
5.2829 	EXP 	image: image = 'game.jpg'
5.2961 	EXP 	image: image = 'game.jpg'
5.3118 	EXP 	image: image = 'game.jpg'
5.3282 	EXP 	image: image = 'game.jpg'
5.3456 	EXP 	image: image = 'game.jpg'
5.3642 	EXP 	image: image = 'game.jpg'
5.3788 	EXP 	image: image = 'game.jpg'
5.3963 	EXP 	image: image = 'game.jpg'
5.4128 	EXP 	image: image = 'game.jpg'
5.4289 	EXP 	image: image = 'game.jpg'
5.4457 	EXP 	image: image = 'game.jpg'
5.4614 	EXP 	image: image = 'game.jpg'
5.4784 	EXP 	image: image = 'game.jpg'
5.4957 	EXP 	image: image = 'game.jpg'
5.5139 	EXP 	image: image = 'game.jpg'
5.5286 	EXP 	image: image = 'game.jpg'
5.5455 	EXP 	image: image = 'game.jpg'
5.5612 	EXP 	image: image = 'game.jpg'
5.5801 	EXP 	image: image = 'game.jpg'
5.5961 	EXP 	image: image = 'game.jpg'
5.6135 	EXP 	image: image = 'game.jpg'
5.6286 	EXP 	image: image = 'game.jpg'
5.6467 	EXP 	image: image = 'game.jpg'
5.6613 	EXP 	image: image = 'game.jpg'
5.6797 	EXP 	image: image = 'game.jpg'
5.6953 	EXP 	image: image = 'game.jpg'
5.7125 	EXP 	image: image = 'game.jpg'
5.7281 	EXP 	image: image = 'game.jpg'
5.7454 	EXP 	image: image = 'game.jpg'
5.7627 	EXP 	image: image = 'game.jpg'
5.7795 	EXP 	image: image = 'game.jpg'
5.7955 	EXP 	image: image = 'game.jpg'
5.8116 	EXP 	image: image = 'game.jpg'
5.8286 	EXP 	image: image = 'game.jpg'
5.8457 	EXP 	image: image = 'game.jpg'
5.8615 	EXP 	image: image = 'game.jpg'
5.8796 	EXP 	image: image = 'game.jpg'
5.8959 	EXP 	image: image = 'game.jpg'
5.9128 	EXP 	image: image = 'game.jpg'
5.9290 	EXP 	image: image = 'game.jpg'
5.9456 	EXP 	image: image = 'game.jpg'
5.9629 	EXP 	image: image = 'game.jpg'
5.9783 	EXP 	image: image = 'game.jpg'
5.9953 	EXP 	image: image = 'game.jpg'
6.0111 	EXP 	image: image = 'game.jpg'
6.0293 	EXP 	image: image = 'game.jpg'
6.0456 	EXP 	image: image = 'game.jpg'
6.0622 	EXP 	image: image = 'game.jpg'
6.0787 	EXP 	image: image = 'game.jpg'
6.0956 	EXP 	image: image = 'game.jpg'
6.1129 	EXP 	image: image = 'game.jpg'
6.1304 	EXP 	image: image = 'game.jpg'
6.1462 	EXP 	image: image = 'game.jpg'
6.1635 	EXP 	image: image = 'game.jpg'
6.1800 	EXP 	image: image = 'game.jpg'
6.1965 	EXP 	image: image = 'game.jpg'
6.2136 	EXP 	image: image = 'game.jpg'
6.2303 	EXP 	image: image = 'game.jpg'
6.2456 	EXP 	image: image = 'game.jpg'
6.2616 	EXP 	image: image = 'game.jpg'
6.2794 	EXP 	image: image = 'game.jpg'
6.2951 	EXP 	image: image = 'game.jpg'
6.3128 	EXP 	image: image = 'game.jpg'
6.3278 	EXP 	image: image = 'game.jpg'
6.3457 	EXP 	image: image = 'game.jpg'
6.3627 	EXP 	image: image = 'game.jpg'
6.3783 	EXP 	image: image = 'game.jpg'
6.3961 	EXP 	image: image = 'game.jpg'
6.4125 	EXP 	image: image = 'game.jpg'
6.4283 	EXP 	image: image = 'game.jpg'
6.4459 	EXP 	image: image = 'game.jpg'
6.4625 	EXP 	image: image = 'game.jpg'
6.4792 	EXP 	image: image = 'game.jpg'
6.4955 	EXP 	image: image = 'game.jpg'
6.5126 	EXP 	image: image = 'game.jpg'
6.5289 	EXP 	image: image = 'game.jpg'
6.5458 	EXP 	image: image = 'game.jpg'
6.5625 	EXP 	image: image = 'game.jpg'
6.5795 	EXP 	image: image = 'game.jpg'
6.5941 	EXP 	image: image = 'game.jpg'
6.6149 	EXP 	image: image = 'game.jpg'
6.6294 	EXP 	image: image = 'game.jpg'
6.6455 	EXP 	image: image = 'game.jpg'
6.6622 	EXP 	image: image = 'game.jpg'
6.6789 	EXP 	image: image = 'game.jpg'
6.6953 	EXP 	image: image = 'game.jpg'
6.7125 	EXP 	image: image = 'game.jpg'
6.7282 	EXP 	image: image = 'game.jpg'
6.7459 	EXP 	image: image = 'game.jpg'
6.7626 	EXP 	image: image = 'game.jpg'
6.7780 	EXP 	image: image = 'game.jpg'
6.7954 	EXP 	image: image = 'game.jpg'
6.8128 	EXP 	image: image = 'game.jpg'
6.8289 	EXP 	image: image = 'game.jpg'
6.8457 	EXP 	image: image = 'game.jpg'
6.8625 	EXP 	image: image = 'game.jpg'
6.8783 	EXP 	image: image = 'game.jpg'
6.8959 	EXP 	image: image = 'game.jpg'
6.9130 	EXP 	image: image = 'game.jpg'
6.9292 	EXP 	image: image = 'game.jpg'
6.9458 	EXP 	image: image = 'game.jpg'
6.9607 	EXP 	image: image = 'game.jpg'
6.9784 	EXP 	image: image = 'game.jpg'
6.9954 	EXP 	image: image = 'game.jpg'
7.0141 	EXP 	image: image = 'game.jpg'
7.0299 	EXP 	image: image = 'game.jpg'
7.0462 	EXP 	image: image = 'game.jpg'
7.0627 	EXP 	image: image = 'game.jpg'
7.0784 	EXP 	image: image = 'game.jpg'
7.0962 	EXP 	image: image = 'game.jpg'
7.1131 	EXP 	image: image = 'game.jpg'
7.1289 	EXP 	image: image = 'game.jpg'
7.1446 	EXP 	image: image = 'game.jpg'
7.1631 	EXP 	image: image = 'game.jpg'
7.1799 	EXP 	image: image = 'game.jpg'
7.1955 	EXP 	image: image = 'game.jpg'
7.2132 	EXP 	image: image = 'game.jpg'
7.2288 	EXP 	image: image = 'game.jpg'
7.2456 	EXP 	image: image = 'game.jpg'
7.2614 	EXP 	image: image = 'game.jpg'
7.2790 	EXP 	image: image = 'game.jpg'
7.2957 	EXP 	image: image = 'game.jpg'
7.3117 	EXP 	image: image = 'game.jpg'
7.3290 	EXP 	image: image = 'game.jpg'
7.3457 	EXP 	image: image = 'game.jpg'
7.3624 	EXP 	image: image = 'game.jpg'
7.3807 	EXP 	image: image = 'game.jpg'
7.3953 	EXP 	image: image = 'game.jpg'
7.4133 	EXP 	image: image = 'game.jpg'
7.4294 	EXP 	image: image = 'game.jpg'
7.4461 	EXP 	image: image = 'game.jpg'
7.4628 	EXP 	image: image = 'game.jpg'
7.4788 	EXP 	image: image = 'game.jpg'
7.4959 	EXP 	image: image = 'game.jpg'
7.5129 	EXP 	image: image = 'game.jpg'
7.5294 	EXP 	image: image = 'game.jpg'
7.5457 	EXP 	image: image = 'game.jpg'
7.5617 	EXP 	image: image = 'game.jpg'
7.5795 	EXP 	image: image = 'game.jpg'
7.5957 	EXP 	image: image = 'game.jpg'
7.6125 	EXP 	image: image = 'game.jpg'
7.6279 	EXP 	image: image = 'game.jpg'
7.6457 	EXP 	image: image = 'game.jpg'
7.6648 	EXP 	image: image = 'game.jpg'
7.6799 	EXP 	image: image = 'game.jpg'
7.6986 	EXP 	image: image = 'game.jpg'
7.7132 	EXP 	image: image = 'game.jpg'
7.7289 	EXP 	image: image = 'game.jpg'
7.7454 	EXP 	image: image = 'game.jpg'
7.7630 	EXP 	image: image = 'game.jpg'
7.7794 	EXP 	image: image = 'game.jpg'
7.7957 	EXP 	image: image = 'game.jpg'
7.8287 	EXP 	image: image = 'game.jpg'
7.8389 	EXP 	image: image = 'game.jpg'
7.8615 	EXP 	image: image = 'game.jpg'
7.8701 	EXP 	image: image = 'game.jpg'
7.8878 	EXP 	image: image = 'game.jpg'
7.9055 	EXP 	image: image = 'game.jpg'
7.9212 	EXP 	image: image = 'game.jpg'
7.9375 	EXP 	image: image = 'game.jpg'
7.9550 	EXP 	image: image = 'game.jpg'
7.9716 	EXP 	image: image = 'game.jpg'
8.0023 	EXP 	image: image = 'game.jpg'
8.0166 	EXP 	image: image = 'game.jpg'
8.0287 	EXP 	image: image = 'game.jpg'
8.0436 	EXP 	image: image = 'game.jpg'
8.0608 	EXP 	image: image = 'game.jpg'
8.0775 	EXP 	image: image = 'game.jpg'
8.0935 	EXP 	image: image = 'game.jpg'
8.1107 	EXP 	image: image = 'game.jpg'
8.1279 	EXP 	image: image = 'game.jpg'
8.1440 	EXP 	image: image = 'game.jpg'
8.1613 	EXP 	image: image = 'game.jpg'
8.1787 	EXP 	image: image = 'game.jpg'
8.1940 	EXP 	image: image = 'game.jpg'
8.2103 	EXP 	image: image = 'game.jpg'
8.2270 	EXP 	image: image = 'game.jpg'
8.2448 	EXP 	image: image = 'game.jpg'
8.2601 	EXP 	image: image = 'game.jpg'
8.2773 	EXP 	image: image = 'game.jpg'
8.2955 	EXP 	image: image = 'game.jpg'
8.3107 	EXP 	image: image = 'game.jpg'
8.3278 	EXP 	image: image = 'game.jpg'
8.3432 	EXP 	image: image = 'game.jpg'
8.3606 	EXP 	image: image = 'game.jpg'
8.3778 	EXP 	image: image = 'game.jpg'
8.3936 	EXP 	image: image = 'game.jpg'
8.4119 	EXP 	image: image = 'game.jpg'
8.4277 	EXP 	image: image = 'game.jpg'
8.4435 	EXP 	image: image = 'game.jpg'
8.4612 	EXP 	image: image = 'game.jpg'
8.4774 	EXP 	image: image = 'game.jpg'
8.4943 	EXP 	image: image = 'game.jpg'
8.5106 	EXP 	image: image = 'game.jpg'
8.5279 	EXP 	image: image = 'game.jpg'
8.5435 	EXP 	image: image = 'game.jpg'
8.5604 	EXP 	image: image = 'game.jpg'
8.5776 	EXP 	image: image = 'game.jpg'
8.5935 	EXP 	image: image = 'game.jpg'
8.6109 	EXP 	image: image = 'game.jpg'
8.6272 	EXP 	image: image = 'game.jpg'
8.6445 	EXP 	image: image = 'game.jpg'
8.6605 	EXP 	image: image = 'game.jpg'
8.6777 	EXP 	image: image = 'game.jpg'
8.6945 	EXP 	image: image = 'game.jpg'
8.7104 	EXP 	image: image = 'game.jpg'
8.7280 	EXP 	image: image = 'game.jpg'
8.7442 	EXP 	image: image = 'game.jpg'
8.7602 	EXP 	image: image = 'game.jpg'
8.7770 	EXP 	image: image = 'game.jpg'
8.7946 	EXP 	image: image = 'game.jpg'
8.8108 	EXP 	image: image = 'game.jpg'
8.8293 	EXP 	image: image = 'game.jpg'
8.8446 	EXP 	image: image = 'game.jpg'
8.8757 	EXP 	image: image = 'game.jpg'
8.8863 	EXP 	image: image = 'game.jpg'
8.8990 	EXP 	image: image = 'game.jpg'
8.9159 	EXP 	image: image = 'game.jpg'
8.9328 	EXP 	image: image = 'game.jpg'
8.9497 	EXP 	image: image = 'game.jpg'
8.9658 	EXP 	image: image = 'game.jpg'
8.9826 	EXP 	image: image = 'game.jpg'
8.9998 	EXP 	image: image = 'game.jpg'
9.0166 	EXP 	image: image = 'game.jpg'
9.0330 	EXP 	image: image = 'game.jpg'
9.0498 	EXP 	image: image = 'game.jpg'
9.0669 	EXP 	image: image = 'game.jpg'
9.0846 	EXP 	image: image = 'game.jpg'
9.1001 	EXP 	image: image = 'game.jpg'
9.1165 	EXP 	image: image = 'game.jpg'
9.1327 	EXP 	image: image = 'game.jpg'
9.1503 	EXP 	image: image = 'game.jpg'
9.1671 	EXP 	image: image = 'game.jpg'
9.1837 	EXP 	image: image = 'game.jpg'
9.2015 	EXP 	image: image = 'game.jpg'
9.2179 	EXP 	image: image = 'game.jpg'
9.2339 	EXP 	image: image = 'game.jpg'
9.2511 	EXP 	image: image = 'game.jpg'
9.2681 	EXP 	image: image = 'game.jpg'
9.2833 	EXP 	image: image = 'game.jpg'
9.3012 	EXP 	image: image = 'game.jpg'
9.3165 	EXP 	image: image = 'game.jpg'
9.3353 	EXP 	image: image = 'game.jpg'
9.3498 	EXP 	image: image = 'game.jpg'
9.3657 	EXP 	image: image = 'game.jpg'
9.3826 	EXP 	image: image = 'game.jpg'
9.4010 	EXP 	image: image = 'game.jpg'
9.4161 	EXP 	image: image = 'game.jpg'
9.4337 	EXP 	image: image = 'game.jpg'
9.4510 	EXP 	image: image = 'game.jpg'
9.4667 	EXP 	image: image = 'game.jpg'
9.4831 	EXP 	image: image = 'game.jpg'
9.5005 	EXP 	image: image = 'game.jpg'
9.5166 	EXP 	image: image = 'game.jpg'
9.5457 	EXP 	image: image = 'game.jpg'
9.5564 	EXP 	image: image = 'game.jpg'
9.5708 	EXP 	image: image = 'game.jpg'
9.5871 	EXP 	image: image = 'game.jpg'
9.6047 	EXP 	image: image = 'game.jpg'
9.6205 	EXP 	image: image = 'game.jpg'
9.6366 	EXP 	image: image = 'game.jpg'
9.6541 	EXP 	image: image = 'game.jpg'
9.6713 	EXP 	image: image = 'game.jpg'
9.6880 	EXP 	image: image = 'game.jpg'
9.7051 	EXP 	image: image = 'game.jpg'
9.7244 	EXP 	image: image = 'game.jpg'
9.7369 	EXP 	image: image = 'game.jpg'
9.7539 	EXP 	image: image = 'game.jpg'
9.7707 	EXP 	image: image = 'game.jpg'
9.7866 	EXP 	image: image = 'game.jpg'
9.8037 	EXP 	image: image = 'game.jpg'
9.8209 	EXP 	image: image = 'game.jpg'
9.8376 	EXP 	image: image = 'game.jpg'
9.8543 	EXP 	image: image = 'game.jpg'
9.8709 	EXP 	image: image = 'game.jpg'
9.8880 	EXP 	image: image = 'game.jpg'
9.9191 	EXP 	image: image = 'game.jpg'
9.9307 	EXP 	image: image = 'game.jpg'
9.9438 	EXP 	image: image = 'game.jpg'
9.9600 	EXP 	image: image = 'game.jpg'
9.9817 	EXP 	image: image = 'game.jpg'
9.9929 	EXP 	image: image = 'game.jpg'
10.0095 	EXP 	image: image = 'game.jpg'
10.0270 	EXP 	image: image = 'game.jpg'
10.0423 	EXP 	image: image = 'game.jpg'
10.0598 	EXP 	image: image = 'game.jpg'
10.0764 	EXP 	image: image = 'game.jpg'
10.0926 	EXP 	image: image = 'game.jpg'
10.1104 	EXP 	image: image = 'game.jpg'
10.1379 	EXP 	image: image = 'game.jpg'
10.1483 	EXP 	image: image = 'game.jpg'
10.1616 	EXP 	image: image = 'game.jpg'
10.1786 	EXP 	image: image = 'game.jpg'
10.1941 	EXP 	image: image = 'game.jpg'
10.2121 	EXP 	image: image = 'game.jpg'
10.2302 	EXP 	image: image = 'game.jpg'
10.2487 	EXP 	image: image = 'game.jpg'
10.2625 	EXP 	image: image = 'game.jpg'
10.2788 	EXP 	image: image = 'game.jpg'
10.2948 	EXP 	image: image = 'game.jpg'
10.3115 	EXP 	image: image = 'game.jpg'
10.3293 	EXP 	image: image = 'game.jpg'
10.3456 	EXP 	image: image = 'game.jpg'
10.3623 	EXP 	image: image = 'game.jpg'
10.3790 	EXP 	image: image = 'game.jpg'
10.3959 	EXP 	image: image = 'game.jpg'
10.4129 	EXP 	image: image = 'game.jpg'
10.4274 	EXP 	image: image = 'game.jpg'
10.4467 	EXP 	image: image = 'game.jpg'
10.4621 	EXP 	image: image = 'game.jpg'
10.4788 	EXP 	image: image = 'game.jpg'
10.4946 	EXP 	image: image = 'game.jpg'
10.5120 	EXP 	image: image = 'game.jpg'
10.5284 	EXP 	image: image = 'game.jpg'
10.5446 	EXP 	image: image = 'game.jpg'
10.5620 	EXP 	image: image = 'game.jpg'
10.5783 	EXP 	image: image = 'game.jpg'
10.5942 	EXP 	image: image = 'game.jpg'
10.6122 	EXP 	image: image = 'game.jpg'
10.6296 	EXP 	image: image = 'game.jpg'
10.6453 	EXP 	image: image = 'game.jpg'
10.6621 	EXP 	image: image = 'game.jpg'
10.6782 	EXP 	image: image = 'game.jpg'
10.6956 	EXP 	image: image = 'game.jpg'
10.7117 	EXP 	image: image = 'game.jpg'
10.7294 	EXP 	image: image = 'game.jpg'
10.7450 	EXP 	image: image = 'game.jpg'
10.7617 	EXP 	image: image = 'game.jpg'
10.7858 	EXP 	image: image = 'game.jpg'
10.7974 	EXP 	image: image = 'game.jpg'
10.8119 	EXP 	image: image = 'game.jpg'
10.8284 	EXP 	image: image = 'game.jpg'
10.8448 	EXP 	image: image = 'game.jpg'
10.8621 	EXP 	image: image = 'game.jpg'
10.8908 	EXP 	image: image = 'game.jpg'
10.8978 	EXP 	image: image = 'game.jpg'
10.9138 	EXP 	image: image = 'game.jpg'
10.9313 	EXP 	image: image = 'game.jpg'
10.9478 	EXP 	image: image = 'game.jpg'
10.9647 	EXP 	image: image = 'game.jpg'
10.9815 	EXP 	image: image = 'game.jpg'
10.9975 	EXP 	image: image = 'game.jpg'
11.0136 	EXP 	image: image = 'game.jpg'
11.0314 	EXP 	image: image = 'game.jpg'
11.0474 	EXP 	image: image = 'game.jpg'
11.0649 	EXP 	image: image = 'game.jpg'
11.0818 	EXP 	image: image = 'game.jpg'
11.0977 	EXP 	image: image = 'game.jpg'
11.1144 	EXP 	image: image = 'game.jpg'
11.1315 	EXP 	image: image = 'game.jpg'
11.1478 	EXP 	image: image = 'game.jpg'
11.1647 	EXP 	image: image = 'game.jpg'
11.1806 	EXP 	image: image = 'game.jpg'
11.1979 	EXP 	image: image = 'game.jpg'
11.2220 	EXP 	image: image = 'game.jpg'
11.2338 	EXP 	image: image = 'game.jpg'
11.2465 	EXP 	image: image = 'game.jpg'
11.2649 	EXP 	image: image = 'game.jpg'
11.2815 	EXP 	image: image = 'game.jpg'
11.3047 	EXP 	image: image = 'game.jpg'
11.3142 	EXP 	image: image = 'game.jpg'
11.3302 	EXP 	image: image = 'game.jpg'
11.3478 	EXP 	image: image = 'game.jpg'
11.3637 	EXP 	image: image = 'game.jpg'
11.3818 	EXP 	image: image = 'game.jpg'
11.4014 	EXP 	image: image = 'game.jpg'
11.4138 	EXP 	image: image = 'game.jpg'
11.4307 	EXP 	image: image = 'game.jpg'
11.4467 	EXP 	image: image = 'game.jpg'
11.4641 	EXP 	image: image = 'game.jpg'
11.4805 	EXP 	image: image = 'game.jpg'
11.4966 	EXP 	image: image = 'game.jpg'
11.5163 	EXP 	image: image = 'game.jpg'
11.5329 	EXP 	image: image = 'game.jpg'
11.5570 	EXP 	image: image = 'game.jpg'
11.5667 	EXP 	image: image = 'game.jpg'
11.5835 	EXP 	image: image = 'game.jpg'
11.5996 	EXP 	image: image = 'game.jpg'
11.6240 	EXP 	image: image = 'game.jpg'
11.6333 	EXP 	image: image = 'game.jpg'
11.6483 	EXP 	image: image = 'game.jpg'
11.6657 	EXP 	image: image = 'game.jpg'
11.6829 	EXP 	image: image = 'game.jpg'
11.6984 	EXP 	image: image = 'game.jpg'
11.7157 	EXP 	image: image = 'game.jpg'
11.7386 	EXP 	image: image = 'game.jpg'
11.7540 	EXP 	image: image = 'game.jpg'
11.7662 	EXP 	image: image = 'game.jpg'
11.7830 	EXP 	image: image = 'game.jpg'
11.8009 	EXP 	image: image = 'game.jpg'
11.8167 	EXP 	image: image = 'game.jpg'
11.8330 	EXP 	image: image = 'game.jpg'
11.8490 	EXP 	image: image = 'game.jpg'
11.8664 	EXP 	image: image = 'game.jpg'
11.8827 	EXP 	image: image = 'game.jpg'
11.9001 	EXP 	image: image = 'game.jpg'
11.9168 	EXP 	image: image = 'game.jpg'
11.9396 	EXP 	image: image = 'game.jpg'
11.9505 	EXP 	image: image = 'game.jpg'
11.9660 	EXP 	image: image = 'game.jpg'
11.9816 	EXP 	image: image = 'game.jpg'
11.9987 	EXP 	image: image = 'game.jpg'
12.0360 	EXP 	image: image = 'game.jpg'
12.0471 	EXP 	image: image = 'game.jpg'
12.0637 	EXP 	image: image = 'game.jpg'
12.0802 	EXP 	image: image = 'game.jpg'
12.0941 	EXP 	image: image = 'game.jpg'
12.1101 	EXP 	image: image = 'game.jpg'
12.1269 	EXP 	image: image = 'game.jpg'
12.1445 	EXP 	image: image = 'game.jpg'
12.1600 	EXP 	image: image = 'game.jpg'
12.1760 	EXP 	image: image = 'game.jpg'
12.1931 	EXP 	image: image = 'game.jpg'
12.2109 	EXP 	image: image = 'game.jpg'
12.2261 	EXP 	image: image = 'game.jpg'
12.2431 	EXP 	image: image = 'game.jpg'
12.2602 	EXP 	image: image = 'game.jpg'
12.2762 	EXP 	image: image = 'game.jpg'
12.2953 	EXP 	image: image = 'game.jpg'
12.3114 	EXP 	image: image = 'game.jpg'
12.3271 	EXP 	image: image = 'game.jpg'
12.3430 	EXP 	image: image = 'game.jpg'
12.3642 	EXP 	image: image = 'game.jpg'
12.3760 	EXP 	image: image = 'game.jpg'
12.3950 	EXP 	image: image = 'game.jpg'
12.4104 	EXP 	image: image = 'game.jpg'
12.4263 	EXP 	image: image = 'game.jpg'
12.4458 	EXP 	image: image = 'game.jpg'
12.4607 	EXP 	image: image = 'game.jpg'
12.4765 	EXP 	image: image = 'game.jpg'
12.4943 	EXP 	image: image = 'game.jpg'
12.5135 	EXP 	image: image = 'game.jpg'
12.5264 	EXP 	image: image = 'game.jpg'
12.5449 	EXP 	image: image = 'game.jpg'
12.5615 	EXP 	image: image = 'game.jpg'
12.5763 	EXP 	image: image = 'game.jpg'
12.5972 	EXP 	image: image = 'game.jpg'
12.6106 	EXP 	image: image = 'game.jpg'
12.6275 	EXP 	image: image = 'game.jpg'
12.6438 	EXP 	image: image = 'game.jpg'
12.6605 	EXP 	image: image = 'game.jpg'
12.6770 	EXP 	image: image = 'game.jpg'
12.6971 	EXP 	image: image = 'game.jpg'
12.7137 	EXP 	image: image = 'game.jpg'
12.7262 	EXP 	image: image = 'game.jpg'
12.7440 	EXP 	image: image = 'game.jpg'
12.7638 	EXP 	image: image = 'game.jpg'
12.7774 	EXP 	image: image = 'game.jpg'
12.7961 	EXP 	image: image = 'game.jpg'
12.8129 	EXP 	image: image = 'game.jpg'
12.8267 	EXP 	image: image = 'game.jpg'
12.8435 	EXP 	image: image = 'game.jpg'
12.8596 	EXP 	image: image = 'game.jpg'
12.8766 	EXP 	image: image = 'game.jpg'
12.8968 	EXP 	image: image = 'game.jpg'
12.9130 	EXP 	image: image = 'game.jpg'
12.9265 	EXP 	image: image = 'game.jpg'
12.9436 	EXP 	image: image = 'game.jpg'
12.9596 	EXP 	image: image = 'game.jpg'
12.9765 	EXP 	image: image = 'game.jpg'
12.9972 	EXP 	image: image = 'game.jpg'
13.0108 	EXP 	image: image = 'game.jpg'
13.0270 	EXP 	image: image = 'game.jpg'
13.0480 	EXP 	image: image = 'game.jpg'
13.0607 	EXP 	image: image = 'game.jpg'
13.0767 	EXP 	image: image = 'game.jpg'
13.0967 	EXP 	image: image = 'game.jpg'
13.1106 	EXP 	image: image = 'game.jpg'
13.1278 	EXP 	image: image = 'game.jpg'
13.1470 	EXP 	image: image = 'game.jpg'
13.1605 	EXP 	image: image = 'game.jpg'
13.1773 	EXP 	image: image = 'game.jpg'
13.1968 	EXP 	image: image = 'game.jpg'
13.2104 	EXP 	image: image = 'game.jpg'
13.2270 	EXP 	image: image = 'game.jpg'
13.2465 	EXP 	image: image = 'game.jpg'
13.2598 	EXP 	image: image = 'game.jpg'
13.2891 	EXP 	image: image = 'game.jpg'
13.3064 	EXP 	image: image = 'game.jpg'
13.3178 	EXP 	image: image = 'game.jpg'
13.3337 	EXP 	image: image = 'game.jpg'
13.3532 	EXP 	image: image = 'game.jpg'
13.3665 	EXP 	image: image = 'game.jpg'
13.3825 	EXP 	image: image = 'game.jpg'
13.3995 	EXP 	image: image = 'game.jpg'
13.4196 	EXP 	image: image = 'game.jpg'
13.4327 	EXP 	image: image = 'game.jpg'
13.4502 	EXP 	image: image = 'game.jpg'
13.4658 	EXP 	image: image = 'game.jpg'
13.4832 	EXP 	image: image = 'game.jpg'
13.4990 	EXP 	image: image = 'game.jpg'
13.5165 	EXP 	image: image = 'game.jpg'
13.5329 	EXP 	image: image = 'game.jpg'
13.5487 	EXP 	image: image = 'game.jpg'
13.5659 	EXP 	image: image = 'game.jpg'
13.5827 	EXP 	image: image = 'game.jpg'
13.6016 	EXP 	image: image = 'game.jpg'
13.6165 	EXP 	image: image = 'game.jpg'
13.6334 	EXP 	image: image = 'game.jpg'
13.6543 	EXP 	image: image = 'game.jpg'
13.6673 	EXP 	image: image = 'game.jpg'
13.6834 	EXP 	image: image = 'game.jpg'
13.7007 	EXP 	image: image = 'game.jpg'
13.7156 	EXP 	image: image = 'game.jpg'
13.7331 	EXP 	image: image = 'game.jpg'
13.7548 	EXP 	image: image = 'game.jpg'
13.7707 	EXP 	image: image = 'game.jpg'
13.7833 	EXP 	image: image = 'game.jpg'
13.7985 	EXP 	image: image = 'game.jpg'
13.8167 	EXP 	image: image = 'game.jpg'
13.8321 	EXP 	image: image = 'game.jpg'
13.8512 	EXP 	image: image = 'game.jpg'
13.8667 	EXP 	image: image = 'game.jpg'
13.8835 	EXP 	image: image = 'game.jpg'
13.8995 	EXP 	image: image = 'game.jpg'
13.9192 	EXP 	image: image = 'game.jpg'
13.9348 	EXP 	image: image = 'game.jpg'
13.9492 	EXP 	image: image = 'game.jpg'
13.9667 	EXP 	image: image = 'game.jpg'
13.9830 	EXP 	image: image = 'game.jpg'
13.9987 	EXP 	image: image = 'game.jpg'
14.0273 	EXP 	image: image = 'game.jpg'
14.0373 	EXP 	image: image = 'game.jpg'
14.0519 	EXP 	image: image = 'game.jpg'
14.0719 	EXP 	image: image = 'game.jpg'
14.0831 	EXP 	image: image = 'game.jpg'
14.1043 	EXP 	image: image = 'game.jpg'
14.1203 	EXP 	image: image = 'game.jpg'
14.1349 	EXP 	image: image = 'game.jpg'
14.1513 	EXP 	image: image = 'game.jpg'
14.1703 	EXP 	image: image = 'game.jpg'
14.1852 	EXP 	image: image = 'game.jpg'
14.2011 	EXP 	image: image = 'game.jpg'
14.2181 	EXP 	image: image = 'game.jpg'
14.2351 	EXP 	image: image = 'game.jpg'
14.2520 	EXP 	image: image = 'game.jpg'
14.2669 	EXP 	image: image = 'game.jpg'
14.2852 	EXP 	image: image = 'game.jpg'
14.3011 	EXP 	image: image = 'game.jpg'
14.3202 	EXP 	image: image = 'game.jpg'
14.3361 	EXP 	image: image = 'game.jpg'
14.3511 	EXP 	image: image = 'game.jpg'
14.3708 	EXP 	image: image = 'game.jpg'
14.3835 	EXP 	image: image = 'game.jpg'
14.4010 	EXP 	image: image = 'game.jpg'
14.4179 	EXP 	image: image = 'game.jpg'
14.4348 	EXP 	image: image = 'game.jpg'
14.4550 	EXP 	image: image = 'game.jpg'
14.4714 	EXP 	image: image = 'game.jpg'
14.4852 	EXP 	image: image = 'game.jpg'
14.5047 	EXP 	image: image = 'game.jpg'
14.5213 	EXP 	image: image = 'game.jpg'
14.5350 	EXP 	image: image = 'game.jpg'
14.5520 	EXP 	image: image = 'game.jpg'
14.5710 	EXP 	image: image = 'game.jpg'
14.5837 	EXP 	image: image = 'game.jpg'
14.6012 	EXP 	image: image = 'game.jpg'
14.6174 	EXP 	image: image = 'game.jpg'
14.6354 	EXP 	image: image = 'game.jpg'
14.6515 	EXP 	image: image = 'game.jpg'
14.6715 	EXP 	image: image = 'game.jpg'
14.6851 	EXP 	image: image = 'game.jpg'
14.7011 	EXP 	image: image = 'game.jpg'
14.7183 	EXP 	image: image = 'game.jpg'
14.7349 	EXP 	image: image = 'game.jpg'
14.7513 	EXP 	image: image = 'game.jpg'
14.7679 	EXP 	image: image = 'game.jpg'
14.7839 	EXP 	image: image = 'game.jpg'
14.8009 	EXP 	image: image = 'game.jpg'
14.8189 	EXP 	image: image = 'game.jpg'
14.8348 	EXP 	image: image = 'game.jpg'
14.8510 	EXP 	image: image = 'game.jpg'
14.8822 	EXP 	image: image = 'game.jpg'
14.8896 	EXP 	image: image = 'game.jpg'
14.9063 	EXP 	image: image = 'game.jpg'
14.9224 	EXP 	image: image = 'game.jpg'
14.9400 	EXP 	image: image = 'game.jpg'
14.9562 	EXP 	image: image = 'game.jpg'
14.9723 	EXP 	image: image = 'game.jpg'
14.9897 	EXP 	image: image = 'game.jpg'
15.0179 	EXP 	image: image = 'game.jpg'
15.0253 	EXP 	image: image = 'game.jpg'
15.0426 	EXP 	image: image = 'game.jpg'
15.0591 	EXP 	image: image = 'game.jpg'
15.0765 	EXP 	image: image = 'game.jpg'
15.0927 	EXP 	image: image = 'game.jpg'
15.1088 	EXP 	image: image = 'game.jpg'
15.1270 	EXP 	image: image = 'game.jpg'
15.1425 	EXP 	image: image = 'game.jpg'
15.1590 	EXP 	image: image = 'game.jpg'
15.1903 	EXP 	image: image = 'game.jpg'
15.1973 	EXP 	image: image = 'game.jpg'
15.2144 	EXP 	image: image = 'game.jpg'
15.2301 	EXP 	image: image = 'game.jpg'
15.2474 	EXP 	image: image = 'game.jpg'
15.2632 	EXP 	image: image = 'game.jpg'
15.2810 	EXP 	image: image = 'game.jpg'
15.2969 	EXP 	image: image = 'game.jpg'
15.3147 	EXP 	image: image = 'game.jpg'
15.3307 	EXP 	image: image = 'game.jpg'
15.3475 	EXP 	image: image = 'game.jpg'
15.3637 	EXP 	image: image = 'game.jpg'
15.3806 	EXP 	image: image = 'game.jpg'
15.3966 	EXP 	image: image = 'game.jpg'
15.4136 	EXP 	image: image = 'game.jpg'
15.4305 	EXP 	image: image = 'game.jpg'
15.4484 	EXP 	image: image = 'game.jpg'
15.4633 	EXP 	image: image = 'game.jpg'
15.4801 	EXP 	image: image = 'game.jpg'
15.5008 	EXP 	image: image = 'game.jpg'
15.5282 	EXP 	image: image = 'game.jpg'
15.5352 	EXP 	image: image = 'game.jpg'
15.5517 	EXP 	image: image = 'game.jpg'
15.5718 	EXP 	image: image = 'game.jpg'
15.5853 	EXP 	image: image = 'game.jpg'
15.6066 	EXP 	image: image = 'game.jpg'
15.6209 	EXP 	image: image = 'game.jpg'
15.6355 	EXP 	image: image = 'game.jpg'
15.6517 	EXP 	image: image = 'game.jpg'
15.6726 	EXP 	image: image = 'game.jpg'
15.6870 	EXP 	image: image = 'game.jpg'
15.7055 	EXP 	image: image = 'game.jpg'
15.7194 	EXP 	image: image = 'game.jpg'
15.7390 	EXP 	image: image = 'game.jpg'
15.7527 	EXP 	image: image = 'game.jpg'
15.7714 	EXP 	image: image = 'game.jpg'
15.7858 	EXP 	image: image = 'game.jpg'
15.8054 	EXP 	image: image = 'game.jpg'
15.8189 	EXP 	image: image = 'game.jpg'
15.8393 	EXP 	image: image = 'game.jpg'
15.8528 	EXP 	image: image = 'game.jpg'
15.8706 	EXP 	image: image = 'game.jpg'
15.8850 	EXP 	image: image = 'game.jpg'
15.9076 	EXP 	image: image = 'game.jpg'
15.9188 	EXP 	image: image = 'game.jpg'
15.9352 	EXP 	image: image = 'game.jpg'
15.9521 	EXP 	image: image = 'game.jpg'
15.9692 	EXP 	image: image = 'game.jpg'
15.9852 	EXP 	image: image = 'game.jpg'
16.0018 	EXP 	image: image = 'game.jpg'
16.0193 	EXP 	image: image = 'game.jpg'
16.0351 	EXP 	image: image = 'game.jpg'
16.0525 	EXP 	image: image = 'game.jpg'
16.0724 	EXP 	image: image = 'game.jpg'
16.0851 	EXP 	image: image = 'game.jpg'
16.1020 	EXP 	image: image = 'game.jpg'
16.1184 	EXP 	image: image = 'game.jpg'
16.1369 	EXP 	image: image = 'game.jpg'
16.1522 	EXP 	image: image = 'game.jpg'
16.1686 	EXP 	image: image = 'game.jpg'
16.1852 	EXP 	image: image = 'game.jpg'
16.2019 	EXP 	image: image = 'game.jpg'
16.2190 	EXP 	image: image = 'game.jpg'
16.2386 	EXP 	image: image = 'game.jpg'
16.2531 	EXP 	image: image = 'game.jpg'
16.2719 	EXP 	image: image = 'game.jpg'
16.2851 	EXP 	image: image = 'game.jpg'
16.3029 	EXP 	image: image = 'game.jpg'
16.3185 	EXP 	image: image = 'game.jpg'
16.3397 	EXP 	image: image = 'game.jpg'
16.3553 	EXP 	image: image = 'game.jpg'
16.3694 	EXP 	image: image = 'game.jpg'
16.3848 	EXP 	image: image = 'game.jpg'
16.4023 	EXP 	image: image = 'game.jpg'
16.4193 	EXP 	image: image = 'game.jpg'
16.4355 	EXP 	image: image = 'game.jpg'
16.4522 	EXP 	image: image = 'game.jpg'
16.4689 	EXP 	image: image = 'game.jpg'
16.4862 	EXP 	image: image = 'game.jpg'
16.5017 	EXP 	image: image = 'game.jpg'
16.5183 	EXP 	image: image = 'game.jpg'
16.5389 	EXP 	image: image = 'game.jpg'
16.5525 	EXP 	image: image = 'game.jpg'
16.5727 	EXP 	image: image = 'game.jpg'
16.5845 	EXP 	image: image = 'game.jpg'
16.6059 	EXP 	image: image = 'game.jpg'
16.6190 	EXP 	image: image = 'game.jpg'
16.6353 	EXP 	image: image = 'game.jpg'
16.6536 	EXP 	image: image = 'game.jpg'
16.6691 	EXP 	image: image = 'game.jpg'
16.6851 	EXP 	image: image = 'game.jpg'
16.7046 	EXP 	image: image = 'game.jpg'
16.7186 	EXP 	image: image = 'game.jpg'
16.7356 	EXP 	image: image = 'game.jpg'
16.7522 	EXP 	image: image = 'game.jpg'
16.7684 	EXP 	image: image = 'game.jpg'
16.7858 	EXP 	image: image = 'game.jpg'
16.8017 	EXP 	image: image = 'game.jpg'
16.8192 	EXP 	image: image = 'game.jpg'
16.8359 	EXP 	image: image = 'game.jpg'
16.8532 	EXP 	image: image = 'game.jpg'
16.8710 	EXP 	image: image = 'game.jpg'
16.8852 	EXP 	image: image = 'game.jpg'
16.9035 	EXP 	image: image = 'game.jpg'
16.9276 	EXP 	image: image = 'game.jpg'
16.9359 	EXP 	image: image = 'game.jpg'
16.9525 	EXP 	image: image = 'game.jpg'
16.9685 	EXP 	image: image = 'game.jpg'
16.9951 	EXP 	image: image = 'game.jpg'
17.0049 	EXP 	image: image = 'game.jpg'
17.0187 	EXP 	image: image = 'game.jpg'
17.0381 	EXP 	image: image = 'game.jpg'
17.0533 	EXP 	image: image = 'game.jpg'
17.0697 	EXP 	image: image = 'game.jpg'
17.0858 	EXP 	image: image = 'game.jpg'
17.1022 	EXP 	image: image = 'game.jpg'
17.1192 	EXP 	image: image = 'game.jpg'
17.1357 	EXP 	image: image = 'game.jpg'
17.1517 	EXP 	image: image = 'game.jpg'
17.1685 	EXP 	image: image = 'game.jpg'
17.1857 	EXP 	image: image = 'game.jpg'
17.2016 	EXP 	image: image = 'game.jpg'
17.2188 	EXP 	image: image = 'game.jpg'
17.2356 	EXP 	image: image = 'game.jpg'
17.2526 	EXP 	image: image = 'game.jpg'
17.2687 	EXP 	image: image = 'game.jpg'
17.2853 	EXP 	image: image = 'game.jpg'
17.3020 	EXP 	image: image = 'game.jpg'
17.3185 	EXP 	image: image = 'game.jpg'
17.3363 	EXP 	image: image = 'game.jpg'
17.3535 	EXP 	image: image = 'game.jpg'
17.3711 	EXP 	image: image = 'game.jpg'
17.3857 	EXP 	image: image = 'game.jpg'
17.4041 	EXP 	image: image = 'game.jpg'
17.4187 	EXP 	image: image = 'game.jpg'
17.4351 	EXP 	image: image = 'game.jpg'
17.4530 	EXP 	image: image = 'game.jpg'
17.4693 	EXP 	image: image = 'game.jpg'
17.4851 	EXP 	image: image = 'game.jpg'
17.5030 	EXP 	image: image = 'game.jpg'
17.5207 	EXP 	image: image = 'game.jpg'
17.5361 	EXP 	image: image = 'game.jpg'
17.5526 	EXP 	image: image = 'game.jpg'
17.5692 	EXP 	image: image = 'game.jpg'
17.5859 	EXP 	image: image = 'game.jpg'
17.6137 	EXP 	image: image = 'game.jpg'
17.6272 	EXP 	image: image = 'game.jpg'
17.6396 	EXP 	image: image = 'game.jpg'
17.6540 	EXP 	image: image = 'game.jpg'
17.6707 	EXP 	image: image = 'game.jpg'
17.6884 	EXP 	image: image = 'game.jpg'
17.7047 	EXP 	image: image = 'game.jpg'
17.7213 	EXP 	image: image = 'game.jpg'
17.7372 	EXP 	image: image = 'game.jpg'
17.7553 	EXP 	image: image = 'game.jpg'
17.7714 	EXP 	image: image = 'game.jpg'
17.7905 	EXP 	image: image = 'game.jpg'
17.8044 	EXP 	image: image = 'game.jpg'
17.8206 	EXP 	image: image = 'game.jpg'
17.8390 	EXP 	image: image = 'game.jpg'
17.8545 	EXP 	image: image = 'game.jpg'
17.8707 	EXP 	image: image = 'game.jpg'
17.8874 	EXP 	image: image = 'game.jpg'
17.9049 	EXP 	image: image = 'game.jpg'
17.9295 	EXP 	image: image = 'game.jpg'
17.9375 	EXP 	image: image = 'game.jpg'
17.9549 	EXP 	image: image = 'game.jpg'
17.9716 	EXP 	image: image = 'game.jpg'
17.9865 	EXP 	image: image = 'game.jpg'
18.0038 	EXP 	image: image = 'game.jpg'
18.0207 	EXP 	image: image = 'game.jpg'
18.0365 	EXP 	image: image = 'game.jpg'
18.0539 	EXP 	image: image = 'game.jpg'
18.0715 	EXP 	image: image = 'game.jpg'
18.0872 	EXP 	image: image = 'game.jpg'
18.1043 	EXP 	image: image = 'game.jpg'
18.1208 	EXP 	image: image = 'game.jpg'
18.1376 	EXP 	image: image = 'game.jpg'
18.1537 	EXP 	image: image = 'game.jpg'
18.1814 	EXP 	image: image = 'game.jpg'
18.1917 	EXP 	image: image = 'game.jpg'
18.2127 	EXP 	image: image = 'game.jpg'
18.2216 	EXP 	image: image = 'game.jpg'
18.2454 	EXP 	image: image = 'game.jpg'
18.2570 	EXP 	image: image = 'game.jpg'
18.2722 	EXP 	image: image = 'game.jpg'
18.2883 	EXP 	image: image = 'game.jpg'
18.3059 	EXP 	image: image = 'game.jpg'
18.3223 	EXP 	image: image = 'game.jpg'
18.3382 	EXP 	image: image = 'game.jpg'
18.3562 	EXP 	image: image = 'game.jpg'
18.3717 	EXP 	image: image = 'game.jpg'
18.3905 	EXP 	image: image = 'game.jpg'
18.4045 	EXP 	image: image = 'game.jpg'
18.4216 	EXP 	image: image = 'game.jpg'
18.4393 	EXP 	image: image = 'game.jpg'
18.4555 	EXP 	image: image = 'game.jpg'
18.4718 	EXP 	image: image = 'game.jpg'
18.4887 	EXP 	image: image = 'game.jpg'
18.5056 	EXP 	image: image = 'game.jpg'
18.5212 	EXP 	image: image = 'game.jpg'
18.5385 	EXP 	image: image = 'game.jpg'
18.5559 	EXP 	image: image = 'game.jpg'
18.5729 	EXP 	image: image = 'game.jpg'
18.5892 	EXP 	image: image = 'game.jpg'
18.6050 	EXP 	image: image = 'game.jpg'
18.6216 	EXP 	image: image = 'game.jpg'
18.6387 	EXP 	image: image = 'game.jpg'
18.6555 	EXP 	image: image = 'game.jpg'
18.6723 	EXP 	image: image = 'game.jpg'
18.6883 	EXP 	image: image = 'game.jpg'
18.7052 	EXP 	image: image = 'game.jpg'
18.7220 	EXP 	image: image = 'game.jpg'
18.7387 	EXP 	image: image = 'game.jpg'
18.7552 	EXP 	image: image = 'game.jpg'
18.7719 	EXP 	image: image = 'game.jpg'
18.7884 	EXP 	image: image = 'game.jpg'
18.8051 	EXP 	image: image = 'game.jpg'
18.8218 	EXP 	image: image = 'game.jpg'
18.8372 	EXP 	image: image = 'game.jpg'
18.8558 	EXP 	image: image = 'game.jpg'
18.8719 	EXP 	image: image = 'game.jpg'
18.8892 	EXP 	image: image = 'game.jpg'
18.9061 	EXP 	image: image = 'game.jpg'
18.9219 	EXP 	image: image = 'game.jpg'
18.9385 	EXP 	image: image = 'game.jpg'
18.9565 	EXP 	image: image = 'game.jpg'
18.9719 	EXP 	image: image = 'game.jpg'
18.9891 	EXP 	image: image = 'game.jpg'
19.0185 	EXP 	image: image = 'game.jpg'
19.0283 	EXP 	image: image = 'game.jpg'
19.0424 	EXP 	image: image = 'game.jpg'
19.0589 	EXP 	image: image = 'game.jpg'
19.0756 	EXP 	image: image = 'game.jpg'
19.0925 	EXP 	image: image = 'game.jpg'
19.1088 	EXP 	image: image = 'game.jpg'
19.1267 	EXP 	image: image = 'game.jpg'
19.1419 	EXP 	image: image = 'game.jpg'
19.1582 	EXP 	image: image = 'game.jpg'
19.1785 	EXP 	image: image = 'game.jpg'
19.1928 	EXP 	image: image = 'game.jpg'
19.2092 	EXP 	image: image = 'game.jpg'
19.2256 	EXP 	image: image = 'game.jpg'
19.2419 	EXP 	image: image = 'game.jpg'
19.2590 	EXP 	image: image = 'game.jpg'
19.2759 	EXP 	image: image = 'game.jpg'
19.2926 	EXP 	image: image = 'game.jpg'
19.3089 	EXP 	image: image = 'game.jpg'
19.3256 	EXP 	image: image = 'game.jpg'
19.3431 	EXP 	image: image = 'game.jpg'
19.3589 	EXP 	image: image = 'game.jpg'
19.3753 	EXP 	image: image = 'game.jpg'
19.3924 	EXP 	image: image = 'game.jpg'
19.4100 	EXP 	image: image = 'game.jpg'
19.4254 	EXP 	image: image = 'game.jpg'
19.4421 	EXP 	image: image = 'game.jpg'
19.4601 	EXP 	image: image = 'game.jpg'
19.4759 	EXP 	image: image = 'game.jpg'
19.4922 	EXP 	image: image = 'game.jpg'
19.5095 	EXP 	image: image = 'game.jpg'
19.5256 	EXP 	image: image = 'game.jpg'
19.5429 	EXP 	image: image = 'game.jpg'
19.5586 	EXP 	image: image = 'game.jpg'
19.5758 	EXP 	image: image = 'game.jpg'
19.5927 	EXP 	image: image = 'game.jpg'
19.6082 	EXP 	image: image = 'game.jpg'
19.6255 	EXP 	image: image = 'game.jpg'
19.6446 	EXP 	image: image = 'game.jpg'
19.6596 	EXP 	image: image = 'game.jpg'
19.6757 	EXP 	image: image = 'game.jpg'
19.6919 	EXP 	image: image = 'game.jpg'
19.7096 	EXP 	image: image = 'game.jpg'
19.7255 	EXP 	image: image = 'game.jpg'
19.7558 	EXP 	image: image = 'game.jpg'
19.7661 	EXP 	image: image = 'game.jpg'
19.7787 	EXP 	image: image = 'game.jpg'
19.7957 	EXP 	image: image = 'game.jpg'
19.8189 	EXP 	image: image = 'game.jpg'
19.8336 	EXP 	image: image = 'game.jpg'
19.8515 	EXP 	image: image = 'game.jpg'
19.8632 	EXP 	image: image = 'game.jpg'
19.8828 	EXP 	image: image = 'game.jpg'
19.8958 	EXP 	image: image = 'game.jpg'
19.9187 	EXP 	image: image = 'game.jpg'
19.9298 	EXP 	image: image = 'game.jpg'
19.9497 	EXP 	image: image = 'game.jpg'
19.9628 	EXP 	image: image = 'game.jpg'
19.9788 	EXP 	image: image = 'game.jpg'
19.9958 	EXP 	image: image = 'game.jpg'
20.0131 	EXP 	image: image = 'game.jpg'
20.0297 	EXP 	image: image = 'game.jpg'
20.0456 	EXP 	image: image = 'game.jpg'
20.0627 	EXP 	image: image = 'game.jpg'
20.0837 	EXP 	image: image = 'game.jpg'
20.0965 	EXP 	image: image = 'game.jpg'
20.1133 	EXP 	image: image = 'game.jpg'
20.1306 	EXP 	image: image = 'game.jpg'
20.1460 	EXP 	image: image = 'game.jpg'
20.1811 	EXP 	image: image = 'game.jpg'
20.1876 	EXP 	image: image = 'game.jpg'
20.2048 	EXP 	image: image = 'game.jpg'
20.2222 	EXP 	image: image = 'game.jpg'
20.2369 	EXP 	image: image = 'game.jpg'
20.2551 	EXP 	image: image = 'game.jpg'
20.2719 	EXP 	image: image = 'game.jpg'
20.2883 	EXP 	image: image = 'game.jpg'
20.3074 	EXP 	image: image = 'game.jpg'
20.3224 	EXP 	image: image = 'game.jpg'
20.3391 	EXP 	image: image = 'game.jpg'
20.3541 	EXP 	image: image = 'game.jpg'
20.3711 	EXP 	image: image = 'game.jpg'
20.3879 	EXP 	image: image = 'game.jpg'
20.4047 	EXP 	image: image = 'game.jpg'
20.4267 	EXP 	image: image = 'game.jpg'
20.4398 	EXP 	image: image = 'game.jpg'
20.4535 	EXP 	image: image = 'game.jpg'
20.4705 	EXP 	image: image = 'game.jpg'
20.4876 	EXP 	image: image = 'game.jpg'
20.5053 	EXP 	image: image = 'game.jpg'
20.5207 	EXP 	image: image = 'game.jpg'
20.5376 	EXP 	image: image = 'game.jpg'
20.5546 	EXP 	image: image = 'game.jpg'
20.5700 	EXP 	image: image = 'game.jpg'
20.5877 	EXP 	image: image = 'game.jpg'
20.6058 	EXP 	image: image = 'game.jpg'
20.6346 	EXP 	image: image = 'game.jpg'
20.6408 	EXP 	image: image = 'game.jpg'
20.6581 	EXP 	image: image = 'game.jpg'
20.6755 	EXP 	image: image = 'game.jpg'
20.6900 	EXP 	image: image = 'game.jpg'
20.7085 	EXP 	image: image = 'game.jpg'
20.7247 	EXP 	image: image = 'game.jpg'
20.7408 	EXP 	image: image = 'game.jpg'
20.7591 	EXP 	image: image = 'game.jpg'
20.7753 	EXP 	image: image = 'game.jpg'
20.7931 	EXP 	image: image = 'game.jpg'
20.8076 	EXP 	image: image = 'game.jpg'
20.8252 	EXP 	image: image = 'game.jpg'
20.8425 	EXP 	image: image = 'game.jpg'
20.8578 	EXP 	image: image = 'game.jpg'
20.8751 	EXP 	image: image = 'game.jpg'
20.8914 	EXP 	image: image = 'game.jpg'
20.9077 	EXP 	image: image = 'game.jpg'
20.9242 	EXP 	image: image = 'game.jpg'
20.9412 	EXP 	image: image = 'game.jpg'
20.9588 	EXP 	image: image = 'game.jpg'
20.9751 	EXP 	image: image = 'game.jpg'
20.9923 	EXP 	image: image = 'game.jpg'
21.0114 	EXP 	image: image = 'game.jpg'
21.0240 	EXP 	image: image = 'game.jpg'
21.0448 	EXP 	image: image = 'game.jpg'
21.0584 	EXP 	image: image = 'game.jpg'
21.0760 	EXP 	image: image = 'game.jpg'
21.0908 	EXP 	image: image = 'game.jpg'
21.1074 	EXP 	image: image = 'game.jpg'
21.1245 	EXP 	image: image = 'game.jpg'
21.1450 	EXP 	image: image = 'game.jpg'
21.1579 	EXP 	image: image = 'game.jpg'
21.1739 	EXP 	image: image = 'game.jpg'
21.1912 	EXP 	image: image = 'game.jpg'
21.2076 	EXP 	image: image = 'game.jpg'
21.2269 	EXP 	image: image = 'game.jpg'
21.2412 	EXP 	image: image = 'game.jpg'
21.2572 	EXP 	image: image = 'game.jpg'
21.2748 	EXP 	image: image = 'game.jpg'
21.2926 	EXP 	image: image = 'game.jpg'
21.3078 	EXP 	image: image = 'game.jpg'
21.3246 	EXP 	image: image = 'game.jpg'
21.3526 	EXP 	image: image = 'game.jpg'
21.3586 	EXP 	image: image = 'game.jpg'
21.3752 	EXP 	image: image = 'game.jpg'
21.3940 	EXP 	image: image = 'game.jpg'
21.4096 	EXP 	image: image = 'game.jpg'
21.4260 	EXP 	image: image = 'game.jpg'
21.4438 	EXP 	image: image = 'game.jpg'
21.4596 	EXP 	image: image = 'game.jpg'
21.4750 	EXP 	image: image = 'game.jpg'
21.4929 	EXP 	image: image = 'game.jpg'
21.5098 	EXP 	image: image = 'game.jpg'
21.5261 	EXP 	image: image = 'game.jpg'
21.5429 	EXP 	image: image = 'game.jpg'
21.5596 	EXP 	image: image = 'game.jpg'
21.5759 	EXP 	image: image = 'game.jpg'
21.5926 	EXP 	image: image = 'game.jpg'
21.6081 	EXP 	image: image = 'game.jpg'
21.6260 	EXP 	image: image = 'game.jpg'
21.6420 	EXP 	image: image = 'game.jpg'
21.6615 	EXP 	image: image = 'game.jpg'
21.6790 	EXP 	image: image = 'game.jpg'
21.6945 	EXP 	image: image = 'game.jpg'
21.7082 	EXP 	image: image = 'game.jpg'
21.7257 	EXP 	image: image = 'game.jpg'
21.7429 	EXP 	image: image = 'game.jpg'
21.7595 	EXP 	image: image = 'game.jpg'
21.7749 	EXP 	image: image = 'game.jpg'
21.7933 	EXP 	image: image = 'game.jpg'
21.8101 	EXP 	image: image = 'game.jpg'
21.8271 	EXP 	image: image = 'game.jpg'
21.8430 	EXP 	image: image = 'game.jpg'
21.8586 	EXP 	image: image = 'game.jpg'
21.8759 	EXP 	image: image = 'game.jpg'
21.8929 	EXP 	image: image = 'game.jpg'
21.9114 	EXP 	image: image = 'game.jpg'
21.9265 	EXP 	image: image = 'game.jpg'
21.9418 	EXP 	image: image = 'game.jpg'
21.9601 	EXP 	image: image = 'game.jpg'
21.9761 	EXP 	image: image = 'game.jpg'
21.9926 	EXP 	image: image = 'game.jpg'
22.0086 	EXP 	image: image = 'game.jpg'
22.0267 	EXP 	image: image = 'game.jpg'
22.0442 	EXP 	image: image = 'game.jpg'
22.0587 	EXP 	image: image = 'game.jpg'
22.0771 	EXP 	image: image = 'game.jpg'
22.0993 	EXP 	image: image = 'game.jpg'
22.1106 	EXP 	image: image = 'game.jpg'
22.1273 	EXP 	image: image = 'game.jpg'
22.1460 	EXP 	image: image = 'game.jpg'
22.1590 	EXP 	image: image = 'game.jpg'
22.1756 	EXP 	image: image = 'game.jpg'
22.1940 	EXP 	image: image = 'game.jpg'
22.2079 	EXP 	image: image = 'game.jpg'
22.2442 	EXP 	image: image = 'game.jpg'
22.2581 	EXP 	image: image = 'game.jpg'
22.2705 	EXP 	image: image = 'game.jpg'
22.2862 	EXP 	image: image = 'game.jpg'
22.3029 	EXP 	image: image = 'game.jpg'
22.3197 	EXP 	image: image = 'game.jpg'
22.3351 	EXP 	image: image = 'game.jpg'
22.3526 	EXP 	image: image = 'game.jpg'
22.3691 	EXP 	image: image = 'game.jpg'
22.3857 	EXP 	image: image = 'game.jpg'
22.4021 	EXP 	image: image = 'game.jpg'
22.4198 	EXP 	image: image = 'game.jpg'
22.4352 	EXP 	image: image = 'game.jpg'
22.4523 	EXP 	image: image = 'game.jpg'
22.4693 	EXP 	image: image = 'game.jpg'
22.4858 	EXP 	image: image = 'game.jpg'
22.5025 	EXP 	image: image = 'game.jpg'
22.5194 	EXP 	image: image = 'game.jpg'
22.5361 	EXP 	image: image = 'game.jpg'
22.5532 	EXP 	image: image = 'game.jpg'
22.5688 	EXP 	image: image = 'game.jpg'
22.5851 	EXP 	image: image = 'game.jpg'
22.6019 	EXP 	image: image = 'game.jpg'
22.6192 	EXP 	image: image = 'game.jpg'
22.6359 	EXP 	image: image = 'game.jpg'
22.6526 	EXP 	image: image = 'game.jpg'
22.6688 	EXP 	image: image = 'game.jpg'
22.6851 	EXP 	image: image = 'game.jpg'
22.7029 	EXP 	image: image = 'game.jpg'
22.7192 	EXP 	image: image = 'game.jpg'
22.7359 	EXP 	image: image = 'game.jpg'
22.7516 	EXP 	image: image = 'game.jpg'
22.7688 	EXP 	image: image = 'game.jpg'
22.7853 	EXP 	image: image = 'game.jpg'
22.8022 	EXP 	image: image = 'game.jpg'
22.8185 	EXP 	image: image = 'game.jpg'
22.8353 	EXP 	image: image = 'game.jpg'
22.8529 	EXP 	image: image = 'game.jpg'
22.8696 	EXP 	image: image = 'game.jpg'
22.8850 	EXP 	image: image = 'game.jpg'
22.9020 	EXP 	image: image = 'game.jpg'
22.9199 	EXP 	image: image = 'game.jpg'
22.9367 	EXP 	image: image = 'game.jpg'
22.9528 	EXP 	image: image = 'game.jpg'
22.9688 	EXP 	image: image = 'game.jpg'
22.9857 	EXP 	image: image = 'game.jpg'
23.0017 	EXP 	image: image = 'game.jpg'
23.0186 	EXP 	image: image = 'game.jpg'
23.0355 	EXP 	image: image = 'game.jpg'
23.0516 	EXP 	image: image = 'game.jpg'
23.0688 	EXP 	image: image = 'game.jpg'
23.0856 	EXP 	image: image = 'game.jpg'
23.1026 	EXP 	image: image = 'game.jpg'
23.1180 	EXP 	image: image = 'game.jpg'
23.1355 	EXP 	image: image = 'game.jpg'
23.1510 	EXP 	image: image = 'game.jpg'
23.1673 	EXP 	image: image = 'game.jpg'
23.1853 	EXP 	image: image = 'game.jpg'
23.2014 	EXP 	image: image = 'game.jpg'
23.2192 	EXP 	image: image = 'game.jpg'
23.2357 	EXP 	image: image = 'game.jpg'
23.2515 	EXP 	image: image = 'game.jpg'
23.2692 	EXP 	image: image = 'game.jpg'
23.2856 	EXP 	image: image = 'game.jpg'
23.3011 	EXP 	image: image = 'game.jpg'
23.3189 	EXP 	image: image = 'game.jpg'
23.3381 	EXP 	image: image = 'game.jpg'
23.3604 	EXP 	image: image = 'game.jpg'
23.3687 	EXP 	image: image = 'game.jpg'
23.3849 	EXP 	image: image = 'game.jpg'
23.4061 	EXP 	image: image = 'game.jpg'
23.4183 	EXP 	image: image = 'game.jpg'
23.4361 	EXP 	image: image = 'game.jpg'
23.4529 	EXP 	image: image = 'game.jpg'
23.4701 	EXP 	image: image = 'game.jpg'
23.4886 	EXP 	image: image = 'game.jpg'
23.5029 	EXP 	image: image = 'game.jpg'
23.5187 	EXP 	image: image = 'game.jpg'
23.5356 	EXP 	image: image = 'game.jpg'
23.5707 	EXP 	image: image = 'game.jpg'
23.5773 	EXP 	image: image = 'game.jpg'
23.5951 	EXP 	image: image = 'game.jpg'
23.6112 	EXP 	image: image = 'game.jpg'
23.6269 	EXP 	image: image = 'game.jpg'
23.6438 	EXP 	image: image = 'game.jpg'
23.6615 	EXP 	image: image = 'game.jpg'
23.6829 	EXP 	image: image = 'game.jpg'
23.6974 	EXP 	image: image = 'game.jpg'
23.7115 	EXP 	image: image = 'game.jpg'
23.7292 	EXP 	image: image = 'game.jpg'
23.7449 	EXP 	image: image = 'game.jpg'
23.7620 	EXP 	image: image = 'game.jpg'
23.7776 	EXP 	image: image = 'game.jpg'
23.7941 	EXP 	image: image = 'game.jpg'
23.8115 	EXP 	image: image = 'game.jpg'
23.8285 	EXP 	image: image = 'game.jpg'
23.8435 	EXP 	image: image = 'game.jpg'
23.8601 	EXP 	image: image = 'game.jpg'
23.8780 	EXP 	image: image = 'game.jpg'
23.8947 	EXP 	image: image = 'game.jpg'
23.9128 	EXP 	image: image = 'game.jpg'
23.9279 	EXP 	image: image = 'game.jpg'
23.9434 	EXP 	image: image = 'game.jpg'
23.9614 	EXP 	image: image = 'game.jpg'
23.9788 	EXP 	image: image = 'game.jpg'
23.9939 	EXP 	image: image = 'game.jpg'
24.0108 	EXP 	image: image = 'game.jpg'
24.0426 	EXP 	image: image = 'game.jpg'
24.0548 	EXP 	image: image = 'game.jpg'
24.0677 	EXP 	image: image = 'game.jpg'
24.0837 	EXP 	image: image = 'game.jpg'
24.0997 	EXP 	image: image = 'game.jpg'
24.1172 	EXP 	image: image = 'game.jpg'
24.1336 	EXP 	image: image = 'game.jpg'
24.1510 	EXP 	image: image = 'game.jpg'
24.1681 	EXP 	image: image = 'game.jpg'
24.1832 	EXP 	image: image = 'game.jpg'
24.2010 	EXP 	image: image = 'game.jpg'
24.2227 	EXP 	image: image = 'game.jpg'
24.2332 	EXP 	image: image = 'game.jpg'
24.2540 	EXP 	image: image = 'game.jpg'
24.2665 	EXP 	image: image = 'game.jpg'
24.2839 	EXP 	image: image = 'game.jpg'
24.3009 	EXP 	image: image = 'game.jpg'
24.3180 	EXP 	image: image = 'game.jpg'
24.3346 	EXP 	image: image = 'game.jpg'
24.3512 	EXP 	image: image = 'game.jpg'
24.3660 	EXP 	image: image = 'game.jpg'
24.3832 	EXP 	image: image = 'game.jpg'
